==============================================================
File generated by Vivado(TM) HLS - High-Level Synthesis from C, C++ and SystemC
Version: 2018.2
Copyright (C) 1986-2018 Xilinx, Inc. All Rights Reserved.

==============================================================

INFO: [SYN 201-201] Setting up clock 'default' with a period of 10ns.
INFO: [HLS 200-10] Setting target device to 'xc7z020clg484-1'
INFO: [SYN 201-201] Setting up clock 'default' with a period of 10ns.
INFO: [HLS 200-10] Analyzing design file 'hls/conv.cpp' ... 
INFO: [HLS 200-111] Finished Linking Time (s): cpu = 00:00:38 ; elapsed = 00:00:41 . Memory (MB): peak = 375.723 ; gain = 0.172 ; free physical = 1022 ; free virtual = 7192
INFO: [HLS 200-111] Finished Checking Pragmas Time (s): cpu = 00:00:38 ; elapsed = 00:00:41 . Memory (MB): peak = 375.723 ; gain = 0.172 ; free physical = 1022 ; free virtual = 7192
INFO: [HLS 200-10] Starting code transformations ...
INFO: [XFORM 203-603] Inlining function 'ap_fixed_base<55, 31, false, (ap_q_mode)5, (ap_o_mode)3, 0>::operator<<' into 'generic_cast_IEEE754<unsigned char, (ap_q_mode)6, float>' (/wrk/2018.2/continuous/2018_06_14_2258646/src/products/hls/hls_lib/hlsmath/include/FloatingPoint/hls_case_IEEE754.h:61).
INFO: [XFORM 203-603] Inlining function 'ap_fixed_base<1, 9, false, (ap_q_mode)5, (ap_o_mode)0, 0>::overflow_adjust' into 'ap_fixed_base<1, 9, false, (ap_q_mode)5, (ap_o_mode)0, 0>::ap_fixed_base<55, 31, false, (ap_q_mode)5, (ap_o_mode)3, 0>' ().
INFO: [HLS 200-111] Finished Standard Transforms Time (s): cpu = 00:00:40 ; elapsed = 00:00:43 . Memory (MB): peak = 506.902 ; gain = 131.352 ; free physical = 952 ; free virtual = 7138
INFO: [HLS 200-10] Checking synthesizability ...
INFO: [XFORM 203-602] Inlining function '_ZN9fp_structIdEC2Ed17' into '_ZN9fp_structIdEC1Ed15' (/wrk/2018.2/continuous/2018_06_14_2258646/src/products/hls/src/technology/autopilot/header_files/utils/x_hls_utils.h:442) automatically.
INFO: [XFORM 203-602] Inlining function 'fp_struct<double>::data' into 'fp_struct<double>::to_double' (/wrk/2018.2/continuous/2018_06_14_2258646/src/products/hls/src/technology/autopilot/header_files/utils/x_hls_utils.h:475) automatically.
INFO: [XFORM 203-602] Inlining function 'fp_struct<double>::to_double' into 'fp_struct<double>::to_ieee' (/wrk/2018.2/continuous/2018_06_14_2258646/src/products/hls/src/technology/autopilot/header_files/utils/x_hls_utils.h:489) automatically.
INFO: [XFORM 203-602] Inlining function '_ZN9fp_structIdEC1Ed15' into 'generic_copysign<double>' (/wrk/2018.2/continuous/2018_06_14_2258646/src/products/hls/hls_lib/hlsmath/include/FloatingPoint/hls_copysign.h:11) automatically.
INFO: [XFORM 203-602] Inlining function 'fp_struct<double>::to_ieee' into 'generic_copysign<double>' (/wrk/2018.2/continuous/2018_06_14_2258646/src/products/hls/hls_lib/hlsmath/include/FloatingPoint/hls_copysign.h:13) automatically.
INFO: [XFORM 203-602] Inlining function 'generic_copysign<double>' into 'generic_fabs<double>' (/wrk/2018.2/continuous/2018_06_14_2258646/src/products/hls/hls_lib/hlsmath/include/FloatingPoint/hls_fabs.h:12) automatically.
INFO: [XFORM 203-602] Inlining function 'generic_fabs<double>' into 'fabs' (/wrk/2018.2/continuous/2018_06_14_2258646/src/products/hls/hls_lib/hlsmath/src/c/fabsdouble.cpp:7) automatically.
INFO: [XFORM 203-602] Inlining function 'fp_struct<float>::mantissa' into 'generic_cast_IEEE754<unsigned char, (ap_q_mode)6, float>' (/wrk/2018.2/continuous/2018_06_14_2258646/src/products/hls/hls_lib/hlsmath/include/FloatingPoint/hls_case_IEEE754.h:58) automatically.
INFO: [XFORM 203-602] Inlining function 'fp_struct<float>::expv' into 'generic_cast_IEEE754<unsigned char, (ap_q_mode)6, float>' (/wrk/2018.2/continuous/2018_06_14_2258646/src/products/hls/hls_lib/hlsmath/include/FloatingPoint/hls_case_IEEE754.h:61) automatically.
INFO: [XFORM 203-602] Inlining function 'fp_struct<float>::__signbit' into 'generic_cast_IEEE754<unsigned char, (ap_q_mode)6, float>' (/wrk/2018.2/continuous/2018_06_14_2258646/src/products/hls/hls_lib/hlsmath/include/FloatingPoint/hls_case_IEEE754.h:81) automatically.
INFO: [XFORM 203-602] Inlining function 'generic_cast_IEEE754<unsigned char, (ap_q_mode)6, float>' into 'generic_cast_IEEE754<unsigned char, float>' (/wrk/2018.2/continuous/2018_06_14_2258646/src/products/hls/hls_lib/hlsmath/include/FloatingPoint/hls_case_IEEE754.h:98) automatically.
INFO: [XFORM 203-602] Inlining function 'generic_cast_IEEE754<unsigned char, float>' into '__hls_fptoui_float_i8' (/wrk/2018.2/continuous/2018_06_14_2258646/src/products/hls/hls_lib/hlsmath/src/lib_floatconversion.cpp:62) automatically.
INFO: [XFORM 203-602] Inlining function 'fabs' into 'conv' (hls/conv.cpp:56) automatically.
INFO: [XFORM 203-602] Inlining function '__hls_fptoui_float_i8' into 'conv' (hls/conv.cpp:56) automatically.
INFO: [HLS 200-111] Finished Checking Synthesizability Time (s): cpu = 00:00:40 ; elapsed = 00:00:43 . Memory (MB): peak = 570.188 ; gain = 194.637 ; free physical = 897 ; free virtual = 7093
INFO: [XFORM 203-502] Unrolling all sub-loops inside loop 'Loop-2.1' (hls/conv.cpp:29) in function 'conv' for pipelining.
INFO: [XFORM 203-501] Unrolling loop 'Loop-2.1.1' (hls/conv.cpp:32) in function 'conv' completely.
INFO: [XFORM 203-501] Unrolling loop 'Loop-2.1.1.1' (hls/conv.cpp:36) in function 'conv' completely.
INFO: [XFORM 203-501] Unrolling loop 'Loop-2.1.1.1.1' (hls/conv.cpp:41) in function 'conv' completely.
INFO: [XFORM 203-102] Partitioning array 'newImage' (hls/conv.cpp:13) in dimension 1 automatically.
INFO: [XFORM 203-602] Inlining function '_ZN9fp_structIdEC2Ed17' into '_ZN9fp_structIdEC1Ed15' (/wrk/2018.2/continuous/2018_06_14_2258646/src/products/hls/src/technology/autopilot/header_files/utils/x_hls_utils.h:442) automatically.
INFO: [XFORM 203-602] Inlining function 'fp_struct<double>::data' into 'fp_struct<double>::to_double' (/wrk/2018.2/continuous/2018_06_14_2258646/src/products/hls/src/technology/autopilot/header_files/utils/x_hls_utils.h:475) automatically.
INFO: [XFORM 203-602] Inlining function 'fp_struct<double>::to_double' into 'fp_struct<double>::to_ieee' (/wrk/2018.2/continuous/2018_06_14_2258646/src/products/hls/src/technology/autopilot/header_files/utils/x_hls_utils.h:489) automatically.
INFO: [XFORM 203-602] Inlining function '_ZN9fp_structIdEC1Ed15' into 'generic_copysign<double>' (/wrk/2018.2/continuous/2018_06_14_2258646/src/products/hls/hls_lib/hlsmath/include/FloatingPoint/hls_copysign.h:11) automatically.
INFO: [XFORM 203-602] Inlining function 'fp_struct<double>::to_ieee' into 'generic_copysign<double>' (/wrk/2018.2/continuous/2018_06_14_2258646/src/products/hls/hls_lib/hlsmath/include/FloatingPoint/hls_copysign.h:13) automatically.
INFO: [XFORM 203-602] Inlining function 'generic_copysign<double>' into 'generic_fabs<double>' (/wrk/2018.2/continuous/2018_06_14_2258646/src/products/hls/hls_lib/hlsmath/include/FloatingPoint/hls_fabs.h:12) automatically.
INFO: [XFORM 203-602] Inlining function 'generic_fabs<double>' into 'fabs' (/wrk/2018.2/continuous/2018_06_14_2258646/src/products/hls/hls_lib/hlsmath/src/c/fabsdouble.cpp:7) automatically.
INFO: [XFORM 203-602] Inlining function 'fp_struct<float>::mantissa' into 'generic_cast_IEEE754<unsigned char, (ap_q_mode)6, float>' (/wrk/2018.2/continuous/2018_06_14_2258646/src/products/hls/hls_lib/hlsmath/include/FloatingPoint/hls_case_IEEE754.h:58) automatically.
INFO: [XFORM 203-602] Inlining function 'fp_struct<float>::expv' into 'generic_cast_IEEE754<unsigned char, (ap_q_mode)6, float>' (/wrk/2018.2/continuous/2018_06_14_2258646/src/products/hls/hls_lib/hlsmath/include/FloatingPoint/hls_case_IEEE754.h:61) automatically.
INFO: [XFORM 203-602] Inlining function 'generic_cast_IEEE754<unsigned char, (ap_q_mode)6, float>' into 'generic_cast_IEEE754<unsigned char, float>' (/wrk/2018.2/continuous/2018_06_14_2258646/src/products/hls/hls_lib/hlsmath/include/FloatingPoint/hls_case_IEEE754.h:98) automatically.
INFO: [XFORM 203-602] Inlining function 'generic_cast_IEEE754<unsigned char, float>' into '__hls_fptoui_float_i8' (/wrk/2018.2/continuous/2018_06_14_2258646/src/products/hls/hls_lib/hlsmath/src/lib_floatconversion.cpp:62) automatically.
INFO: [XFORM 203-602] Inlining function 'fabs' into 'conv' (hls/conv.cpp:56) automatically.
INFO: [XFORM 203-602] Inlining function '__hls_fptoui_float_i8' into 'conv' (hls/conv.cpp:56) automatically.
INFO: [XFORM 203-401] Performing if-conversion on hyperblock from (hls/conv.cpp:30:10) to (hls/conv.cpp:29:27) in function 'conv'... converting 49 basic blocks.
==============================================================
File generated by Vivado(TM) HLS - High-Level Synthesis from C, C++ and SystemC
Version: 2018.2
Copyright (C) 1986-2018 Xilinx, Inc. All Rights Reserved.

==============================================================

==============================================================
File generated by Vivado(TM) HLS - High-Level Synthesis from C, C++ and SystemC
Version: 2018.2
Copyright (C) 1986-2018 Xilinx, Inc. All Rights Reserved.

==============================================================

INFO: [SYN 201-201] Setting up clock 'default' with a period of 10ns.
INFO: [HLS 200-10] Setting target device to 'xc7z020clg484-1'
INFO: [SYN 201-201] Setting up clock 'default' with a period of 10ns.
INFO: [HLS 200-10] Analyzing design file 'hls/conv.cpp' ... 
INFO: [HLS 200-111] Finished Linking Time (s): cpu = 00:00:40 ; elapsed = 00:00:42 . Memory (MB): peak = 375.719 ; gain = 0.172 ; free physical = 919 ; free virtual = 7159
INFO: [HLS 200-111] Finished Checking Pragmas Time (s): cpu = 00:00:40 ; elapsed = 00:00:42 . Memory (MB): peak = 375.719 ; gain = 0.172 ; free physical = 919 ; free virtual = 7159
INFO: [HLS 200-10] Starting code transformations ...
INFO: [XFORM 203-603] Inlining function 'ap_fixed_base<55, 31, false, (ap_q_mode)5, (ap_o_mode)3, 0>::operator<<' into 'generic_cast_IEEE754<unsigned char, (ap_q_mode)6, float>' (/wrk/2018.2/continuous/2018_06_14_2258646/src/products/hls/hls_lib/hlsmath/include/FloatingPoint/hls_case_IEEE754.h:61).
INFO: [XFORM 203-603] Inlining function 'ap_fixed_base<1, 9, false, (ap_q_mode)5, (ap_o_mode)0, 0>::overflow_adjust' into 'ap_fixed_base<1, 9, false, (ap_q_mode)5, (ap_o_mode)0, 0>::ap_fixed_base<55, 31, false, (ap_q_mode)5, (ap_o_mode)3, 0>' ().
INFO: [HLS 200-111] Finished Standard Transforms Time (s): cpu = 00:00:42 ; elapsed = 00:00:44 . Memory (MB): peak = 506.898 ; gain = 131.352 ; free physical = 849 ; free virtual = 7105
INFO: [HLS 200-10] Checking synthesizability ...
INFO: [XFORM 203-602] Inlining function '_ZN9fp_structIdEC2Ed17' into '_ZN9fp_structIdEC1Ed15' (/wrk/2018.2/continuous/2018_06_14_2258646/src/products/hls/src/technology/autopilot/header_files/utils/x_hls_utils.h:442) automatically.
INFO: [XFORM 203-602] Inlining function 'fp_struct<double>::data' into 'fp_struct<double>::to_double' (/wrk/2018.2/continuous/2018_06_14_2258646/src/products/hls/src/technology/autopilot/header_files/utils/x_hls_utils.h:475) automatically.
INFO: [XFORM 203-602] Inlining function 'fp_struct<double>::to_double' into 'fp_struct<double>::to_ieee' (/wrk/2018.2/continuous/2018_06_14_2258646/src/products/hls/src/technology/autopilot/header_files/utils/x_hls_utils.h:489) automatically.
INFO: [XFORM 203-602] Inlining function '_ZN9fp_structIdEC1Ed15' into 'generic_copysign<double>' (/wrk/2018.2/continuous/2018_06_14_2258646/src/products/hls/hls_lib/hlsmath/include/FloatingPoint/hls_copysign.h:11) automatically.
INFO: [XFORM 203-602] Inlining function 'fp_struct<double>::to_ieee' into 'generic_copysign<double>' (/wrk/2018.2/continuous/2018_06_14_2258646/src/products/hls/hls_lib/hlsmath/include/FloatingPoint/hls_copysign.h:13) automatically.
INFO: [XFORM 203-602] Inlining function 'generic_copysign<double>' into 'generic_fabs<double>' (/wrk/2018.2/continuous/2018_06_14_2258646/src/products/hls/hls_lib/hlsmath/include/FloatingPoint/hls_fabs.h:12) automatically.
INFO: [XFORM 203-602] Inlining function 'generic_fabs<double>' into 'fabs' (/wrk/2018.2/continuous/2018_06_14_2258646/src/products/hls/hls_lib/hlsmath/src/c/fabsdouble.cpp:7) automatically.
INFO: [XFORM 203-602] Inlining function 'fp_struct<float>::mantissa' into 'generic_cast_IEEE754<unsigned char, (ap_q_mode)6, float>' (/wrk/2018.2/continuous/2018_06_14_2258646/src/products/hls/hls_lib/hlsmath/include/FloatingPoint/hls_case_IEEE754.h:58) automatically.
INFO: [XFORM 203-602] Inlining function 'fp_struct<float>::expv' into 'generic_cast_IEEE754<unsigned char, (ap_q_mode)6, float>' (/wrk/2018.2/continuous/2018_06_14_2258646/src/products/hls/hls_lib/hlsmath/include/FloatingPoint/hls_case_IEEE754.h:61) automatically.
INFO: [XFORM 203-602] Inlining function 'fp_struct<float>::__signbit' into 'generic_cast_IEEE754<unsigned char, (ap_q_mode)6, float>' (/wrk/2018.2/continuous/2018_06_14_2258646/src/products/hls/hls_lib/hlsmath/include/FloatingPoint/hls_case_IEEE754.h:81) automatically.
INFO: [XFORM 203-602] Inlining function 'generic_cast_IEEE754<unsigned char, (ap_q_mode)6, float>' into 'generic_cast_IEEE754<unsigned char, float>' (/wrk/2018.2/continuous/2018_06_14_2258646/src/products/hls/hls_lib/hlsmath/include/FloatingPoint/hls_case_IEEE754.h:98) automatically.
INFO: [XFORM 203-602] Inlining function 'generic_cast_IEEE754<unsigned char, float>' into '__hls_fptoui_float_i8' (/wrk/2018.2/continuous/2018_06_14_2258646/src/products/hls/hls_lib/hlsmath/src/lib_floatconversion.cpp:62) automatically.
INFO: [XFORM 203-602] Inlining function 'fabs' into 'conv' (hls/conv.cpp:56) automatically.
INFO: [XFORM 203-602] Inlining function '__hls_fptoui_float_i8' into 'conv' (hls/conv.cpp:56) automatically.
INFO: [HLS 200-111] Finished Checking Synthesizability Time (s): cpu = 00:00:43 ; elapsed = 00:00:45 . Memory (MB): peak = 570.184 ; gain = 194.637 ; free physical = 795 ; free virtual = 7061
INFO: [XFORM 203-502] Unrolling all sub-loops inside loop 'Loop-2.1' (hls/conv.cpp:29) in function 'conv' for pipelining.
INFO: [XFORM 203-501] Unrolling loop 'Loop-2.1.1' (hls/conv.cpp:32) in function 'conv' completely.
WARNING: [XFORM 203-503] Cannot unroll loop 'Loop-2.1.1.1' (hls/conv.cpp:36) in function 'conv': cannot completely unroll a loop with a variable trip count.
WARNING: [XFORM 203-503] Cannot unroll loop 'Loop-2.1.1.1.1' (hls/conv.cpp:41) in function 'conv': cannot completely unroll a loop with a variable trip count.
INFO: [XFORM 203-102] Partitioning array 'newImage' (hls/conv.cpp:13) in dimension 1 automatically.
INFO: [XFORM 203-602] Inlining function '_ZN9fp_structIdEC2Ed17' into '_ZN9fp_structIdEC1Ed15' (/wrk/2018.2/continuous/2018_06_14_2258646/src/products/hls/src/technology/autopilot/header_files/utils/x_hls_utils.h:442) automatically.
INFO: [XFORM 203-602] Inlining function 'fp_struct<double>::data' into 'fp_struct<double>::to_double' (/wrk/2018.2/continuous/2018_06_14_2258646/src/products/hls/src/technology/autopilot/header_files/utils/x_hls_utils.h:475) automatically.
INFO: [XFORM 203-602] Inlining function 'fp_struct<double>::to_double' into 'fp_struct<double>::to_ieee' (/wrk/2018.2/continuous/2018_06_14_2258646/src/products/hls/src/technology/autopilot/header_files/utils/x_hls_utils.h:489) automatically.
INFO: [XFORM 203-602] Inlining function '_ZN9fp_structIdEC1Ed15' into 'generic_copysign<double>' (/wrk/2018.2/continuous/2018_06_14_2258646/src/products/hls/hls_lib/hlsmath/include/FloatingPoint/hls_copysign.h:11) automatically.
INFO: [XFORM 203-602] Inlining function 'fp_struct<double>::to_ieee' into 'generic_copysign<double>' (/wrk/2018.2/continuous/2018_06_14_2258646/src/products/hls/hls_lib/hlsmath/include/FloatingPoint/hls_copysign.h:13) automatically.
INFO: [XFORM 203-602] Inlining function 'generic_copysign<double>' into 'generic_fabs<double>' (/wrk/2018.2/continuous/2018_06_14_2258646/src/products/hls/hls_lib/hlsmath/include/FloatingPoint/hls_fabs.h:12) automatically.
INFO: [XFORM 203-602] Inlining function 'generic_fabs<double>' into 'fabs' (/wrk/2018.2/continuous/2018_06_14_2258646/src/products/hls/hls_lib/hlsmath/src/c/fabsdouble.cpp:7) automatically.
INFO: [XFORM 203-602] Inlining function 'fp_struct<float>::mantissa' into 'generic_cast_IEEE754<unsigned char, (ap_q_mode)6, float>' (/wrk/2018.2/continuous/2018_06_14_2258646/src/products/hls/hls_lib/hlsmath/include/FloatingPoint/hls_case_IEEE754.h:58) automatically.
INFO: [XFORM 203-602] Inlining function 'fp_struct<float>::expv' into 'generic_cast_IEEE754<unsigned char, (ap_q_mode)6, float>' (/wrk/2018.2/continuous/2018_06_14_2258646/src/products/hls/hls_lib/hlsmath/include/FloatingPoint/hls_case_IEEE754.h:61) automatically.
INFO: [XFORM 203-602] Inlining function 'generic_cast_IEEE754<unsigned char, (ap_q_mode)6, float>' into 'generic_cast_IEEE754<unsigned char, float>' (/wrk/2018.2/continuous/2018_06_14_2258646/src/products/hls/hls_lib/hlsmath/include/FloatingPoint/hls_case_IEEE754.h:98) automatically.
INFO: [XFORM 203-602] Inlining function 'generic_cast_IEEE754<unsigned char, float>' into '__hls_fptoui_float_i8' (/wrk/2018.2/continuous/2018_06_14_2258646/src/products/hls/hls_lib/hlsmath/src/lib_floatconversion.cpp:62) automatically.
INFO: [XFORM 203-602] Inlining function 'fabs' into 'conv' (hls/conv.cpp:56) automatically.
INFO: [XFORM 203-602] Inlining function '__hls_fptoui_float_i8' into 'conv' (hls/conv.cpp:56) automatically.
==============================================================
File generated by Vivado(TM) HLS - High-Level Synthesis from C, C++ and SystemC
Version: 2018.2
Copyright (C) 1986-2018 Xilinx, Inc. All Rights Reserved.

==============================================================

