INFO-FLOW: Workspace /storage/Documenti/Didattica/hpc/esercitazioni/hpc_eserc_04/hls/solution1 opened at Sat Apr 27 16:41:34 CEST 2019
Execute     config_clock -quiet -name default -period 10 -default=false 
INFO: [SYN 201-201] Setting up clock 'default' with a period of 10ns.
Execute     open_platform DefaultPlatform 
Execute     import_lib /storage/Programmi/Xilinx/Vivado/2018.2/common/technology/xilinx/zynq/zynq 
Execute       source /storage/Programmi/Xilinx/Vivado/2018.2/common/technology/xilinx/common/xilinx.lib 
Execute         source /storage/Programmi/Xilinx/Vivado/2018.2/common/technology/xilinx/interface/xilinx_interface.lib 
Execute           source /storage/Programmi/Xilinx/Vivado/2018.2/common/technology/xilinx/interface/plb46.lib 
Execute           source /storage/Programmi/Xilinx/Vivado/2018.2/common/technology/xilinx/interface/fsl.lib 
Execute           source /storage/Programmi/Xilinx/Vivado/2018.2/common/technology/xilinx/interface/axi4.lib 
Execute           source /storage/Programmi/Xilinx/Vivado/2018.2/common/technology/xilinx/interface/maxi.lib 
Execute           source /storage/Programmi/Xilinx/Vivado/2018.2/common/technology/xilinx/interface/saxilite.lib 
Execute         source /storage/Programmi/Xilinx/Vivado/2018.2/common/technology/xilinx/common/dsp48.lib 
Execute         source /storage/Programmi/Xilinx/Vivado/2018.2/common/technology/xilinx/ip/dds_compiler.lib 
Execute         source /storage/Programmi/Xilinx/Vivado/2018.2/common/technology/xilinx/ip/xfft.lib 
Execute         source /storage/Programmi/Xilinx/Vivado/2018.2/common/technology/xilinx/ip/xfir.lib 
Execute       source /storage/Programmi/Xilinx/Vivado/2018.2/common/technology/xilinx/common/xilinx_old.lib 
Execute       source /storage/Programmi/Xilinx/Vivado/2018.2/common/technology/xilinx/common/xilinx_vivado.lib 
Execute       source /storage/Programmi/Xilinx/Vivado/2018.2/common/technology/xilinx/common/xilinx.hlp 
Execute         source /storage/Programmi/Xilinx/Vivado/2018.2/common/technology/xilinx/common/target_info.tcl 
Execute         source /storage/Programmi/Xilinx/Vivado/2018.2/common/technology/xilinx/interface/xilinx_interface.hlp 
Execute           source /storage/Programmi/Xilinx/Vivado/2018.2/common/technology/xilinx/interface/maxi.hlp 
Execute           source /storage/Programmi/Xilinx/Vivado/2018.2/common/technology/xilinx/interface/saxilite.hlp 
Execute         source /storage/Programmi/Xilinx/Vivado/2018.2/common/technology/xilinx/common/dsp48.hlp 
Execute       source /storage/Programmi/Xilinx/Vivado/2018.2/common/technology/xilinx/zynq/dsp48e1.hlp 
Execute       get_default_platform 
Execute       config_chip_info -quiet -resource  {SLICE 13300}  {LUT 53200}     {FF 106400} {DSP48E 220}   {BRAM 280}  
Execute       config_chip_info -quiet -speed medium 
Execute       source /storage/Programmi/Xilinx/Vivado/2018.2/common/technology/xilinx/common/xilinx.hlp 
Execute         source /storage/Programmi/Xilinx/Vivado/2018.2/common/technology/xilinx/common/target_info.tcl 
Execute         source /storage/Programmi/Xilinx/Vivado/2018.2/common/technology/xilinx/interface/xilinx_interface.hlp 
Execute           source /storage/Programmi/Xilinx/Vivado/2018.2/common/technology/xilinx/interface/maxi.hlp 
Execute           source /storage/Programmi/Xilinx/Vivado/2018.2/common/technology/xilinx/interface/saxilite.hlp 
Execute         source /storage/Programmi/Xilinx/Vivado/2018.2/common/technology/xilinx/common/dsp48.hlp 
Execute     source /storage/Programmi/Xilinx/Vivado/2018.2/common/technology/xilinx/zynq/zynq.gen 
Execute       source /storage/Programmi/Xilinx/Vivado/2018.2/common/technology/xilinx/common/virtex.gen 
Execute         source /storage/Programmi/Xilinx/Vivado/2018.2/common/technology/xilinx/common/xilinx.gen 
Execute           source /storage/Programmi/Xilinx/Vivado/2018.2/common/technology/xilinx/interface/plb46.gen 
Execute           source /storage/Programmi/Xilinx/Vivado/2018.2/common/technology/xilinx/interface/fsl.gen 
Execute           source /storage/Programmi/Xilinx/Vivado/2018.2/common/technology/xilinx/interface/axi4.gen 
Execute           source /storage/Programmi/Xilinx/Vivado/2018.2/common/technology/xilinx/interface/nativeAXI4.gen 
Execute             source /storage/Programmi/Xilinx/Vivado/2018.2/common/technology/xilinx/interface/saxilite.gen 
Execute             source /storage/Programmi/Xilinx/Vivado/2018.2/common/technology/xilinx/interface/maxi.gen 
Execute           source /storage/Programmi/Xilinx/Vivado/2018.2/common/technology/xilinx/scripts/xilinxcoregen.gen 
Execute           source /storage/Programmi/Xilinx/Vivado/2018.2/common/technology/xilinx/interface/XilEDKCoreGen.gen 
Execute           source /storage/Programmi/Xilinx/Vivado/2018.2/common/technology/xilinx/ip/dds_compiler.gen 
Execute           source /storage/Programmi/Xilinx/Vivado/2018.2/common/technology/xilinx/ip/util.gen 
Execute           source /storage/Programmi/Xilinx/Vivado/2018.2/common/technology/xilinx/ip/xfft.gen 
Execute           source /storage/Programmi/Xilinx/Vivado/2018.2/common/technology/xilinx/ip/xfir.gen 
Execute         source /storage/Programmi/Xilinx/Vivado/2018.2/common/technology/xilinx/common/dsp48.gen 
Execute     open_platform DefaultPlatform 
Execute     import_lib /storage/Programmi/Xilinx/Vivado/2018.2/common/technology/xilinx/zynq/zynq_fpv6 
Execute       source /storage/Programmi/Xilinx/Vivado/2018.2/common/technology/xilinx/common/xilinx_fpv7.lib 
Execute         source /storage/Programmi/Xilinx/Vivado/2018.2/common/technology/xilinx/common/xilinx_hp.lib 
Execute       source /storage/Programmi/Xilinx/Vivado/2018.2/common/technology/xilinx/common/xilinx_fpv.hlp 
Execute         source /storage/Programmi/Xilinx/Vivado/2018.2/common/technology/xilinx/common/xilinx.hlp 
Execute           source /storage/Programmi/Xilinx/Vivado/2018.2/common/technology/xilinx/common/target_info.tcl 
Execute           source /storage/Programmi/Xilinx/Vivado/2018.2/common/technology/xilinx/interface/xilinx_interface.hlp 
Execute             source /storage/Programmi/Xilinx/Vivado/2018.2/common/technology/xilinx/interface/maxi.hlp 
Execute             source /storage/Programmi/Xilinx/Vivado/2018.2/common/technology/xilinx/interface/saxilite.hlp 
Execute           source /storage/Programmi/Xilinx/Vivado/2018.2/common/technology/xilinx/common/dsp48.hlp 
Execute       source /storage/Programmi/Xilinx/Vivado/2018.2/common/technology/xilinx/zynq/zynq_hp.hlp 
Execute     source /storage/Programmi/Xilinx/Vivado/2018.2/common/technology/xilinx/zynq/zynq_fpv6.gen 
Execute       source /storage/Programmi/Xilinx/Vivado/2018.2/common/technology/xilinx/common/xilinx_fpv6.gen 
Execute     set_part xc7z020clg484-1 
Execute       add_library xilinx/zynq/zynq:xc7z020:clg484:-1 
Execute         get_default_platform 
Execute         license_isbetapart xc7z020 
Command         license_isbetapart done; error code: 1; 
Execute         get_default_platform 
Execute         config_chip_info -quiet -resource  {SLICE 13300}  {LUT 53200}     {FF 106400} {DSP48E 220}   {BRAM 280}  
Execute         config_chip_info -quiet -speed slow 
Execute       add_library xilinx/zynq/zynq_fpv6 
Execute         get_default_platform 
INFO: [HLS 200-10] Setting target device to 'xc7z020clg484-1'
Execute       get_default_platform 
Execute     get_default_platform 
Execute     config_chip_info -quiet -resource  {SLICE 13300}  {LUT 53200}     {FF 106400} {DSP48E 220}   {BRAM 280}  
Execute     config_chip_info -quiet -speed slow 
Command   open_solution done; 0.19 sec.
Execute   set_part xc7z020clg484-1 -tool vivado 
Execute     add_library xilinx/zynq/zynq:xc7z020:clg484:-1 
Execute       get_default_platform 
Execute       license_isbetapart xc7z020 
Command       license_isbetapart done; error code: 1; 
Execute       get_default_platform 
Execute       config_chip_info -quiet -resource  {SLICE 13300}  {LUT 53200}     {FF 106400} {DSP48E 220}   {BRAM 280}  
Execute       config_chip_info -quiet -speed slow 
Execute     add_library xilinx/zynq/zynq_fpv6 
Execute       get_default_platform 
Execute     get_default_platform 
Execute   create_clock -period 10 -name default 
Execute     config_clock -quiet -name default -period 10 -default=false 
INFO: [SYN 201-201] Setting up clock 'default' with a period of 10ns.
Execute   csynth_design 
Execute     get_config_compile -effort 
Execute     get_config_compile -enable_clang39 
Execute     get_config_compile -g 
Execute     get_config_compile -lm 
Execute     get_config_compile -ng 
Execute     get_config_compile -opt_fp 
Execute     get_config_compile -skip_cdt 
Execute     get_config_compile -skip_syncheck 
Execute     get_config_compile -skip_transform 
Execute     get_config_compile -keep_printf 
Execute     elaborate -effort=medium -skip_syncheck=0 -keep_printf=0 -lm=0 -skip_cdt=0 -skip_transform=0 -ng=0 -g=0 -opt_fp=0 -from_csynth_design=1 
Execute       get_config_schedule -relax_ii_for_timing 
Execute       get_config_schedule -suppress_dependence_error_break 
INFO: [HLS 200-10] Analyzing design file 'hls/conv.cpp' ... 
INFO-FLOW: Compiling one TU...
Execute       is_m_axi_addr64 
INFO-FLOW: Handling hls/conv.cpp as C++
Execute       get_default_platform 
Execute       is_encrypted hls/conv.cpp 
Execute       get_default_platform 
INFO-FLOW: Source preprocessing
Execute       clang  -fno-limit-debug-info -gcc-toolchain "/storage/Programmi/Xilinx/Vivado/2018.2/lnx64/tools/gcc" -hls  -fno-exceptions  -D__llvm__  -E "hls/conv.cpp"     -fno-math-errno -c -emit-llvm -O0  -mllvm -disable-llvm-optzns -fno-threadsafe-statics  -fno-use-cxa-atexit  -fno-threadsafe-statics -fno-use-cxa-atexit -D__CLANG_3_1__ -DAESL_SYN -D__SYNTHESIS__ -D__HLS_SYN__ -I "/storage/Programmi/Xilinx/Vivado/2018.2/common/technology/autopilot" -I "/storage/Programmi/Xilinx/Vivado/2018.2/common/technology/autopilot/ap_sysc" -include etc/autopilot_ssdm_op.h -D__DSP48E1__  -o "/storage/Documenti/Didattica/hpc/esercitazioni/hpc_eserc_04/hls/solution1/.autopilot/db/conv.pp.0.cpp" 
INFO-FLOW: exec /storage/Programmi/Xilinx/Vivado/2018.2/lnx64/tools/clang/bin/clang -fno-limit-debug-info -gcc-toolchain /storage/Programmi/Xilinx/Vivado/2018.2/lnx64/tools/gcc -hls -fno-exceptions -D__llvm__ -E hls/conv.cpp -fno-math-errno -c -emit-llvm -O0 -mllvm -disable-llvm-optzns -fno-threadsafe-statics -fno-use-cxa-atexit -fno-threadsafe-statics -fno-use-cxa-atexit -D__CLANG_3_1__ -DAESL_SYN -D__SYNTHESIS__ -D__HLS_SYN__ -I /storage/Programmi/Xilinx/Vivado/2018.2/common/technology/autopilot -I /storage/Programmi/Xilinx/Vivado/2018.2/common/technology/autopilot/ap_sysc -include etc/autopilot_ssdm_op.h -D__DSP48E1__ -o /storage/Documenti/Didattica/hpc/esercitazioni/hpc_eserc_04/hls/solution1/.autopilot/db/conv.pp.0.cpp
Command       clang done; 1.28 sec.
INFO-FLOW: Syntax Checking before pre-processing...
Execute       clang  -fno-limit-debug-info -gcc-toolchain "/storage/Programmi/Xilinx/Vivado/2018.2/lnx64/tools/gcc" -hls    -fno-math-errno -c -emit-llvm -O0  -mllvm -disable-llvm-optzns -fno-threadsafe-statics  -fno-use-cxa-atexit  -fno-threadsafe-statics -fno-use-cxa-atexit -D__CLANG_3_1__ -DAESL_SYN -D__SYNTHESIS__ -D__HLS_SYN__ -I "/storage/Programmi/Xilinx/Vivado/2018.2/common/technology/autopilot" -I "/storage/Programmi/Xilinx/Vivado/2018.2/common/technology/autopilot/ap_sysc" -include etc/autopilot_ssdm_op.h -D__DSP48E1__  "/storage/Documenti/Didattica/hpc/esercitazioni/hpc_eserc_04/hls/solution1/.autopilot/db/conv.pp.0.cpp"  -o "/storage/Documenti/Didattica/hpc/esercitazioni/hpc_eserc_04/hls/solution1/.autopilot/db/useless.bc"  
INFO-FLOW: exec /storage/Programmi/Xilinx/Vivado/2018.2/lnx64/tools/clang/bin/clang -fno-limit-debug-info -gcc-toolchain /storage/Programmi/Xilinx/Vivado/2018.2/lnx64/tools/gcc -hls -fno-math-errno -c -emit-llvm -O0 -mllvm -disable-llvm-optzns -fno-threadsafe-statics -fno-use-cxa-atexit -fno-threadsafe-statics -fno-use-cxa-atexit -D__CLANG_3_1__ -DAESL_SYN -D__SYNTHESIS__ -D__HLS_SYN__ -I /storage/Programmi/Xilinx/Vivado/2018.2/common/technology/autopilot -I /storage/Programmi/Xilinx/Vivado/2018.2/common/technology/autopilot/ap_sysc -include etc/autopilot_ssdm_op.h -D__DSP48E1__ /storage/Documenti/Didattica/hpc/esercitazioni/hpc_eserc_04/hls/solution1/.autopilot/db/conv.pp.0.cpp -o /storage/Documenti/Didattica/hpc/esercitazioni/hpc_eserc_04/hls/solution1/.autopilot/db/useless.bc
Command       clang done; 3.49 sec.
INFO-FLOW: GCC PP time: 4 seconds per iteration
Execute       list_core -type functional_unit 
Execute       tidy_31 xilinx-systemc-detector /storage/Documenti/Didattica/hpc/esercitazioni/hpc_eserc_04/hls/solution1/.autopilot/db/conv.pp.0.cpp std=gnu++98 -directive=/storage/Documenti/Didattica/hpc/esercitazioni/hpc_eserc_04/hls/solution1/.autopilot/db/.systemc_flag 
INFO-FLOW: exec /storage/Programmi/Xilinx/Vivado/2018.2/lnx64/tools/clang-3.9-csynth/bin/tidy-3.1 -header-filter=.* --checks=-*,xilinx-systemc-detector -import-directive=/storage/Documenti/Didattica/hpc/esercitazioni/hpc_eserc_04/hls/solution1/.autopilot/db/.systemc_flag -quiet -fix-errors /storage/Documenti/Didattica/hpc/esercitazioni/hpc_eserc_04/hls/solution1/.autopilot/db/conv.pp.0.cpp -- -std=gnu++98 -fhls -ferror-limit=0
Command       tidy_31 done; 4.14 sec.
INFO-FLOW: CDT Preprocessing with tidy-3.1...
Execute       tidy_31 xilinx-directive2pragma /storage/Documenti/Didattica/hpc/esercitazioni/hpc_eserc_04/hls/solution1/.autopilot/db/conv.pp.0.cpp std=gnu++98 -directive=/storage/Documenti/Didattica/hpc/esercitazioni/hpc_eserc_04/hls/solution1/solution1.json 
INFO-FLOW: exec /storage/Programmi/Xilinx/Vivado/2018.2/lnx64/tools/clang-3.9-csynth/bin/tidy-3.1 -header-filter=.* --checks=-*,xilinx-directive2pragma -import-directive=/storage/Documenti/Didattica/hpc/esercitazioni/hpc_eserc_04/hls/solution1/solution1.json -quiet -fix-errors /storage/Documenti/Didattica/hpc/esercitazioni/hpc_eserc_04/hls/solution1/.autopilot/db/conv.pp.0.cpp -- -std=gnu++98 -fhls -ferror-limit=0
Command       tidy_31 done; 4.1 sec.
Execute       get_config_dataflow -strict_mode 
Execute       ap_eval exec -ignorestderr /storage/Programmi/Xilinx/Vivado/2018.2/lnx64/tools/clang-3.9-csynth/bin/xilinx-dataflow-lawyer -export-fixes=/storage/Documenti/Didattica/hpc/esercitazioni/hpc_eserc_04/hls/solution1/.autopilot/db/xilinx-dataflow-lawyer.conv.pp.0.cpp.diag.yml /storage/Documenti/Didattica/hpc/esercitazioni/hpc_eserc_04/hls/solution1/.autopilot/db/conv.pp.0.cpp -- -std=gnu++98 -fhls -ferror-limit=0 -fstrict-dataflow > /storage/Documenti/Didattica/hpc/esercitazioni/hpc_eserc_04/hls/solution1/.autopilot/db/xilinx-dataflow-lawyer.conv.pp.0.cpp.out.log 2> /storage/Documenti/Didattica/hpc/esercitazioni/hpc_eserc_04/hls/solution1/.autopilot/db/xilinx-dataflow-lawyer.conv.pp.0.cpp.err.log 
Command       ap_eval done; 2.46 sec.
Execute       tidy_31 -errorcheck xilinx-constantarray-param,xilinx-resource-pragma-transformer /storage/Documenti/Didattica/hpc/esercitazioni/hpc_eserc_04/hls/solution1/.autopilot/db/conv.pp.0.cpp std=gnu++98 
INFO-FLOW: exec /storage/Programmi/Xilinx/Vivado/2018.2/lnx64/tools/clang-3.9-csynth/bin/tidy-3.1 -header-filter=.* --checks=-*,xilinx-constantarray-param,xilinx-resource-pragma-transformer -quiet -fix-errors /storage/Documenti/Didattica/hpc/esercitazioni/hpc_eserc_04/hls/solution1/.autopilot/db/conv.pp.0.cpp -- -std=gnu++98 -fhls -ferror-limit=0
INFO-FLOW: exec /storage/Programmi/Xilinx/Vivado/2018.2/lnx64/tools/clang-3.9-csynth/bin/xilinx-legacy-rewriter /storage/Documenti/Didattica/hpc/esercitazioni/hpc_eserc_04/hls/solution1/.autopilot/db/conv.pp.0.cpp -- -std=gnu++98 -fhls -ferror-limit=0
Command       tidy_31 done; 9.78 sec.
INFO-FLOW: tidy-3.1 time 16 seconds per iteration
INFO-FLOW: Pragma Handling...
Execute       tidy_31 xilinx-ssdm-intrinsics-arguments /storage/Documenti/Didattica/hpc/esercitazioni/hpc_eserc_04/hls/solution1/.autopilot/db/conv.pragma.1.cpp std=gnu++98 
INFO-FLOW: exec /storage/Programmi/Xilinx/Vivado/2018.2/lnx64/tools/clang-3.9-csynth/bin/tidy-3.1 -header-filter=.* --checks=-*,xilinx-ssdm-intrinsics-arguments -quiet -fix-errors /storage/Documenti/Didattica/hpc/esercitazioni/hpc_eserc_04/hls/solution1/.autopilot/db/conv.pragma.1.cpp -- -std=gnu++98 -fhls -ferror-limit=0
Command       tidy_31 done; 7.83 sec.
INFO-FLOW: Source preprocessing
Execute       clang  -fno-limit-debug-info -gcc-toolchain "/storage/Programmi/Xilinx/Vivado/2018.2/lnx64/tools/gcc" -hls  -fno-exceptions  -D__llvm__  -E "/storage/Documenti/Didattica/hpc/esercitazioni/hpc_eserc_04/hls/solution1/.autopilot/db/conv.pragma.1.cpp"     -fno-math-errno -c -emit-llvm -O0  -mllvm -disable-llvm-optzns -fno-threadsafe-statics  -fno-use-cxa-atexit  -fno-threadsafe-statics -fno-use-cxa-atexit -D__CLANG_3_1__ -DAESL_SYN -D__SYNTHESIS__ -D__HLS_SYN__ -I "/storage/Programmi/Xilinx/Vivado/2018.2/common/technology/autopilot" -I "/storage/Programmi/Xilinx/Vivado/2018.2/common/technology/autopilot/ap_sysc" -include etc/autopilot_ssdm_op.h -D__DSP48E1__  -o "/storage/Documenti/Didattica/hpc/esercitazioni/hpc_eserc_04/hls/solution1/.autopilot/db/conv.pragma.2.cpp" 
INFO-FLOW: exec /storage/Programmi/Xilinx/Vivado/2018.2/lnx64/tools/clang/bin/clang -fno-limit-debug-info -gcc-toolchain /storage/Programmi/Xilinx/Vivado/2018.2/lnx64/tools/gcc -hls -fno-exceptions -D__llvm__ -E /storage/Documenti/Didattica/hpc/esercitazioni/hpc_eserc_04/hls/solution1/.autopilot/db/conv.pragma.1.cpp -fno-math-errno -c -emit-llvm -O0 -mllvm -disable-llvm-optzns -fno-threadsafe-statics -fno-use-cxa-atexit -fno-threadsafe-statics -fno-use-cxa-atexit -D__CLANG_3_1__ -DAESL_SYN -D__SYNTHESIS__ -D__HLS_SYN__ -I /storage/Programmi/Xilinx/Vivado/2018.2/common/technology/autopilot -I /storage/Programmi/Xilinx/Vivado/2018.2/common/technology/autopilot/ap_sysc -include etc/autopilot_ssdm_op.h -D__DSP48E1__ -o /storage/Documenti/Didattica/hpc/esercitazioni/hpc_eserc_04/hls/solution1/.autopilot/db/conv.pragma.2.cpp
Command       clang done; 2.53 sec.
Execute       get_default_platform 
INFO-FLOW: Processing labels
Execute       clang -src /storage/Documenti/Didattica/hpc/esercitazioni/hpc_eserc_04/hls/solution1/.autopilot/db/conv.pragma.2.cpp  -fno-limit-debug-info -gcc-toolchain /storage/Programmi/Xilinx/Vivado/2018.2/lnx64/tools/gcc -hls -hls-analyze-label -hls-analyze-pragma -fno-exceptions  -D__llvm__  -w  "/storage/Documenti/Didattica/hpc/esercitazioni/hpc_eserc_04/hls/solution1/.autopilot/db/conv.pragma.2.cpp"    -fno-math-errno -c -emit-llvm -O0  -mllvm -disable-llvm-optzns -fno-threadsafe-statics  -fno-use-cxa-atexit -DAESL_SYN -D__SYNTHESIS__ -D__HLS_SYN__ -I "/storage/Programmi/Xilinx/Vivado/2018.2/common/technology/autopilot" -I "/storage/Programmi/Xilinx/Vivado/2018.2/common/technology/autopilot/ap_sysc" -include etc/autopilot_ssdm_op.h -D__DSP48E1__ -g -o "/storage/Documenti/Didattica/hpc/esercitazioni/hpc_eserc_04/hls/solution1/.autopilot/db/conv.bc" 
INFO-FLOW: exec /storage/Programmi/Xilinx/Vivado/2018.2/lnx64/tools/clang/bin/clang -fno-limit-debug-info -gcc-toolchain /storage/Programmi/Xilinx/Vivado/2018.2/lnx64/tools/gcc -hls -hls-analyze-label -hls-analyze-pragma -fno-exceptions -D__llvm__ -w /storage/Documenti/Didattica/hpc/esercitazioni/hpc_eserc_04/hls/solution1/.autopilot/db/conv.pragma.2.cpp -fno-math-errno -c -emit-llvm -O0 -mllvm -disable-llvm-optzns -fno-threadsafe-statics -fno-use-cxa-atexit -DAESL_SYN -D__SYNTHESIS__ -D__HLS_SYN__ -I /storage/Programmi/Xilinx/Vivado/2018.2/common/technology/autopilot -I /storage/Programmi/Xilinx/Vivado/2018.2/common/technology/autopilot/ap_sysc -include etc/autopilot_ssdm_op.h -D__DSP48E1__ -g -o /storage/Documenti/Didattica/hpc/esercitazioni/hpc_eserc_04/hls/solution1/.autopilot/db/conv.bc
Command       clang done; 3.86 sec.
INFO-FLOW: Linking Debug ...
Execute       llvm-ld /storage/Documenti/Didattica/hpc/esercitazioni/hpc_eserc_04/hls/solution1/.autopilot/db/conv.g.bc -hls-opt -except-internalize conv -L/storage/Programmi/Xilinx/Vivado/2018.2/lnx64/lib -lhlsm -lhlsmc++ -o /storage/Documenti/Didattica/hpc/esercitazioni/hpc_eserc_04/hls/solution1/.autopilot/db/a.g 
Command       llvm-ld done; 1.48 sec.
INFO: [HLS 200-111] Finished Linking Time (s): cpu = 00:00:40 ; elapsed = 00:00:42 . Memory (MB): peak = 375.719 ; gain = 0.172 ; free physical = 919 ; free virtual = 7159
INFO: [HLS 200-111] Finished Checking Pragmas Time (s): cpu = 00:00:40 ; elapsed = 00:00:42 . Memory (MB): peak = 375.719 ; gain = 0.172 ; free physical = 919 ; free virtual = 7159
Execute       ::config_rtl 
Execute       opt_and_import_c a -opt_level=2 -skip_syncheck=0 -ng=0 -keep_printf=0 
Execute         cleanup_all_models 
INFO: [HLS 200-10] Starting code transformations ...
Execute         transform -promote-dbg-pointer /storage/Documenti/Didattica/hpc/esercitazioni/hpc_eserc_04/hls/solution1/.autopilot/db/a.pp.bc -o /storage/Documenti/Didattica/hpc/esercitazioni/hpc_eserc_04/hls/solution1/.autopilot/db/a.pp.0.bc -f 
Command         transform done; 0.11 sec.
Execute         llvm-ld /storage/Documenti/Didattica/hpc/esercitazioni/hpc_eserc_04/hls/solution1/.autopilot/db/a.pp.0.bc -disable-opt -L/storage/Programmi/Xilinx/Vivado/2018.2/lnx64/lib -lfloatconversion -o /storage/Documenti/Didattica/hpc/esercitazioni/hpc_eserc_04/hls/solution1/.autopilot/db/a.g.0 
Command         llvm-ld done; 1.63 sec.
INFO-FLOW: Running Standard Transforms...
Execute         transform -hls -share-std-xform -demangle-name -inline-byval-memcpy -always-inline -promote-dbg-pointer -interface-preproc -scalarrepl -mem2reg -keep-read-access -instcombine -dce -promote-dbg-pointer -bitop-raise -loop-simplify -indvarspre -indvars -loop-simplify -xunroll -constprop -instcombine -simplifycfg -indvars -simplifycfg -dce -globaldce -basicaa -simplifycfg -mem2reg -globalopt -global-constprop -deadargelim -instcombine -simplifycfg -prune-eh -simplifycfg -scalarrepl -instcombine -reassociate -licm -simplifycfg -loop-simplify -indvars -instcombine -simplifycfg -mem2reg -loop-simplify -indvars -instcombine -gvn -gvn -instcombine -adce -break-crit-edges -simplifycfg -loop-delete -global-array-opt -dce -dse -adce -find-syn-modules -top conv -deadargelim -mem2reg -instcombine -dce -presyn-prepare -auto-rom-infer -interface-preproc -syn-check -check-rec-only -find-region -simplifycfg -func-extr -function-inline -globaldce -mem2reg -instcombine -dce -gvn -globaldce -adce -adse -constprop -instcombine -bit-constprop -instcombine -dce -simplifycfg -bitop-raise -simplifycfg -dce -loop-delete -reassociate -globalopt -global-privatize -mem2reg -dce -global-constprop -pointer-simplify -constprop -dce -func-inst -deadargelim -auto-shift-reg-idiom -promote-dbg-pointer -norm-name /storage/Documenti/Didattica/hpc/esercitazioni/hpc_eserc_04/hls/solution1/.autopilot/db/a.g.0.bc -o /storage/Documenti/Didattica/hpc/esercitazioni/hpc_eserc_04/hls/solution1/.autopilot/db/a.g.1.bc -f -phase std-opt 
INFO: [XFORM 203-603] Inlining function 'ap_fixed_base<55, 31, false, (ap_q_mode)5, (ap_o_mode)3, 0>::operator<<' into 'generic_cast_IEEE754<unsigned char, (ap_q_mode)6, float>' (/wrk/2018.2/continuous/2018_06_14_2258646/src/products/hls/hls_lib/hlsmath/include/FloatingPoint/hls_case_IEEE754.h:61).
INFO: [XFORM 203-603] Inlining function 'ap_fixed_base<1, 9, false, (ap_q_mode)5, (ap_o_mode)0, 0>::overflow_adjust' into 'ap_fixed_base<1, 9, false, (ap_q_mode)5, (ap_o_mode)0, 0>::ap_fixed_base<55, 31, false, (ap_q_mode)5, (ap_o_mode)3, 0>' ().
Command         transform done; 0.66 sec.
INFO: [HLS 200-111] Finished Standard Transforms Time (s): cpu = 00:00:42 ; elapsed = 00:00:44 . Memory (MB): peak = 506.898 ; gain = 131.352 ; free physical = 849 ; free virtual = 7105
INFO: [HLS 200-10] Checking synthesizability ...
INFO-FLOW: Checking Synthesizability 1/2..
Execute         transform -hls -syn-check -check-rec-only -disaggr -scalarrepl -norm-name -dce -mem2reg -instcombine -function-uniquify -directive-preproc -mem2reg -dse -dce -auto-rom-infer -dce -array-normalize -instcombine -dce -warn-fifo-pointer -array-seg-normalize -instcombine -dce -array-flatten -instcombine -dce -array-burst -dce -deadargelim -promote-global-argument -simplifycfg -mem2reg -globaldce -resolve-double-ptr -dce -deadargelim -dce -instcombine -function-inline -globaldce -dce -doublePtrSimplify -doublePtrElim -dce -doublePtrSimplify -promote-dbg-pointer -dce -scalarrepl -dse -adse -instcombine -ptrLegalization -simplifycfg -dce -instcombine -pointer-simplify -ptrArgReplace -dce -instcombine -disaggr -scalarrepl -norm-name -dce -mem2reg -instcombine -ptrLegalization -simplifycfg -deadargelim -instcombine -dce -inst-simplify -function-uniquify -directive-preproc -mem2reg -dse -dce -globaldce /storage/Documenti/Didattica/hpc/esercitazioni/hpc_eserc_04/hls/solution1/.autopilot/db/a.g.1.bc -o /storage/Documenti/Didattica/hpc/esercitazioni/hpc_eserc_04/hls/solution1/.autopilot/db/a.g.2.prechk.bc -f 
INFO: [XFORM 203-602] Inlining function '_ZN9fp_structIdEC2Ed17' into '_ZN9fp_structIdEC1Ed15' (/wrk/2018.2/continuous/2018_06_14_2258646/src/products/hls/src/technology/autopilot/header_files/utils/x_hls_utils.h:442) automatically.
INFO: [XFORM 203-602] Inlining function 'fp_struct<double>::data' into 'fp_struct<double>::to_double' (/wrk/2018.2/continuous/2018_06_14_2258646/src/products/hls/src/technology/autopilot/header_files/utils/x_hls_utils.h:475) automatically.
INFO: [XFORM 203-602] Inlining function 'fp_struct<double>::to_double' into 'fp_struct<double>::to_ieee' (/wrk/2018.2/continuous/2018_06_14_2258646/src/products/hls/src/technology/autopilot/header_files/utils/x_hls_utils.h:489) automatically.
INFO: [XFORM 203-602] Inlining function '_ZN9fp_structIdEC1Ed15' into 'generic_copysign<double>' (/wrk/2018.2/continuous/2018_06_14_2258646/src/products/hls/hls_lib/hlsmath/include/FloatingPoint/hls_copysign.h:11) automatically.
INFO: [XFORM 203-602] Inlining function 'fp_struct<double>::to_ieee' into 'generic_copysign<double>' (/wrk/2018.2/continuous/2018_06_14_2258646/src/products/hls/hls_lib/hlsmath/include/FloatingPoint/hls_copysign.h:13) automatically.
INFO: [XFORM 203-602] Inlining function 'generic_copysign<double>' into 'generic_fabs<double>' (/wrk/2018.2/continuous/2018_06_14_2258646/src/products/hls/hls_lib/hlsmath/include/FloatingPoint/hls_fabs.h:12) automatically.
INFO: [XFORM 203-602] Inlining function 'generic_fabs<double>' into 'fabs' (/wrk/2018.2/continuous/2018_06_14_2258646/src/products/hls/hls_lib/hlsmath/src/c/fabsdouble.cpp:7) automatically.
INFO: [XFORM 203-602] Inlining function 'fp_struct<float>::mantissa' into 'generic_cast_IEEE754<unsigned char, (ap_q_mode)6, float>' (/wrk/2018.2/continuous/2018_06_14_2258646/src/products/hls/hls_lib/hlsmath/include/FloatingPoint/hls_case_IEEE754.h:58) automatically.
INFO: [XFORM 203-602] Inlining function 'fp_struct<float>::expv' into 'generic_cast_IEEE754<unsigned char, (ap_q_mode)6, float>' (/wrk/2018.2/continuous/2018_06_14_2258646/src/products/hls/hls_lib/hlsmath/include/FloatingPoint/hls_case_IEEE754.h:61) automatically.
INFO: [XFORM 203-602] Inlining function 'fp_struct<float>::__signbit' into 'generic_cast_IEEE754<unsigned char, (ap_q_mode)6, float>' (/wrk/2018.2/continuous/2018_06_14_2258646/src/products/hls/hls_lib/hlsmath/include/FloatingPoint/hls_case_IEEE754.h:81) automatically.
INFO: [XFORM 203-602] Inlining function 'generic_cast_IEEE754<unsigned char, (ap_q_mode)6, float>' into 'generic_cast_IEEE754<unsigned char, float>' (/wrk/2018.2/continuous/2018_06_14_2258646/src/products/hls/hls_lib/hlsmath/include/FloatingPoint/hls_case_IEEE754.h:98) automatically.
INFO: [XFORM 203-602] Inlining function 'generic_cast_IEEE754<unsigned char, float>' into '__hls_fptoui_float_i8' (/wrk/2018.2/continuous/2018_06_14_2258646/src/products/hls/hls_lib/hlsmath/src/lib_floatconversion.cpp:62) automatically.
INFO: [XFORM 203-602] Inlining function 'fabs' into 'conv' (hls/conv.cpp:56) automatically.
INFO: [XFORM 203-602] Inlining function '__hls_fptoui_float_i8' into 'conv' (hls/conv.cpp:56) automatically.
Command         transform done; 0.29 sec.
INFO-FLOW: Checking Synthesizability 2/2..
Execute         transform -syn-check /storage/Documenti/Didattica/hpc/esercitazioni/hpc_eserc_04/hls/solution1/.autopilot/db/a.g.2.prechk.bc -o /storage/Documenti/Didattica/hpc/esercitazioni/hpc_eserc_04/hls/solution1/.autopilot/db/a.g.2.bc -f -phase syn-check 
Command         transform done; 0.25 sec.
INFO: [HLS 200-111] Finished Checking Synthesizability Time (s): cpu = 00:00:43 ; elapsed = 00:00:45 . Memory (MB): peak = 570.184 ; gain = 194.637 ; free physical = 795 ; free virtual = 7061
INFO-FLOW: Compiler optimizing ...
INFO-FLOW: Share syncheck's 1.bc for syn flow: copy /storage/Documenti/Didattica/hpc/esercitazioni/hpc_eserc_04/hls/solution1/.autopilot/db/a.g.1.bc to /storage/Documenti/Didattica/hpc/esercitazioni/hpc_eserc_04/hls/solution1/.autopilot/db/a.o.1.bc
INFO-FLOW: Presyn 1...
Execute         transform -hls -tmp /storage/Documenti/Didattica/hpc/esercitazioni/hpc_eserc_04/hls/solution1/.autopilot/db -interface-port-rename -type-info -function-uniquify -directive-preproc -mem2reg -dse -dce -disaggr -scalarrepl -norm-name -deadargelim -mem2reg -instcombine -dce -simplifycfg -auto-rom-infer -dce -function-uniquify -resource-proc -simplifycfg -mem2reg -globaldce -resolve-double-ptr -dce -deadargelim -dce -instcombine -clib-intrinsic-prepare -dce -func-buffer -dce -array-normalize -func-legal -instcombine -gvn -constprop -dce -ptrArgReplace -mem2reg -instcombine -dce -array-seg-normalize -deadargelim -instcombine -dce -pointer-simplify -dce -port-alignment -dce -interface-preproc -data-pack -instcombine -dce -basicaa -aggr-aa -aggrmodref-aa -aggr-aa -gvn -gvn -basicaa -aggr-aa -aggrmodref-aa -aggr-aa -dse -adse -adce -loop-simplify -indvars -instcombine -gvn -loop-simplify -mem2reg -dce -find-region -instcombine -auto-loop-pipeline -inst-simplify -interface-preproc -cfgopt -instcombine -indvars -auto-loop-unroll -loop-simplify -loop-bound -xunroll -constprop -instcombine -simplifycfg -indvars -simplifycfg -dce -globaldce -clean-region -attach-range -gvn -inst-simplify -constprop -simplifycfg -dce -pointer-simplify -dce -globalopt -constprop -dce -array-promote -constprop -instcombine -dce -ptrArgReplace -mem2reg -instcombine -simplifycfg -dce -auto-par -instcombine -dce -array-transform-check -array-reshape -instcombine -simplifycfg -dce -ptrArgReplace -deadargelim -mem2reg -instcombine -simplifycfg -dce -indvars -loop-simplify -loop-bound -xunroll -constprop -instcombine -simplifycfg -indvars -simplifycfg -dce -globaldce -duplicate-dataflow-processes -globaldce -instcombine -array-partition -instcombine -simplifycfg -dce -ptrArgReplace -global-constprop -deadargelim -mem2reg -func-legal -instcombine -dce -global-constprop -deadargelim -mem2reg -instcombine -simplifycfg -dce -merge-param -deadargelim -globalopt -constprop -dce -array-promote -constprop -instcombine -dce -ptrArgReplace -mem2reg -instcombine -simplifycfg -dce -mem-intrinsic-preproc -dce -global-internalize -global-privatize -mem2reg -globaldce -promote-global-argument -ptrArgReplace -mem2reg -instcombine -dce -globalopt -mergereturn -simplify-global-access -mem2reg -dce -pointer-simplify -dce -functionattrs -basicaa -aggr-aa -aggrmodref-aa -aggr-aa -gvn -gvn -basicaa -aggr-aa -aggrmodref-aa -aggr-aa -dse -adse -adce -inst-simplify -dce -norm-name -function-inline -globaldce -func-inst -constprop -instcombine -simplifycfg -dce -func-legal -dce -loop-bound -arraycheck -bitwidthmin -on-by-dataflow -loop-delete -instcombine -simplifycfg -globaldce -dce -gvn -deadargelim -dce -loop-simplify -clean-region -simplifycfg -propagate-stable-arguments -loop-stream -instcombine -simplifycfg -dce -globaldce -duplicate-dataflow-processes -stream-intrinsic-preproc -dce -check-ap-stream -loop-simplify -eliminate-keepreads -extract-dataflow-in-loop -loop-simplify -dce -gvn -deadargelim -dse -check-dataflow-syntax -legalize-stream-variable -legalize-global -extract-subproc -dce -dead-channel-elimination -canonicalize-gep -globaldce -dce -gvn -deadargelim -annotate-dataflow-channels -scalar-propagation -deadargelim -globaldce -mem2reg -check-dataflow-channels -function-stream -dce -globaldce -prop-fifo-spec -internal-stream-gen -canonicalize-gep -globaldce -dce -gvn -deadargelim -mergereturn -indvars -loop-simplify -instcombine -array-stream -array-seg-normalize -array-partition -func-legal -instcombine -simplifycfg -dce -bundle-memfifo-ops -deadargelim -function-uniquify -directive-preproc -mem2reg -dse -dce -group-axi-access -licm -simplifycfg -dce -loop-delete -norm-name /storage/Documenti/Didattica/hpc/esercitazioni/hpc_eserc_04/hls/solution1/.autopilot/db/a.o.1.bc -o /storage/Documenti/Didattica/hpc/esercitazioni/hpc_eserc_04/hls/solution1/.autopilot/db/a.o.1.tmp.bc -f 
INFO: [XFORM 203-502] Unrolling all sub-loops inside loop 'Loop-2.1' (hls/conv.cpp:29) in function 'conv' for pipelining.
INFO: [XFORM 203-501] Unrolling loop 'Loop-2.1.1' (hls/conv.cpp:32) in function 'conv' completely.
WARNING: [XFORM 203-503] Cannot unroll loop 'Loop-2.1.1.1' (hls/conv.cpp:36) in function 'conv': cannot completely unroll a loop with a variable trip count.
WARNING: [XFORM 203-503] Cannot unroll loop 'Loop-2.1.1.1.1' (hls/conv.cpp:41) in function 'conv': cannot completely unroll a loop with a variable trip count.
INFO: [XFORM 203-102] Partitioning array 'newImage' (hls/conv.cpp:13) in dimension 1 automatically.
INFO: [XFORM 203-602] Inlining function '_ZN9fp_structIdEC2Ed17' into '_ZN9fp_structIdEC1Ed15' (/wrk/2018.2/continuous/2018_06_14_2258646/src/products/hls/src/technology/autopilot/header_files/utils/x_hls_utils.h:442) automatically.
INFO: [XFORM 203-602] Inlining function 'fp_struct<double>::data' into 'fp_struct<double>::to_double' (/wrk/2018.2/continuous/2018_06_14_2258646/src/products/hls/src/technology/autopilot/header_files/utils/x_hls_utils.h:475) automatically.
INFO: [XFORM 203-602] Inlining function 'fp_struct<double>::to_double' into 'fp_struct<double>::to_ieee' (/wrk/2018.2/continuous/2018_06_14_2258646/src/products/hls/src/technology/autopilot/header_files/utils/x_hls_utils.h:489) automatically.
INFO: [XFORM 203-602] Inlining function '_ZN9fp_structIdEC1Ed15' into 'generic_copysign<double>' (/wrk/2018.2/continuous/2018_06_14_2258646/src/products/hls/hls_lib/hlsmath/include/FloatingPoint/hls_copysign.h:11) automatically.
INFO: [XFORM 203-602] Inlining function 'fp_struct<double>::to_ieee' into 'generic_copysign<double>' (/wrk/2018.2/continuous/2018_06_14_2258646/src/products/hls/hls_lib/hlsmath/include/FloatingPoint/hls_copysign.h:13) automatically.
INFO: [XFORM 203-602] Inlining function 'generic_copysign<double>' into 'generic_fabs<double>' (/wrk/2018.2/continuous/2018_06_14_2258646/src/products/hls/hls_lib/hlsmath/include/FloatingPoint/hls_fabs.h:12) automatically.
INFO: [XFORM 203-602] Inlining function 'generic_fabs<double>' into 'fabs' (/wrk/2018.2/continuous/2018_06_14_2258646/src/products/hls/hls_lib/hlsmath/src/c/fabsdouble.cpp:7) automatically.
INFO: [XFORM 203-602] Inlining function 'fp_struct<float>::mantissa' into 'generic_cast_IEEE754<unsigned char, (ap_q_mode)6, float>' (/wrk/2018.2/continuous/2018_06_14_2258646/src/products/hls/hls_lib/hlsmath/include/FloatingPoint/hls_case_IEEE754.h:58) automatically.
INFO: [XFORM 203-602] Inlining function 'fp_struct<float>::expv' into 'generic_cast_IEEE754<unsigned char, (ap_q_mode)6, float>' (/wrk/2018.2/continuous/2018_06_14_2258646/src/products/hls/hls_lib/hlsmath/include/FloatingPoint/hls_case_IEEE754.h:61) automatically.
INFO: [XFORM 203-602] Inlining function 'generic_cast_IEEE754<unsigned char, (ap_q_mode)6, float>' into 'generic_cast_IEEE754<unsigned char, float>' (/wrk/2018.2/continuous/2018_06_14_2258646/src/products/hls/hls_lib/hlsmath/include/FloatingPoint/hls_case_IEEE754.h:98) automatically.
INFO: [XFORM 203-602] Inlining function 'generic_cast_IEEE754<unsigned char, float>' into '__hls_fptoui_float_i8' (/wrk/2018.2/continuous/2018_06_14_2258646/src/products/hls/hls_lib/hlsmath/src/lib_floatconversion.cpp:62) automatically.
INFO: [XFORM 203-602] Inlining function 'fabs' into 'conv' (hls/conv.cpp:56) automatically.
INFO: [XFORM 203-602] Inlining function '__hls_fptoui_float_i8' into 'conv' (hls/conv.cpp:56) automatically.
Command         transform done; 0.49 sec.
INFO-FLOW: Presyn 2...
Execute         transform -hls -keep-callgraph -scalarrepl -mem2reg -port-alignment -attach-range -dce -pipe-mux-gen -indvars -loop-bound -inst-simplify -instcombine -dce -merge-array-access -mem2reg -dce -clean-region -mergereturn -if-conv -instcombine -dce -constprop -basicaa -aggr-aa -aggrmodref-aa -aggr-aa -gvn -gvn -basicaa -aggr-aa -aggrmodref-aa -aggr-aa -dse -adse -adce -scalarrepl -mem2reg -global-constprop -deadargelim -deadargelim -instcombine -dce -simplifycfg -ptrArgReplace -mem2reg -function-inline -globaldce -mem2reg -instcombine -dce -expr-balance -instcombine -dce -bitwidthmin -interface-preproc -directive-preproc -inst-rectify -instcombine -dce -functionattrs -constprop -instcombine -bit-constprop -simplify-global-access -globalopt -globaldce -inst-simplify -instcombine -elimdeaddata -dce -loop-delete -simplifycfg -loop-simplify -auto-burst -norm-name /storage/Documenti/Didattica/hpc/esercitazioni/hpc_eserc_04/hls/solution1/.autopilot/db/a.o.1.tmp.bc -o /storage/Documenti/Didattica/hpc/esercitazioni/hpc_eserc_04/hls/solution1/.autopilot/db/a.o.2.bc -f -phase presyn 
INFO: [XFORM 203-11] Balancing expressions in function 'conv' (hls/conv.cpp:3)...9 expression(s) balanced.
Command         transform done; 0.37 sec.
INFO: [HLS 200-111] Finished Pre-synthesis Time (s): cpu = 00:00:43 ; elapsed = 00:00:46 . Memory (MB): peak = 570.340 ; gain = 194.793 ; free physical = 705 ; free virtual = 6988
INFO-FLOW: Building ssdm...
Execute         transform -hls -function-uniquify -auto-function-inline -globaldce -ptrArgReplace -mem2reg -instcombine -dce -reset-lda -loop-simplify -indvars -licm -loop-dep -loop-bound -licm -loop-simplify -flattenloopnest -array-flatten -gvn -instcombine -dce -array-map -dce -func-legal -gvn -adce -instcombine -cfgopt -simplifycfg -loop-simplify -array-burst -promote-global-argument -dce -axi4-lower -array-seg-normalize -basicaa -aggrmodref-aa -globalsmodref-aa -aggr-aa -gvn -gvn -basicaa -aggrmodref-aa -globalsmodref-aa -aggr-aa -dse -adse -adce -licm -inst-simplify -dce -globaldce -instcombine -array-stream -eliminate-keepreads -instcombine -dce -deadargelim -doublePtrSimplify -doublePtrElim -dce -doublePtrSimplify -promote-dbg-pointer -dce -scalarrepl -mem2reg -disaggr -norm-name -mem2reg -instcombine -dse -adse -adce -ptrLegalization -dce -auto-rom-infer -array-flatten -dce -instcombine -check-doubleptr -loop-rot -constprop -cfgopt -simplifycfg -loop-simplify -indvars -pointer-simplify -dce -loop-bound -loop-simplify -loop-preproc -constprop -global-constprop -gvn -mem2reg -instcombine -dce -loop-bound -loop-merge -dce -bitwidthmin -deadargelim -dce -canonicalize-dataflow -dce -scalar-propagation -deadargelim -globaldce -mem2reg -read-loop-dep -interface-preproc -directive-preproc -interface-gen -bram-byte-enable -deadargelim -inst-simplify -dce -gvn -mem2reg -instcombine -dce -adse -loop-bound -instcombine -cfgopt -simplifycfg -loop-simplify -clean-region -io-protocol -find-region -mem2reg -bitop-raise -inst-simplify -inst-rectify -instcombine -adce -deadargelim -loop-simplify -phi-opt -bitop-raise -cfgopt -simplifycfg -strip-dead-prototypes -interface-lower -bitop-lower -intrinsic-lower -auto-function-inline -basicaa -aggrmodref-aa -globalsmodref-aa -aggr-aa -inst-simplify -simplifycfg -loop-simplify -mergereturn -inst-simplify -inst-rectify -dce -load-elim -bitop-lower -loop-rewind -pointer-simplify -dce -cfgopt -dce -bitwidth -loop-dep -read-loop-dep -dce -check-stream -norm-name -legalize -validate-dataflow -dead-allocation-elimination -cdfg-build /storage/Documenti/Didattica/hpc/esercitazioni/hpc_eserc_04/hls/solution1/.autopilot/db/a.o.2.bc -o /storage/Documenti/Didattica/hpc/esercitazioni/hpc_eserc_04/hls/solution1/.autopilot/db/a.o.3.bc -f -phase build-ssdm 
WARNING: [XFORM 203-542] Cannot flatten a loop nest 'Loop-2.1' (hls/conv.cpp:29:13) in function 'conv' : 

more than one sub loop.
WARNING: [XFORM 203-542] Cannot flatten a loop nest 'Loop-2' (hls/conv.cpp:27:9) in function 'conv' : 

more than one sub loop.
WARNING: [HLS 200-451] Automatic burst inferencing is disabled for port 'image_dram' as a bitwidth mismatch was detected between port 'image_dram' and its bundle 'mem' (8 vs. 32)(hls/conv.cpp:59:9). To allow bursting all ports sharing a bundle must have the same bitwidth.
WARNING: [HLS 200-451] Automatic burst inferencing is disabled for port 'image_dram' as a bitwidth mismatch was detected between port 'image_dram' and its bundle 'mem' (8 vs. 32). To allow bursting all ports sharing a bundle must have the same bitwidth.
Command         transform done; 0.46 sec.
INFO: [HLS 200-111] Finished Architecture Synthesis Time (s): cpu = 00:00:44 ; elapsed = 00:00:46 . Memory (MB): peak = 570.340 ; gain = 194.793 ; free physical = 687 ; free virtual = 6973
INFO-FLOW: Finish building internal data model.
Command       opt_and_import_c done; 4.31 sec.
Command     elaborate done; 45.7 sec.
Execute     autosyn -from_csynth_design=1 
INFO: [HLS 200-10] Starting hardware synthesis ...
INFO-FLOW: Synthesizing C/C++ design ...
INFO: [HLS 200-10] Synthesizing 'conv' ...
Execute       ap_set_top_model conv 
Execute       get_model_list conv -filter all-wo-channel -topdown 
Execute       preproc_iomode -model conv 
Execute       get_model_list conv -filter all-wo-channel 
INFO-FLOW: Model list for configure: conv
INFO-FLOW: Configuring Module : conv ...
Execute       set_default_model conv 
Execute       apply_spec_resource_limit conv 
INFO-FLOW: Model list for preprocess: conv
INFO-FLOW: Preprocessing Module: conv ...
Execute       set_default_model conv 
Execute       cdfg_preprocess -model conv 
Execute       rtl_gen_preprocess conv 
INFO-FLOW: Model list for synthesis: conv
INFO: [HLS 200-10] ----------------------------------------------------------------
INFO: [HLS 200-42] -- Implementing module 'conv' 
INFO: [HLS 200-10] ----------------------------------------------------------------
Execute       set_default_model conv 
Execute       schedule -model conv 
INFO: [SCHED 204-11] Starting scheduling ...
INFO: [SCHED 204-61] Pipelining loop 'memcpy.image.image_dram'.
INFO: [SCHED 204-61] Pipelining result : Target II = 1, Final II = 1, Depth = 10.
WARNING: [SCHED 204-65] Unable to satisfy pipeline directive: Loop contains subloop(s) not being unrolled or flattened.
INFO: [SCHED 204-61] Pipelining loop 'memcpy.image_dram.newImage.gep'.
WARNING: [SCHED 204-68] Unable to enforce a carried dependence constraint (II = 1, distance = 1, offset = 1)
   between bus access on port 'mem' (hls/conv.cpp:59) and bus request on port 'mem' (hls/conv.cpp:59).
WARNING: [SCHED 204-68] Unable to enforce a carried dependence constraint (II = 2, distance = 1, offset = 1)
   between bus access on port 'mem' (hls/conv.cpp:59) and bus request on port 'mem' (hls/conv.cpp:59).
WARNING: [SCHED 204-68] Unable to enforce a carried dependence constraint (II = 3, distance = 1, offset = 1)
   between bus access on port 'mem' (hls/conv.cpp:59) and bus request on port 'mem' (hls/conv.cpp:59).
WARNING: [SCHED 204-68] Unable to enforce a carried dependence constraint (II = 4, distance = 1, offset = 1)
   between bus access on port 'mem' (hls/conv.cpp:59) and bus request on port 'mem' (hls/conv.cpp:59).
WARNING: [SCHED 204-68] Unable to enforce a carried dependence constraint (II = 11, distance = 1, offset = 1)
   between bus access on port 'mem' (hls/conv.cpp:59) and bus request on port 'mem' (hls/conv.cpp:59).
WARNING: [SCHED 204-68] Unable to enforce a carried dependence constraint (II = 13, distance = 1, offset = 1)
   between bus access on port 'mem' (hls/conv.cpp:59) and bus request on port 'mem' (hls/conv.cpp:59).
WARNING: [SCHED 204-68] Unable to enforce a carried dependence constraint (II = 14, distance = 1, offset = 1)
   between bus access on port 'mem' (hls/conv.cpp:59) and bus request on port 'mem' (hls/conv.cpp:59).
INFO: [SCHED 204-61] Pipelining result : Target II = 1, Final II = 15, Depth = 16.
INFO: [SCHED 204-11] Finished scheduling.
Command       schedule done; 0.39 sec.
INFO: [HLS 200-111]  Elapsed time: 46.78 seconds; current allocated memory: 230.505 MB.
Execute       report -o /storage/Documenti/Didattica/hpc/esercitazioni/hpc_eserc_04/hls/solution1/.autopilot/db/conv.verbose.sched.rpt -verbose -f 
INFO: [HLS 200-434] Only 2 loops out of a total 10 loops have been pipelined in this design.
Command       report done; 0.28 sec.
Execute       db_write -o /storage/Documenti/Didattica/hpc/esercitazioni/hpc_eserc_04/hls/solution1/.autopilot/db/conv.sched.adb -f 
INFO-FLOW: Finish scheduling conv.
Execute       set_default_model conv 
Execute       bind -model conv 
BIND OPTION: fu_weight=[ 0.0 -- 1.0 ]
BIND OPTION: model=conv
BIND OPTION: reg_weight=[ 0.0 -- 1.0 ]
INFO: [BIND 205-100] Starting micro-architecture generation ...
INFO: [BIND 205-101] Performing variable lifetime analysis.
INFO: [BIND 205-101] Exploring resource sharing.
INFO: [BIND 205-101] Binding ...
INFO: [BIND 205-100] Finished micro-architecture generation.
Command       bind done; 0.16 sec.
INFO: [HLS 200-111]  Elapsed time: 0.49 seconds; current allocated memory: 232.412 MB.
Execute       report -o /storage/Documenti/Didattica/hpc/esercitazioni/hpc_eserc_04/hls/solution1/.autopilot/db/conv.verbose.bind.rpt -verbose -f 
Command       report done; 0.26 sec.
Execute       db_write -o /storage/Documenti/Didattica/hpc/esercitazioni/hpc_eserc_04/hls/solution1/.autopilot/db/conv.bind.adb -f 
INFO-FLOW: Finish binding conv.
Execute       get_model_list conv -filter all-wo-channel 
INFO-FLOW: Preprocessing for RTLGen ...
Execute       rtl_gen_preprocess conv 
INFO-FLOW: Model list for RTL generation: conv
INFO: [HLS 200-10] ----------------------------------------------------------------
INFO: [HLS 200-10] -- Generating RTL for module 'conv' 
INFO: [HLS 200-10] ----------------------------------------------------------------
Execute       get_config_rtl -prefix 
Execute       get_config_rtl -auto_prefix 
Execute       create_rtl_model conv -vendor xilinx -mg_file /storage/Documenti/Didattica/hpc/esercitazioni/hpc_eserc_04/hls/solution1/.autopilot/db/conv.compgen.tcl 
INFO: [RTGEN 206-500] Setting interface mode on port 'conv/mem' to 'm_axi'.
INFO: [RTGEN 206-500] Setting interface mode on port 'conv/image_dram' to 's_axilite & ap_none'.
INFO: [RTGEN 206-500] Setting interface mode on port 'conv/filter' to 's_axilite & ap_none'.
INFO: [RTGEN 206-500] Setting interface mode on port 'conv/filterDim' to 's_axilite & ap_none'.
INFO: [RTGEN 206-500] Setting interface mode on function 'conv' to 's_axilite & ap_ctrl_hs'.
INFO: [RTGEN 206-100] Bundling port 'return', 'filter' and 'filterDim' to AXI-Lite port ctrl.
INFO: [SYN 201-210] Renamed object name 'conv_fadd_32ns_32ns_32_5_full_dsp_1' to 'conv_fadd_32ns_32bkb' due to the length limit 20
INFO: [SYN 201-210] Renamed object name 'conv_fmul_32ns_32ns_32_4_max_dsp_1' to 'conv_fmul_32ns_32cud' due to the length limit 20
INFO: [SYN 201-210] Renamed object name 'conv_sitofp_32ns_32_6_1' to 'conv_sitofp_32ns_dEe' due to the length limit 20
INFO: [SYN 201-210] Renamed object name 'conv_fptrunc_64ns_32_1_1' to 'conv_fptrunc_64nseOg' due to the length limit 20
INFO: [SYN 201-210] Renamed object name 'conv_fpext_32ns_64_1_1' to 'conv_fpext_32ns_6fYi' due to the length limit 20
INFO: [RTGEN 206-100] Generating core module 'conv_fadd_32ns_32bkb': 1 instance(s).
INFO: [RTGEN 206-100] Generating core module 'conv_fmul_32ns_32cud': 1 instance(s).
INFO: [RTGEN 206-100] Generating core module 'conv_fpext_32ns_6fYi': 1 instance(s).
INFO: [RTGEN 206-100] Generating core module 'conv_fptrunc_64nseOg': 1 instance(s).
INFO: [RTGEN 206-100] Generating core module 'conv_sitofp_32ns_dEe': 1 instance(s).
INFO: [RTGEN 206-100] Finished creating RTL model for 'conv'.
Command       create_rtl_model done; 0.25 sec.
INFO: [HLS 200-111]  Elapsed time: 0.57 seconds; current allocated memory: 236.350 MB.
Execute       source /storage/Documenti/Didattica/hpc/esercitazioni/hpc_eserc_04/hls/solution1/.autopilot/db/conv.rtl_wrap.cfg.tcl 
Execute       gen_rtl conv -istop -style xilinx -tracefl mytrace -tracefmt vcd -traceopt all -f -lang sc -o /storage/Documenti/Didattica/hpc/esercitazioni/hpc_eserc_04/hls/solution1/syn/systemc/conv -synmodules conv 
Execute       gen_rtl conv -istop -style xilinx -f -lang vhdl -o /storage/Documenti/Didattica/hpc/esercitazioni/hpc_eserc_04/hls/solution1/syn/vhdl/conv 
Command       gen_rtl done; 0.14 sec.
Execute       gen_rtl conv -istop -style xilinx -f -lang vlog -o /storage/Documenti/Didattica/hpc/esercitazioni/hpc_eserc_04/hls/solution1/syn/verilog/conv 
Execute       export_constraint_db -o /storage/Documenti/Didattica/hpc/esercitazioni/hpc_eserc_04/hls/solution1/.autopilot/db/conv.constraint.tcl -f -tool general 
Execute       report -model conv -o /storage/Documenti/Didattica/hpc/esercitazioni/hpc_eserc_04/hls/solution1/.autopilot/db/conv.design.xml -verbose -f -dv 
Command       report done; 0.13 sec.
Execute       report -model conv -o /storage/Documenti/Didattica/hpc/esercitazioni/hpc_eserc_04/hls/solution1/.autopilot/db/conv.sdaccel.xml -verbose -f -sdaccel 
Command       report done; 0.22 sec.
Execute       gen_tb_info conv -o /storage/Documenti/Didattica/hpc/esercitazioni/hpc_eserc_04/hls/solution1/.autopilot/db/conv -p /storage/Documenti/Didattica/hpc/esercitazioni/hpc_eserc_04/hls/solution1/.autopilot/db 
Execute       report -model conv -o /storage/Documenti/Didattica/hpc/esercitazioni/hpc_eserc_04/hls/solution1/syn/report/conv_csynth.rpt -f 
Execute       report -model conv -o /storage/Documenti/Didattica/hpc/esercitazioni/hpc_eserc_04/hls/solution1/syn/report/conv_csynth.xml -f -x 
Execute       report -model conv -o /storage/Documenti/Didattica/hpc/esercitazioni/hpc_eserc_04/hls/solution1/.autopilot/db/conv.verbose.rpt -verbose -f 
Command       report done; 0.32 sec.
Execute       db_write -model conv -o /storage/Documenti/Didattica/hpc/esercitazioni/hpc_eserc_04/hls/solution1/.autopilot/db/conv.adb -f 
Command       db_write done; 0.19 sec.
Execute       sc_get_clocks conv 
Execute       sc_get_portdomain conv 
INFO-FLOW: Model list for RTL component generation: conv
INFO-FLOW: Handling components in module [conv] ... 
Execute       source /storage/Documenti/Didattica/hpc/esercitazioni/hpc_eserc_04/hls/solution1/.autopilot/db/conv.compgen.tcl 
INFO-FLOW: Found component conv_fadd_32ns_32bkb.
INFO-FLOW: Append model conv_fadd_32ns_32bkb
INFO-FLOW: Found component conv_fmul_32ns_32cud.
INFO-FLOW: Append model conv_fmul_32ns_32cud
INFO-FLOW: Found component conv_sitofp_32ns_dEe.
INFO-FLOW: Append model conv_sitofp_32ns_dEe
INFO-FLOW: Found component conv_fptrunc_64nseOg.
INFO-FLOW: Append model conv_fptrunc_64nseOg
INFO-FLOW: Found component conv_fpext_32ns_6fYi.
INFO-FLOW: Append model conv_fpext_32ns_6fYi
INFO-FLOW: Found component conv_image.
INFO-FLOW: Append model conv_image
INFO-FLOW: Found component conv_newImage_0.
INFO-FLOW: Append model conv_newImage_0
INFO-FLOW: Found component conv_ctrl_s_axi.
INFO-FLOW: Append model conv_ctrl_s_axi
INFO-FLOW: Found component conv_mem_m_axi.
INFO-FLOW: Append model conv_mem_m_axi
INFO-FLOW: Append model conv
INFO-FLOW: Generating RTL model list ...
INFO-FLOW: All models in this session: conv_fadd_32ns_32bkb conv_fmul_32ns_32cud conv_sitofp_32ns_dEe conv_fptrunc_64nseOg conv_fpext_32ns_6fYi conv_image conv_newImage_0 conv_ctrl_s_axi conv_mem_m_axi conv
INFO-FLOW: To file: write model conv_fadd_32ns_32bkb
INFO-FLOW: To file: write model conv_fmul_32ns_32cud
INFO-FLOW: To file: write model conv_sitofp_32ns_dEe
INFO-FLOW: To file: write model conv_fptrunc_64nseOg
INFO-FLOW: To file: write model conv_fpext_32ns_6fYi
INFO-FLOW: To file: write model conv_image
INFO-FLOW: To file: write model conv_newImage_0
INFO-FLOW: To file: write model conv_ctrl_s_axi
INFO-FLOW: To file: write model conv_mem_m_axi
INFO-FLOW: To file: write model conv
INFO-FLOW: Finished generating RTL model list.


INFO-FLOW: RTL Generation done.
INFO-FLOW: CAS Generation done.
INFO-FLOW: CBC Generation done.
Execute       get_config_sdx -target 
Execute       source /storage/Documenti/Didattica/hpc/esercitazioni/hpc_eserc_04/hls/solution1/.autopilot/db/global.setting.tcl 
Execute       source /storage/Programmi/Xilinx/Vivado/2018.2/common/technology/generic/autopilot/common.gen 
Execute         source /storage/Programmi/Xilinx/Vivado/2018.2/common/technology/generic/autopilot/APCoreGen.gen 
Execute       source /storage/Programmi/Xilinx/Vivado/2018.2/common/technology/generic/autopilot/op.gen 
Execute       source /storage/Programmi/Xilinx/Vivado/2018.2/common/technology/generic/autopilot/op_simcore.gen 
Execute       source /storage/Programmi/Xilinx/Vivado/2018.2/common/technology/generic/autopilot/interface.gen 
Execute       source /storage/Documenti/Didattica/hpc/esercitazioni/hpc_eserc_04/hls/solution1/.autopilot/db/global.setting.tcl 
Execute       source /storage/Programmi/Xilinx/Vivado/2018.2/common/technology/xilinx/zynq/zynq.gen 
Execute         source /storage/Programmi/Xilinx/Vivado/2018.2/common/technology/xilinx/common/virtex.gen 
Execute           source /storage/Programmi/Xilinx/Vivado/2018.2/common/technology/xilinx/common/xilinx.gen 
Execute             source /storage/Programmi/Xilinx/Vivado/2018.2/common/technology/xilinx/interface/plb46.gen 
Execute             source /storage/Programmi/Xilinx/Vivado/2018.2/common/technology/xilinx/interface/fsl.gen 
Execute             source /storage/Programmi/Xilinx/Vivado/2018.2/common/technology/xilinx/interface/axi4.gen 
Execute             source /storage/Programmi/Xilinx/Vivado/2018.2/common/technology/xilinx/interface/nativeAXI4.gen 
Execute               source /storage/Programmi/Xilinx/Vivado/2018.2/common/technology/xilinx/interface/saxilite.gen 
Execute               source /storage/Programmi/Xilinx/Vivado/2018.2/common/technology/xilinx/interface/maxi.gen 
Execute             source /storage/Programmi/Xilinx/Vivado/2018.2/common/technology/xilinx/scripts/xilinxcoregen.gen 
Execute             source /storage/Programmi/Xilinx/Vivado/2018.2/common/technology/xilinx/interface/XilEDKCoreGen.gen 
Execute             source /storage/Programmi/Xilinx/Vivado/2018.2/common/technology/xilinx/ip/dds_compiler.gen 
Execute             source /storage/Programmi/Xilinx/Vivado/2018.2/common/technology/xilinx/ip/util.gen 
Execute             source /storage/Programmi/Xilinx/Vivado/2018.2/common/technology/xilinx/ip/xfft.gen 
Command             ap_source done; 0.13 sec.
Execute             source /storage/Programmi/Xilinx/Vivado/2018.2/common/technology/xilinx/ip/xfir.gen 
Command           ap_source done; 0.19 sec.
Execute           source /storage/Programmi/Xilinx/Vivado/2018.2/common/technology/xilinx/common/dsp48.gen 
Command         ap_source done; 0.19 sec.
Command       ap_source done; 0.19 sec.
Execute       source /storage/Programmi/Xilinx/Vivado/2018.2/common/technology/xilinx/zynq/zynq_fpv6.gen 
Execute         source /storage/Programmi/Xilinx/Vivado/2018.2/common/technology/xilinx/common/xilinx_fpv6.gen 
Execute       source /storage/Documenti/Didattica/hpc/esercitazioni/hpc_eserc_04/hls/solution1/.autopilot/db/global.setting.tcl 
Execute       source /storage/Documenti/Didattica/hpc/esercitazioni/hpc_eserc_04/hls/solution1/.autopilot/db/global.setting.tcl 
Execute       source /storage/Documenti/Didattica/hpc/esercitazioni/hpc_eserc_04/hls/solution1/.autopilot/db/global.setting.tcl 
Execute       source /storage/Documenti/Didattica/hpc/esercitazioni/hpc_eserc_04/hls/solution1/.autopilot/db/conv.compgen.tcl 
INFO: [RTMG 210-278] Implementing memory 'conv_image_ram (RAM)' using block RAMs.
INFO: [RTMG 210-278] Implementing memory 'conv_newImage_0_ram (RAM)' using block RAMs.
Execute         source ./ctrl.slave.tcl 
Execute         is_m_axi_addr64 
Command       ap_source done; 0.47 sec.
Execute       get_config_sdx -target 
Execute       source /storage/Documenti/Didattica/hpc/esercitazioni/hpc_eserc_04/hls/solution1/.autopilot/db/global.setting.tcl 
Execute       source /storage/Programmi/Xilinx/Vivado/2018.2/common/technology/generic/autopilot/common.gen 
Execute         source /storage/Programmi/Xilinx/Vivado/2018.2/common/technology/generic/autopilot/APCoreGen.gen 
Execute       source /storage/Programmi/Xilinx/Vivado/2018.2/common/technology/generic/autopilot/op.gen 
Execute       source /storage/Programmi/Xilinx/Vivado/2018.2/common/technology/generic/autopilot/op_simcore.gen 
Execute       source /storage/Programmi/Xilinx/Vivado/2018.2/common/technology/generic/autopilot/interface.gen 
Execute       source /storage/Documenti/Didattica/hpc/esercitazioni/hpc_eserc_04/hls/solution1/.autopilot/db/global.setting.tcl 
Execute       source /storage/Programmi/Xilinx/Vivado/2018.2/common/technology/xilinx/zynq/zynq.gen 
Execute         source /storage/Programmi/Xilinx/Vivado/2018.2/common/technology/xilinx/common/virtex.gen 
Execute           source /storage/Programmi/Xilinx/Vivado/2018.2/common/technology/xilinx/common/xilinx.gen 
Execute             source /storage/Programmi/Xilinx/Vivado/2018.2/common/technology/xilinx/interface/plb46.gen 
Execute             source /storage/Programmi/Xilinx/Vivado/2018.2/common/technology/xilinx/interface/fsl.gen 
Execute             source /storage/Programmi/Xilinx/Vivado/2018.2/common/technology/xilinx/interface/axi4.gen 
Execute             source /storage/Programmi/Xilinx/Vivado/2018.2/common/technology/xilinx/interface/nativeAXI4.gen 
Execute               source /storage/Programmi/Xilinx/Vivado/2018.2/common/technology/xilinx/interface/saxilite.gen 
Execute               source /storage/Programmi/Xilinx/Vivado/2018.2/common/technology/xilinx/interface/maxi.gen 
Execute             source /storage/Programmi/Xilinx/Vivado/2018.2/common/technology/xilinx/scripts/xilinxcoregen.gen 
Execute             source /storage/Programmi/Xilinx/Vivado/2018.2/common/technology/xilinx/interface/XilEDKCoreGen.gen 
Execute             source /storage/Programmi/Xilinx/Vivado/2018.2/common/technology/xilinx/ip/dds_compiler.gen 
Execute             source /storage/Programmi/Xilinx/Vivado/2018.2/common/technology/xilinx/ip/util.gen 
Execute             source /storage/Programmi/Xilinx/Vivado/2018.2/common/technology/xilinx/ip/xfft.gen 
Command             ap_source done; 0.12 sec.
Execute             source /storage/Programmi/Xilinx/Vivado/2018.2/common/technology/xilinx/ip/xfir.gen 
Command           ap_source done; 0.19 sec.
Execute           source /storage/Programmi/Xilinx/Vivado/2018.2/common/technology/xilinx/common/dsp48.gen 
Command         ap_source done; 0.19 sec.
Command       ap_source done; 0.19 sec.
Execute       source /storage/Programmi/Xilinx/Vivado/2018.2/common/technology/xilinx/zynq/zynq_fpv6.gen 
Execute         source /storage/Programmi/Xilinx/Vivado/2018.2/common/technology/xilinx/common/xilinx_fpv6.gen 
Execute       source /storage/Documenti/Didattica/hpc/esercitazioni/hpc_eserc_04/hls/solution1/.autopilot/db/conv.rtl_wrap.cfg.tcl 
Execute       source /storage/Documenti/Didattica/hpc/esercitazioni/hpc_eserc_04/hls/solution1/.autopilot/db/conv.rtl_wrap.cfg.tcl 
Execute       source /storage/Documenti/Didattica/hpc/esercitazioni/hpc_eserc_04/hls/solution1/.autopilot/db/conv.rtl_wrap.cfg.tcl 
Execute       source /storage/Documenti/Didattica/hpc/esercitazioni/hpc_eserc_04/hls/solution1/.autopilot/db/conv.tbgen.tcl 
Execute       source /storage/Documenti/Didattica/hpc/esercitazioni/hpc_eserc_04/hls/solution1/.autopilot/db/conv.tbgen.tcl 
Execute       source /storage/Documenti/Didattica/hpc/esercitazioni/hpc_eserc_04/hls/solution1/.autopilot/db/global.setting.tcl 
Execute       source /storage/Documenti/Didattica/hpc/esercitazioni/hpc_eserc_04/hls/solution1/.autopilot/db/conv.compgen.tcl 
Command       ap_source done; 0.16 sec.
Execute       source /storage/Documenti/Didattica/hpc/esercitazioni/hpc_eserc_04/hls/solution1/.autopilot/db/global.setting.tcl 
Execute       source /storage/Documenti/Didattica/hpc/esercitazioni/hpc_eserc_04/hls/solution1/.autopilot/db/conv.compgen.tcl 
Execute       source /storage/Documenti/Didattica/hpc/esercitazioni/hpc_eserc_04/hls/solution1/.autopilot/db/global.setting.tcl 
Execute       source /storage/Documenti/Didattica/hpc/esercitazioni/hpc_eserc_04/hls/solution1/.autopilot/db/conv.compgen.tcl 
Execute       source /storage/Documenti/Didattica/hpc/esercitazioni/hpc_eserc_04/hls/solution1/.autopilot/db/global.setting.tcl 
Execute       source /storage/Documenti/Didattica/hpc/esercitazioni/hpc_eserc_04/hls/solution1/.autopilot/db/conv.constraint.tcl 
Execute       source /storage/Documenti/Didattica/hpc/esercitazioni/hpc_eserc_04/hls/solution1/.autopilot/db/conv.tbgen.tcl 
Execute       source /storage/Documenti/Didattica/hpc/esercitazioni/hpc_eserc_04/hls/solution1/.autopilot/db/global.setting.tcl 
Execute       source /storage/Documenti/Didattica/hpc/esercitazioni/hpc_eserc_04/hls/solution1/.autopilot/db/global.setting.tcl 
Execute       source /storage/Documenti/Didattica/hpc/esercitazioni/hpc_eserc_04/hls/solution1/.autopilot/db/global.setting.tcl 
Execute       source /storage/Documenti/Didattica/hpc/esercitazioni/hpc_eserc_04/hls/solution1/.autopilot/db/conv.tbgen.tcl 
Execute       source /storage/Documenti/Didattica/hpc/esercitazioni/hpc_eserc_04/hls/solution1/.autopilot/db/global.setting.tcl 
Execute       source /storage/Documenti/Didattica/hpc/esercitazioni/hpc_eserc_04/hls/solution1/.autopilot/db/conv.constraint.tcl 
Execute       sc_get_clocks conv 
Execute       source /storage/Documenti/Didattica/hpc/esercitazioni/hpc_eserc_04/hls/solution1/.autopilot/db/global.setting.tcl 
Execute       source /storage/Documenti/Didattica/hpc/esercitazioni/hpc_eserc_04/hls/solution1/impl/misc/conv_ap_fadd_3_full_dsp_32_ip.tcl 
Execute       source /storage/Documenti/Didattica/hpc/esercitazioni/hpc_eserc_04/hls/solution1/impl/misc/conv_ap_fmul_2_max_dsp_32_ip.tcl 
Execute       source /storage/Documenti/Didattica/hpc/esercitazioni/hpc_eserc_04/hls/solution1/impl/misc/conv_ap_fpext_0_no_dsp_32_ip.tcl 
Execute       source /storage/Documenti/Didattica/hpc/esercitazioni/hpc_eserc_04/hls/solution1/impl/misc/conv_ap_fptrunc_0_no_dsp_64_ip.tcl 
Execute       source /storage/Documenti/Didattica/hpc/esercitazioni/hpc_eserc_04/hls/solution1/impl/misc/conv_ap_sitofp_4_no_dsp_32_ip.tcl 
Execute       get_config_sdx -target 
Execute       get_config_sdx -profile 
Execute       ::config_rtl 
INFO: [HLS 200-111] Finished generating all RTL models Time (s): cpu = 00:00:47 ; elapsed = 00:00:52 . Memory (MB): peak = 570.340 ; gain = 194.793 ; free physical = 649 ; free virtual = 6956
INFO: [SYSC 207-301] Generating SystemC RTL for conv.
INFO: [VHDL 208-304] Generating VHDL RTL for conv.
INFO: [VLOG 209-307] Generating Verilog RTL for conv.
Command     autosyn done; 5.88 sec.
Command   csynth_design done; 51.6 sec.
Command ap_source done; 51.84 sec.
Execute cleanup_all 
INFO-FLOW: Workspace /storage/Documenti/Didattica/hpc/esercitazioni/hpc_eserc_04/hls/solution1 opened at Sat Apr 27 16:42:53 CEST 2019
Execute     config_clock -quiet -name default -period 10 -default=false 
INFO: [SYN 201-201] Setting up clock 'default' with a period of 10ns.
Execute     open_platform DefaultPlatform 
Execute     import_lib /storage/Programmi/Xilinx/Vivado/2018.2/common/technology/xilinx/zynq/zynq 
Execute       source /storage/Programmi/Xilinx/Vivado/2018.2/common/technology/xilinx/common/xilinx.lib 
Execute         source /storage/Programmi/Xilinx/Vivado/2018.2/common/technology/xilinx/interface/xilinx_interface.lib 
Execute           source /storage/Programmi/Xilinx/Vivado/2018.2/common/technology/xilinx/interface/plb46.lib 
Execute           source /storage/Programmi/Xilinx/Vivado/2018.2/common/technology/xilinx/interface/fsl.lib 
Execute           source /storage/Programmi/Xilinx/Vivado/2018.2/common/technology/xilinx/interface/axi4.lib 
Execute           source /storage/Programmi/Xilinx/Vivado/2018.2/common/technology/xilinx/interface/maxi.lib 
Execute           source /storage/Programmi/Xilinx/Vivado/2018.2/common/technology/xilinx/interface/saxilite.lib 
Execute         source /storage/Programmi/Xilinx/Vivado/2018.2/common/technology/xilinx/common/dsp48.lib 
Execute         source /storage/Programmi/Xilinx/Vivado/2018.2/common/technology/xilinx/ip/dds_compiler.lib 
Execute         source /storage/Programmi/Xilinx/Vivado/2018.2/common/technology/xilinx/ip/xfft.lib 
Execute         source /storage/Programmi/Xilinx/Vivado/2018.2/common/technology/xilinx/ip/xfir.lib 
Execute       source /storage/Programmi/Xilinx/Vivado/2018.2/common/technology/xilinx/common/xilinx_old.lib 
Execute       source /storage/Programmi/Xilinx/Vivado/2018.2/common/technology/xilinx/common/xilinx_vivado.lib 
Execute       source /storage/Programmi/Xilinx/Vivado/2018.2/common/technology/xilinx/common/xilinx.hlp 
Execute         source /storage/Programmi/Xilinx/Vivado/2018.2/common/technology/xilinx/common/target_info.tcl 
Execute         source /storage/Programmi/Xilinx/Vivado/2018.2/common/technology/xilinx/interface/xilinx_interface.hlp 
Execute           source /storage/Programmi/Xilinx/Vivado/2018.2/common/technology/xilinx/interface/maxi.hlp 
Execute           source /storage/Programmi/Xilinx/Vivado/2018.2/common/technology/xilinx/interface/saxilite.hlp 
Execute         source /storage/Programmi/Xilinx/Vivado/2018.2/common/technology/xilinx/common/dsp48.hlp 
Execute       source /storage/Programmi/Xilinx/Vivado/2018.2/common/technology/xilinx/zynq/dsp48e1.hlp 
Execute       get_default_platform 
Execute       config_chip_info -quiet -resource  {SLICE 13300}  {LUT 53200}     {FF 106400} {DSP48E 220}   {BRAM 280}  
Execute       config_chip_info -quiet -speed medium 
Execute       source /storage/Programmi/Xilinx/Vivado/2018.2/common/technology/xilinx/common/xilinx.hlp 
Execute         source /storage/Programmi/Xilinx/Vivado/2018.2/common/technology/xilinx/common/target_info.tcl 
Execute         source /storage/Programmi/Xilinx/Vivado/2018.2/common/technology/xilinx/interface/xilinx_interface.hlp 
Execute           source /storage/Programmi/Xilinx/Vivado/2018.2/common/technology/xilinx/interface/maxi.hlp 
Execute           source /storage/Programmi/Xilinx/Vivado/2018.2/common/technology/xilinx/interface/saxilite.hlp 
Execute         source /storage/Programmi/Xilinx/Vivado/2018.2/common/technology/xilinx/common/dsp48.hlp 
Execute     source /storage/Programmi/Xilinx/Vivado/2018.2/common/technology/xilinx/zynq/zynq.gen 
Execute       source /storage/Programmi/Xilinx/Vivado/2018.2/common/technology/xilinx/common/virtex.gen 
Execute         source /storage/Programmi/Xilinx/Vivado/2018.2/common/technology/xilinx/common/xilinx.gen 
Execute           source /storage/Programmi/Xilinx/Vivado/2018.2/common/technology/xilinx/interface/plb46.gen 
Execute           source /storage/Programmi/Xilinx/Vivado/2018.2/common/technology/xilinx/interface/fsl.gen 
Execute           source /storage/Programmi/Xilinx/Vivado/2018.2/common/technology/xilinx/interface/axi4.gen 
Execute           source /storage/Programmi/Xilinx/Vivado/2018.2/common/technology/xilinx/interface/nativeAXI4.gen 
Execute             source /storage/Programmi/Xilinx/Vivado/2018.2/common/technology/xilinx/interface/saxilite.gen 
Execute             source /storage/Programmi/Xilinx/Vivado/2018.2/common/technology/xilinx/interface/maxi.gen 
Execute           source /storage/Programmi/Xilinx/Vivado/2018.2/common/technology/xilinx/scripts/xilinxcoregen.gen 
Execute           source /storage/Programmi/Xilinx/Vivado/2018.2/common/technology/xilinx/interface/XilEDKCoreGen.gen 
Execute           source /storage/Programmi/Xilinx/Vivado/2018.2/common/technology/xilinx/ip/dds_compiler.gen 
Execute           source /storage/Programmi/Xilinx/Vivado/2018.2/common/technology/xilinx/ip/util.gen 
Execute           source /storage/Programmi/Xilinx/Vivado/2018.2/common/technology/xilinx/ip/xfft.gen 
Execute           source /storage/Programmi/Xilinx/Vivado/2018.2/common/technology/xilinx/ip/xfir.gen 
Execute         source /storage/Programmi/Xilinx/Vivado/2018.2/common/technology/xilinx/common/dsp48.gen 
Execute     open_platform DefaultPlatform 
Execute     import_lib /storage/Programmi/Xilinx/Vivado/2018.2/common/technology/xilinx/zynq/zynq_fpv6 
Execute       source /storage/Programmi/Xilinx/Vivado/2018.2/common/technology/xilinx/common/xilinx_fpv7.lib 
Execute         source /storage/Programmi/Xilinx/Vivado/2018.2/common/technology/xilinx/common/xilinx_hp.lib 
Execute       source /storage/Programmi/Xilinx/Vivado/2018.2/common/technology/xilinx/common/xilinx_fpv.hlp 
Execute         source /storage/Programmi/Xilinx/Vivado/2018.2/common/technology/xilinx/common/xilinx.hlp 
Execute           source /storage/Programmi/Xilinx/Vivado/2018.2/common/technology/xilinx/common/target_info.tcl 
Execute           source /storage/Programmi/Xilinx/Vivado/2018.2/common/technology/xilinx/interface/xilinx_interface.hlp 
Execute             source /storage/Programmi/Xilinx/Vivado/2018.2/common/technology/xilinx/interface/maxi.hlp 
Execute             source /storage/Programmi/Xilinx/Vivado/2018.2/common/technology/xilinx/interface/saxilite.hlp 
Execute           source /storage/Programmi/Xilinx/Vivado/2018.2/common/technology/xilinx/common/dsp48.hlp 
Execute       source /storage/Programmi/Xilinx/Vivado/2018.2/common/technology/xilinx/zynq/zynq_hp.hlp 
Execute     source /storage/Programmi/Xilinx/Vivado/2018.2/common/technology/xilinx/zynq/zynq_fpv6.gen 
Execute       source /storage/Programmi/Xilinx/Vivado/2018.2/common/technology/xilinx/common/xilinx_fpv6.gen 
Execute     set_part xc7z020clg484-1 
Execute       add_library xilinx/zynq/zynq:xc7z020:clg484:-1 
Execute         get_default_platform 
Execute         license_isbetapart xc7z020 
Command         license_isbetapart done; error code: 1; 
Execute         get_default_platform 
Execute         config_chip_info -quiet -resource  {SLICE 13300}  {LUT 53200}     {FF 106400} {DSP48E 220}   {BRAM 280}  
Execute         config_chip_info -quiet -speed slow 
Execute       add_library xilinx/zynq/zynq_fpv6 
Execute         get_default_platform 
INFO: [HLS 200-10] Setting target device to 'xc7z020clg484-1'
Execute       get_default_platform 
Execute     get_default_platform 
Execute     config_chip_info -quiet -resource  {SLICE 13300}  {LUT 53200}     {FF 106400} {DSP48E 220}   {BRAM 280}  
Execute     config_chip_info -quiet -speed slow 
Command   open_solution done; 0.2 sec.
Execute   export_design -rtl verilog -format ip_catalog -version 1.0 -display_name conv 
Execute     source /storage/Documenti/Didattica/hpc/esercitazioni/hpc_eserc_04/hls/solution1/.autopilot/db/global.setting.tcl 
Execute     source /storage/Programmi/Xilinx/Vivado/2018.2/common/technology/generic/autopilot/common.gen 
Execute       source /storage/Programmi/Xilinx/Vivado/2018.2/common/technology/generic/autopilot/APCoreGen.gen 
Execute     source /storage/Programmi/Xilinx/Vivado/2018.2/common/technology/generic/autopilot/op.gen 
Execute     source /storage/Programmi/Xilinx/Vivado/2018.2/common/technology/generic/autopilot/op_simcore.gen 
Execute     source /storage/Programmi/Xilinx/Vivado/2018.2/common/technology/generic/autopilot/interface.gen 
Execute     source /storage/Documenti/Didattica/hpc/esercitazioni/hpc_eserc_04/hls/solution1/.autopilot/db/global.setting.tcl 
Execute     source /storage/Programmi/Xilinx/Vivado/2018.2/common/technology/xilinx/zynq/zynq.gen 
Execute       source /storage/Programmi/Xilinx/Vivado/2018.2/common/technology/xilinx/common/virtex.gen 
Execute         source /storage/Programmi/Xilinx/Vivado/2018.2/common/technology/xilinx/common/xilinx.gen 
Execute           source /storage/Programmi/Xilinx/Vivado/2018.2/common/technology/xilinx/interface/plb46.gen 
Execute           source /storage/Programmi/Xilinx/Vivado/2018.2/common/technology/xilinx/interface/fsl.gen 
Execute           source /storage/Programmi/Xilinx/Vivado/2018.2/common/technology/xilinx/interface/axi4.gen 
Execute           source /storage/Programmi/Xilinx/Vivado/2018.2/common/technology/xilinx/interface/nativeAXI4.gen 
Execute             source /storage/Programmi/Xilinx/Vivado/2018.2/common/technology/xilinx/interface/saxilite.gen 
Execute             source /storage/Programmi/Xilinx/Vivado/2018.2/common/technology/xilinx/interface/maxi.gen 
Execute           source /storage/Programmi/Xilinx/Vivado/2018.2/common/technology/xilinx/scripts/xilinxcoregen.gen 
Execute           source /storage/Programmi/Xilinx/Vivado/2018.2/common/technology/xilinx/interface/XilEDKCoreGen.gen 
Execute           source /storage/Programmi/Xilinx/Vivado/2018.2/common/technology/xilinx/ip/dds_compiler.gen 
Execute           source /storage/Programmi/Xilinx/Vivado/2018.2/common/technology/xilinx/ip/util.gen 
Execute           source /storage/Programmi/Xilinx/Vivado/2018.2/common/technology/xilinx/ip/xfft.gen 
Execute           source /storage/Programmi/Xilinx/Vivado/2018.2/common/technology/xilinx/ip/xfir.gen 
Execute         source /storage/Programmi/Xilinx/Vivado/2018.2/common/technology/xilinx/common/dsp48.gen 
Execute     source /storage/Programmi/Xilinx/Vivado/2018.2/common/technology/xilinx/zynq/zynq_fpv6.gen 
Execute       source /storage/Programmi/Xilinx/Vivado/2018.2/common/technology/xilinx/common/xilinx_fpv6.gen 
Execute     source /storage/Documenti/Didattica/hpc/esercitazioni/hpc_eserc_04/hls/solution1/.autopilot/db/global.setting.tcl 
INFO: [IMPL 213-8] Exporting RTL as a Vivado IP.
Execute     source /storage/Documenti/Didattica/hpc/esercitazioni/hpc_eserc_04/hls/solution1/.autopilot/db/global.setting.tcl 
Execute     get_config_sdx -target 
Execute     source /storage/Documenti/Didattica/hpc/esercitazioni/hpc_eserc_04/hls/solution1/.autopilot/db/global.setting.tcl 
Execute     source /storage/Programmi/Xilinx/Vivado/2018.2/common/technology/generic/autopilot/common.gen 
Execute       source /storage/Programmi/Xilinx/Vivado/2018.2/common/technology/generic/autopilot/APCoreGen.gen 
Execute     source /storage/Programmi/Xilinx/Vivado/2018.2/common/technology/generic/autopilot/op.gen 
Execute     source /storage/Programmi/Xilinx/Vivado/2018.2/common/technology/generic/autopilot/op_simcore.gen 
Execute     source /storage/Programmi/Xilinx/Vivado/2018.2/common/technology/generic/autopilot/interface.gen 
Execute     source /storage/Documenti/Didattica/hpc/esercitazioni/hpc_eserc_04/hls/solution1/.autopilot/db/global.setting.tcl 
Execute     source /storage/Programmi/Xilinx/Vivado/2018.2/common/technology/xilinx/zynq/zynq.gen 
Execute       source /storage/Programmi/Xilinx/Vivado/2018.2/common/technology/xilinx/common/virtex.gen 
Execute         source /storage/Programmi/Xilinx/Vivado/2018.2/common/technology/xilinx/common/xilinx.gen 
Execute           source /storage/Programmi/Xilinx/Vivado/2018.2/common/technology/xilinx/interface/plb46.gen 
Execute           source /storage/Programmi/Xilinx/Vivado/2018.2/common/technology/xilinx/interface/fsl.gen 
Execute           source /storage/Programmi/Xilinx/Vivado/2018.2/common/technology/xilinx/interface/axi4.gen 
Execute           source /storage/Programmi/Xilinx/Vivado/2018.2/common/technology/xilinx/interface/nativeAXI4.gen 
Execute             source /storage/Programmi/Xilinx/Vivado/2018.2/common/technology/xilinx/interface/saxilite.gen 
Execute             source /storage/Programmi/Xilinx/Vivado/2018.2/common/technology/xilinx/interface/maxi.gen 
Execute           source /storage/Programmi/Xilinx/Vivado/2018.2/common/technology/xilinx/scripts/xilinxcoregen.gen 
Execute           source /storage/Programmi/Xilinx/Vivado/2018.2/common/technology/xilinx/interface/XilEDKCoreGen.gen 
Execute           source /storage/Programmi/Xilinx/Vivado/2018.2/common/technology/xilinx/ip/dds_compiler.gen 
Execute           source /storage/Programmi/Xilinx/Vivado/2018.2/common/technology/xilinx/ip/util.gen 
Execute           source /storage/Programmi/Xilinx/Vivado/2018.2/common/technology/xilinx/ip/xfft.gen 
Execute           source /storage/Programmi/Xilinx/Vivado/2018.2/common/technology/xilinx/ip/xfir.gen 
Execute         source /storage/Programmi/Xilinx/Vivado/2018.2/common/technology/xilinx/common/dsp48.gen 
Execute     source /storage/Programmi/Xilinx/Vivado/2018.2/common/technology/xilinx/zynq/zynq_fpv6.gen 
Execute       source /storage/Programmi/Xilinx/Vivado/2018.2/common/technology/xilinx/common/xilinx_fpv6.gen 
Execute     source /storage/Documenti/Didattica/hpc/esercitazioni/hpc_eserc_04/hls/solution1/.autopilot/db/conv.rtl_wrap.cfg.tcl 
Execute     source /storage/Documenti/Didattica/hpc/esercitazioni/hpc_eserc_04/hls/solution1/.autopilot/db/conv.rtl_wrap.cfg.tcl 
Execute     source /storage/Documenti/Didattica/hpc/esercitazioni/hpc_eserc_04/hls/solution1/.autopilot/db/conv.rtl_wrap.cfg.tcl 
Execute     source /storage/Documenti/Didattica/hpc/esercitazioni/hpc_eserc_04/hls/solution1/.autopilot/db/conv.tbgen.tcl 
Execute     source /storage/Documenti/Didattica/hpc/esercitazioni/hpc_eserc_04/hls/solution1/.autopilot/db/conv.tbgen.tcl 
Execute     source /storage/Documenti/Didattica/hpc/esercitazioni/hpc_eserc_04/hls/solution1/.autopilot/db/global.setting.tcl 
Execute     source /storage/Documenti/Didattica/hpc/esercitazioni/hpc_eserc_04/hls/solution1/.autopilot/db/conv.compgen.tcl 
Execute     source /storage/Documenti/Didattica/hpc/esercitazioni/hpc_eserc_04/hls/solution1/.autopilot/db/global.setting.tcl 
Execute     source /storage/Documenti/Didattica/hpc/esercitazioni/hpc_eserc_04/hls/solution1/.autopilot/db/conv.compgen.tcl 
Execute     source /storage/Documenti/Didattica/hpc/esercitazioni/hpc_eserc_04/hls/solution1/.autopilot/db/global.setting.tcl 
Execute     source /storage/Documenti/Didattica/hpc/esercitazioni/hpc_eserc_04/hls/solution1/.autopilot/db/conv.compgen.tcl 
Execute     source /storage/Documenti/Didattica/hpc/esercitazioni/hpc_eserc_04/hls/solution1/.autopilot/db/global.setting.tcl 
Execute     source /storage/Documenti/Didattica/hpc/esercitazioni/hpc_eserc_04/hls/solution1/.autopilot/db/conv.constraint.tcl 
Execute     source /storage/Documenti/Didattica/hpc/esercitazioni/hpc_eserc_04/hls/solution1/.autopilot/db/conv.tbgen.tcl 
Execute     source /storage/Documenti/Didattica/hpc/esercitazioni/hpc_eserc_04/hls/solution1/.autopilot/db/global.setting.tcl 
Execute     source /storage/Documenti/Didattica/hpc/esercitazioni/hpc_eserc_04/hls/solution1/.autopilot/db/global.setting.tcl 
Execute     source /storage/Documenti/Didattica/hpc/esercitazioni/hpc_eserc_04/hls/solution1/.autopilot/db/global.setting.tcl 
Execute     source /storage/Documenti/Didattica/hpc/esercitazioni/hpc_eserc_04/hls/solution1/.autopilot/db/conv.tbgen.tcl 
Execute     source /storage/Documenti/Didattica/hpc/esercitazioni/hpc_eserc_04/hls/solution1/.autopilot/db/global.setting.tcl 
Execute     source /storage/Documenti/Didattica/hpc/esercitazioni/hpc_eserc_04/hls/solution1/.autopilot/db/conv.constraint.tcl 
Execute     sc_get_clocks conv 
Execute     source /storage/Documenti/Didattica/hpc/esercitazioni/hpc_eserc_04/hls/solution1/.autopilot/db/global.setting.tcl 
Execute     source /storage/Documenti/Didattica/hpc/esercitazioni/hpc_eserc_04/hls/solution1/impl/misc/conv_ap_fadd_3_full_dsp_32_ip.tcl 
Execute     source /storage/Documenti/Didattica/hpc/esercitazioni/hpc_eserc_04/hls/solution1/impl/misc/conv_ap_fmul_2_max_dsp_32_ip.tcl 
Execute     source /storage/Documenti/Didattica/hpc/esercitazioni/hpc_eserc_04/hls/solution1/impl/misc/conv_ap_fpext_0_no_dsp_32_ip.tcl 
Execute     source /storage/Documenti/Didattica/hpc/esercitazioni/hpc_eserc_04/hls/solution1/impl/misc/conv_ap_fptrunc_0_no_dsp_64_ip.tcl 
Execute     source /storage/Documenti/Didattica/hpc/esercitazioni/hpc_eserc_04/hls/solution1/impl/misc/conv_ap_sitofp_4_no_dsp_32_ip.tcl 
Execute     get_config_sdx -target 
Execute     get_config_sdx -profile 
Execute     ::config_rtl 
Execute     source /storage/Documenti/Didattica/hpc/esercitazioni/hpc_eserc_04/hls/solution1/.autopilot/db/conv.tbgen.tcl 
Execute     source /storage/Documenti/Didattica/hpc/esercitazioni/hpc_eserc_04/hls/solution1/.autopilot/db/global.setting.tcl 
Execute     source /storage/Documenti/Didattica/hpc/esercitazioni/hpc_eserc_04/hls/solution1/.autopilot/db/global.setting.tcl 
Execute     source /storage/Documenti/Didattica/hpc/esercitazioni/hpc_eserc_04/hls/solution1/.autopilot/db/conv.rtl_wrap.cfg.tcl 
Execute     source /storage/Documenti/Didattica/hpc/esercitazioni/hpc_eserc_04/hls/solution1/.autopilot/db/conv.rtl_wrap.cfg.tcl 
Execute     source /storage/Documenti/Didattica/hpc/esercitazioni/hpc_eserc_04/hls/solution1/.autopilot/db/conv.rtl_wrap.cfg.tcl 
Execute     source /storage/Documenti/Didattica/hpc/esercitazioni/hpc_eserc_04/hls/solution1/.autopilot/db/conv.tbgen.tcl 
Execute     source /storage/Documenti/Didattica/hpc/esercitazioni/hpc_eserc_04/hls/solution1/.autopilot/db/conv.tbgen.tcl 
Execute     source /storage/Documenti/Didattica/hpc/esercitazioni/hpc_eserc_04/hls/solution1/.autopilot/db/conv.tbgen.tcl 
Execute     source /storage/Documenti/Didattica/hpc/esercitazioni/hpc_eserc_04/hls/solution1/.autopilot/db/conv.rtl_wrap.cfg.tcl 
Execute     source /storage/Documenti/Didattica/hpc/esercitazioni/hpc_eserc_04/hls/solution1/.autopilot/db/conv.rtl_wrap.cfg.tcl 
Execute     source /storage/Documenti/Didattica/hpc/esercitazioni/hpc_eserc_04/hls/solution1/.autopilot/db/conv.rtl_wrap.cfg.tcl 
Execute     source /storage/Documenti/Didattica/hpc/esercitazioni/hpc_eserc_04/hls/solution1/.autopilot/db/conv.tbgen.tcl 
Execute     source /storage/Documenti/Didattica/hpc/esercitazioni/hpc_eserc_04/hls/solution1/.autopilot/db/conv.tbgen.tcl 
Execute     source /storage/Documenti/Didattica/hpc/esercitazioni/hpc_eserc_04/hls/solution1/.autopilot/db/global.setting.tcl 
Execute     source /storage/Documenti/Didattica/hpc/esercitazioni/hpc_eserc_04/hls/solution1/.autopilot/db/conv.tbgen.tcl 
Execute     source /storage/Documenti/Didattica/hpc/esercitazioni/hpc_eserc_04/hls/solution1/.autopilot/db/global.setting.tcl 
Execute     source /storage/Documenti/Didattica/hpc/esercitazioni/hpc_eserc_04/hls/solution1/.autopilot/db/conv.constraint.tcl 
Execute     source /storage/Documenti/Didattica/hpc/esercitazioni/hpc_eserc_04/hls/solution1/.autopilot/db/global.setting.tcl 
Execute     source /storage/Documenti/Didattica/hpc/esercitazioni/hpc_eserc_04/hls/solution1/.autopilot/db/global.setting.tcl 
Execute     source /storage/Documenti/Didattica/hpc/esercitazioni/hpc_eserc_04/hls/solution1/.autopilot/db/conv.constraint.tcl 
Execute     source /storage/Documenti/Didattica/hpc/esercitazioni/hpc_eserc_04/hls/solution1/.autopilot/db/conv.tbgen.tcl 
Execute     source /storage/Documenti/Didattica/hpc/esercitazioni/hpc_eserc_04/hls/solution1/.autopilot/db/global.setting.tcl 
Execute     source /storage/Documenti/Didattica/hpc/esercitazioni/hpc_eserc_04/hls/solution1/.autopilot/db/conv.constraint.tcl 
Execute     source /storage/Documenti/Didattica/hpc/esercitazioni/hpc_eserc_04/hls/solution1/.autopilot/db/conv.tbgen.tcl 
Execute     source /storage/Documenti/Didattica/hpc/esercitazioni/hpc_eserc_04/hls/solution1/.autopilot/db/global.setting.tcl 
Execute     source /storage/Programmi/Xilinx/Vivado/2018.2/common/technology/generic/autopilot/common.gen 
Execute       source /storage/Programmi/Xilinx/Vivado/2018.2/common/technology/generic/autopilot/APCoreGen.gen 
Execute     source /storage/Programmi/Xilinx/Vivado/2018.2/common/technology/generic/autopilot/op.gen 
Execute     source /storage/Programmi/Xilinx/Vivado/2018.2/common/technology/generic/autopilot/op_simcore.gen 
Execute     source /storage/Programmi/Xilinx/Vivado/2018.2/common/technology/generic/autopilot/interface.gen 
Execute     source /storage/Documenti/Didattica/hpc/esercitazioni/hpc_eserc_04/hls/solution1/.autopilot/db/global.setting.tcl 
Execute     source /storage/Programmi/Xilinx/Vivado/2018.2/common/technology/xilinx/zynq/zynq.gen 
Execute       source /storage/Programmi/Xilinx/Vivado/2018.2/common/technology/xilinx/common/virtex.gen 
Execute         source /storage/Programmi/Xilinx/Vivado/2018.2/common/technology/xilinx/common/xilinx.gen 
Execute           source /storage/Programmi/Xilinx/Vivado/2018.2/common/technology/xilinx/interface/plb46.gen 
Execute           source /storage/Programmi/Xilinx/Vivado/2018.2/common/technology/xilinx/interface/fsl.gen 
Execute           source /storage/Programmi/Xilinx/Vivado/2018.2/common/technology/xilinx/interface/axi4.gen 
Execute           source /storage/Programmi/Xilinx/Vivado/2018.2/common/technology/xilinx/interface/nativeAXI4.gen 
Execute             source /storage/Programmi/Xilinx/Vivado/2018.2/common/technology/xilinx/interface/saxilite.gen 
Execute             source /storage/Programmi/Xilinx/Vivado/2018.2/common/technology/xilinx/interface/maxi.gen 
Execute           source /storage/Programmi/Xilinx/Vivado/2018.2/common/technology/xilinx/scripts/xilinxcoregen.gen 
Execute           source /storage/Programmi/Xilinx/Vivado/2018.2/common/technology/xilinx/interface/XilEDKCoreGen.gen 
Execute           source /storage/Programmi/Xilinx/Vivado/2018.2/common/technology/xilinx/ip/dds_compiler.gen 
Execute           source /storage/Programmi/Xilinx/Vivado/2018.2/common/technology/xilinx/ip/util.gen 
Execute           source /storage/Programmi/Xilinx/Vivado/2018.2/common/technology/xilinx/ip/xfft.gen 
Execute           source /storage/Programmi/Xilinx/Vivado/2018.2/common/technology/xilinx/ip/xfir.gen 
Execute         source /storage/Programmi/Xilinx/Vivado/2018.2/common/technology/xilinx/common/dsp48.gen 
Execute     source /storage/Programmi/Xilinx/Vivado/2018.2/common/technology/xilinx/zynq/zynq_fpv6.gen 
Execute       source /storage/Programmi/Xilinx/Vivado/2018.2/common/technology/xilinx/common/xilinx_fpv6.gen 
Command   export_design done; 89.11 sec.
Command ap_source done; 89.31 sec.
Execute cleanup_all 
