11:27:22 INFO  : Registering command handlers for SDK TCF services
11:27:24 INFO  : Launching XSCT server: xsct -n -interactive /storage/Documenti/Didattica/hpc/esercitazioni/hpc_eserc_04/design/design.sdk/temp_xsdb_launch_script.tcl
11:27:31 INFO  : XSCT server has started successfully.
11:27:42 INFO  : Successfully done setting XSCT server connection channel  
11:27:42 INFO  : Successfully done setting SDK workspace  
11:27:42 INFO  : Processing command line option -hwspec /storage/Documenti/Didattica/hpc/esercitazioni/hpc_eserc_04/design/design.sdk/design_1_wrapper.hdf.
13:51:56 INFO  : Registering command handlers for SDK TCF services
13:51:58 INFO  : Launching XSCT server: xsct -n -interactive /storage/Documenti/Didattica/hpc/esercitazioni/hpc_eserc_04/design/design.sdk/temp_xsdb_launch_script.tcl
13:52:02 INFO  : XSCT server has started successfully.
13:52:02 INFO  : Successfully done setting XSCT server connection channel  
13:52:02 INFO  : Successfully done setting SDK workspace  
13:52:02 INFO  : Processing command line option -hwspec /storage/Documenti/Didattica/hpc/esercitazioni/hpc_eserc_04/design/design.sdk/design_1_wrapper.hdf.
13:52:03 INFO  : Checking for hwspec changes in the project design_1_wrapper_hw_platform_0.
13:53:06 INFO  : Connected to target on host '127.0.0.1' and port '3121'.
13:53:06 INFO  : 'targets -set -filter {jtag_cable_name =~ "Digilent Zed 210248A274C8" && level==0} -index 1' command is executed.
13:53:09 INFO  : FPGA configured successfully with bitstream "/storage/Documenti/Didattica/hpc/esercitazioni/hpc_eserc_04/design/design.sdk/design_1_wrapper_hw_platform_0/design_1_wrapper.bit"
13:56:14 INFO  : 'targets -set -filter {jtag_cable_name =~ "Digilent Zed 210248A274C8" && level==0} -index 1' command is executed.
13:56:14 INFO  : 'fpga -state' command is executed.
13:56:14 INFO  : Connected to target on host '127.0.0.1' and port '3121'.
13:56:14 INFO  : Jtag cable 'Digilent Zed 210248A274C8' is selected.
13:56:14 INFO  : 'jtag frequency' command is executed.
13:56:14 INFO  : Sourcing of '/storage/Documenti/Didattica/hpc/esercitazioni/hpc_eserc_04/design/design.sdk/design_1_wrapper_hw_platform_0/ps7_init.tcl' is done.
13:56:14 INFO  : Context for 'APU' is selected.
13:56:14 INFO  : Hardware design information is loaded from '/storage/Documenti/Didattica/hpc/esercitazioni/hpc_eserc_04/design/design.sdk/design_1_wrapper_hw_platform_0/system.hdf'.
13:56:14 INFO  : 'configparams force-mem-access 1' command is executed.
13:56:15 INFO  : Context for 'APU' is selected.
13:56:15 INFO  : 'stop' command is executed.
13:56:15 INFO  : 'ps7_init' command is executed.
13:56:15 INFO  : 'ps7_post_config' command is executed.
13:56:15 INFO  : Context for processor 'ps7_cortexa9_0' is selected.
13:56:15 INFO  : Processor reset is completed for 'ps7_cortexa9_0'.
13:56:15 INFO  : Context for processor 'ps7_cortexa9_0' is selected.
13:56:15 INFO  : The application '/storage/Documenti/Didattica/hpc/esercitazioni/hpc_eserc_04/design/design.sdk/conv/Debug/conv.elf' is downloaded to processor 'ps7_cortexa9_0'.
13:56:15 INFO  : 'configparams force-mem-access 0' command is executed.
13:56:15 INFO  : ----------------XSDB Script----------------
connect -url tcp:127.0.0.1:3121
source /storage/Documenti/Didattica/hpc/esercitazioni/hpc_eserc_04/design/design.sdk/design_1_wrapper_hw_platform_0/ps7_init.tcl
targets -set -nocase -filter {name =~"APU*" && jtag_cable_name =~ "Digilent Zed 210248A274C8"} -index 0
loadhw -hw /storage/Documenti/Didattica/hpc/esercitazioni/hpc_eserc_04/design/design.sdk/design_1_wrapper_hw_platform_0/system.hdf -mem-ranges [list {0x40000000 0xbfffffff}]
configparams force-mem-access 1
targets -set -nocase -filter {name =~"APU*" && jtag_cable_name =~ "Digilent Zed 210248A274C8"} -index 0
stop
ps7_init
ps7_post_config
targets -set -nocase -filter {name =~ "ARM*#0" && jtag_cable_name =~ "Digilent Zed 210248A274C8"} -index 0
rst -processor
targets -set -nocase -filter {name =~ "ARM*#0" && jtag_cable_name =~ "Digilent Zed 210248A274C8"} -index 0
dow /storage/Documenti/Didattica/hpc/esercitazioni/hpc_eserc_04/design/design.sdk/conv/Debug/conv.elf
configparams force-mem-access 0
----------------End of Script----------------

13:56:15 INFO  : Memory regions updated for context APU
13:56:15 INFO  : Context for processor 'ps7_cortexa9_0' is selected.
13:56:15 INFO  : 'con' command is executed.
13:56:15 INFO  : ----------------XSDB Script (After Launch)----------------
targets -set -nocase -filter {name =~ "ARM*#0" && jtag_cable_name =~ "Digilent Zed 210248A274C8"} -index 0
con
----------------End of Script----------------

13:56:15 INFO  : Launch script is exported to file '/storage/Documenti/Didattica/hpc/esercitazioni/hpc_eserc_04/design/design.sdk/.sdk/launch_scripts/xilinx_c-c++_application_(system_debugger)/system_debugger_using_debug_conv.elf_on_local.tcl'
13:57:21 INFO  : 'targets -set -filter {jtag_cable_name =~ "Digilent Zed 210248A274C8" && level==0} -index 1' command is executed.
13:57:21 INFO  : 'fpga -state' command is executed.
13:57:22 INFO  : Memory regions updated for context APU
13:57:25 ERROR : Failed to start performance analysis programatically. It can be started manually from Performance Session Manager view.
13:57:31 INFO  : Disconnected from the channel tcfchan#1.
13:57:32 INFO  : 'targets -set -filter {jtag_cable_name =~ "Digilent Zed 210248A274C8" && level==0} -index 1' command is executed.
13:57:32 INFO  : 'fpga -state' command is executed.
13:57:35 INFO  : Connected to target on host '127.0.0.1' and port '3121'.
13:57:35 INFO  : Jtag cable 'Digilent Zed 210248A274C8' is selected.
13:57:35 INFO  : 'jtag frequency' command is executed.
13:57:35 INFO  : Sourcing of '/storage/Documenti/Didattica/hpc/esercitazioni/hpc_eserc_04/design/design.sdk/design_1_wrapper_hw_platform_0/ps7_init.tcl' is done.
13:57:35 INFO  : Context for 'APU' is selected.
13:57:37 INFO  : Hardware design information is loaded from '/storage/Documenti/Didattica/hpc/esercitazioni/hpc_eserc_04/design/design.sdk/design_1_wrapper_hw_platform_0/system.hdf'.
13:57:37 INFO  : 'configparams force-mem-access 1' command is executed.
13:57:37 INFO  : Context for 'APU' is selected.
13:57:37 INFO  : 'stop' command is executed.
13:57:38 INFO  : 'ps7_init' command is executed.
13:57:38 INFO  : 'ps7_post_config' command is executed.
13:57:38 INFO  : Context for processor 'ps7_cortexa9_0' is selected.
13:57:38 INFO  : Processor reset is completed for 'ps7_cortexa9_0'.
13:57:38 INFO  : Context for processor 'ps7_cortexa9_0' is selected.
13:57:38 INFO  : The application '/storage/Documenti/Didattica/hpc/esercitazioni/hpc_eserc_04/design/design.sdk/conv/Debug/conv.elf' is downloaded to processor 'ps7_cortexa9_0'.
13:57:38 INFO  : 'configparams force-mem-access 0' command is executed.
13:57:38 INFO  : ----------------XSDB Script----------------
connect -url tcp:127.0.0.1:3121
source /storage/Documenti/Didattica/hpc/esercitazioni/hpc_eserc_04/design/design.sdk/design_1_wrapper_hw_platform_0/ps7_init.tcl
targets -set -nocase -filter {name =~"APU*" && jtag_cable_name =~ "Digilent Zed 210248A274C8"} -index 0
loadhw -hw /storage/Documenti/Didattica/hpc/esercitazioni/hpc_eserc_04/design/design.sdk/design_1_wrapper_hw_platform_0/system.hdf -mem-ranges [list {0x40000000 0xbfffffff}]
configparams force-mem-access 1
targets -set -nocase -filter {name =~"APU*" && jtag_cable_name =~ "Digilent Zed 210248A274C8"} -index 0
stop
ps7_init
ps7_post_config
targets -set -nocase -filter {name =~ "ARM*#0" && jtag_cable_name =~ "Digilent Zed 210248A274C8"} -index 0
rst -processor
targets -set -nocase -filter {name =~ "ARM*#0" && jtag_cable_name =~ "Digilent Zed 210248A274C8"} -index 0
dow /storage/Documenti/Didattica/hpc/esercitazioni/hpc_eserc_04/design/design.sdk/conv/Debug/conv.elf
configparams force-mem-access 0
----------------End of Script----------------

13:57:38 INFO  : Memory regions updated for context APU
13:57:38 INFO  : Context for processor 'ps7_cortexa9_0' is selected.
13:57:38 INFO  : 'con' command is executed.
13:57:38 INFO  : ----------------XSDB Script (After Launch)----------------
targets -set -nocase -filter {name =~ "ARM*#0" && jtag_cable_name =~ "Digilent Zed 210248A274C8"} -index 0
con
----------------End of Script----------------

13:57:38 INFO  : Launch script is exported to file '/storage/Documenti/Didattica/hpc/esercitazioni/hpc_eserc_04/design/design.sdk/.sdk/launch_scripts/xilinx_c-c++_application_(system_debugger)/system_debugger_using_debug_conv.elf_on_local.tcl'
13:57:40 INFO  : Apm configuration has been updated and stored to '/storage/Documenti/Didattica/hpc/esercitazioni/hpc_eserc_04/design/design.sdk/design_1_wrapper_hw_platform_0/apmconfigs/apm_default.json' for the project 'design_1_wrapper_hw_platform_0'
13:58:12 INFO  : Disconnected from the channel tcfchan#2.
13:58:26 INFO  : Registering command handlers for SDK TCF services
13:58:27 INFO  : Launching XSCT server: xsct -n -interactive /storage/Documenti/Didattica/hpc/esercitazioni/hpc_eserc_04/design/design.sdk/temp_xsdb_launch_script.tcl
13:58:31 INFO  : XSCT server has started successfully.
13:58:31 INFO  : Successfully done setting XSCT server connection channel  
13:58:32 INFO  : Successfully done setting SDK workspace  
13:58:32 INFO  : Processing command line option -hwspec /storage/Documenti/Didattica/hpc/esercitazioni/hpc_eserc_04/design/design.sdk/design_1_wrapper.hdf.
13:58:32 INFO  : Checking for hwspec changes in the project design_1_wrapper_hw_platform_0.
13:59:24 INFO  : 'targets -set -filter {jtag_cable_name =~ "Digilent Zed 210248A274C8" && level==0} -index 1' command is executed.
13:59:24 INFO  : 'fpga -state' command is executed.
13:59:27 INFO  : Connected to target on host '127.0.0.1' and port '3121'.
13:59:27 INFO  : Jtag cable 'Digilent Zed 210248A274C8' is selected.
13:59:27 INFO  : 'jtag frequency' command is executed.
13:59:27 INFO  : Sourcing of '/storage/Documenti/Didattica/hpc/esercitazioni/hpc_eserc_04/design/design.sdk/design_1_wrapper_hw_platform_0/ps7_init.tcl' is done.
13:59:27 INFO  : Context for 'APU' is selected.
13:59:27 INFO  : Hardware design information is loaded from '/storage/Documenti/Didattica/hpc/esercitazioni/hpc_eserc_04/design/design.sdk/design_1_wrapper_hw_platform_0/system.hdf'.
13:59:27 INFO  : 'configparams force-mem-access 1' command is executed.
13:59:27 INFO  : Context for 'APU' is selected.
13:59:27 INFO  : 'stop' command is executed.
13:59:27 INFO  : 'ps7_init' command is executed.
13:59:27 INFO  : 'ps7_post_config' command is executed.
13:59:27 INFO  : Context for processor 'ps7_cortexa9_0' is selected.
13:59:27 INFO  : Processor reset is completed for 'ps7_cortexa9_0'.
13:59:27 INFO  : Context for processor 'ps7_cortexa9_0' is selected.
13:59:28 INFO  : The application '/storage/Documenti/Didattica/hpc/esercitazioni/hpc_eserc_04/design/design.sdk/conv/Debug/conv.elf' is downloaded to processor 'ps7_cortexa9_0'.
13:59:28 INFO  : 'configparams force-mem-access 0' command is executed.
13:59:28 INFO  : ----------------XSDB Script----------------
connect -url tcp:127.0.0.1:3121
source /storage/Documenti/Didattica/hpc/esercitazioni/hpc_eserc_04/design/design.sdk/design_1_wrapper_hw_platform_0/ps7_init.tcl
targets -set -nocase -filter {name =~"APU*" && jtag_cable_name =~ "Digilent Zed 210248A274C8"} -index 0
loadhw -hw /storage/Documenti/Didattica/hpc/esercitazioni/hpc_eserc_04/design/design.sdk/design_1_wrapper_hw_platform_0/system.hdf -mem-ranges [list {0x40000000 0xbfffffff}]
configparams force-mem-access 1
targets -set -nocase -filter {name =~"APU*" && jtag_cable_name =~ "Digilent Zed 210248A274C8"} -index 0
stop
ps7_init
ps7_post_config
targets -set -nocase -filter {name =~ "ARM*#0" && jtag_cable_name =~ "Digilent Zed 210248A274C8"} -index 0
rst -processor
targets -set -nocase -filter {name =~ "ARM*#0" && jtag_cable_name =~ "Digilent Zed 210248A274C8"} -index 0
dow /storage/Documenti/Didattica/hpc/esercitazioni/hpc_eserc_04/design/design.sdk/conv/Debug/conv.elf
configparams force-mem-access 0
----------------End of Script----------------

13:59:28 INFO  : Memory regions updated for context APU
13:59:28 INFO  : Context for processor 'ps7_cortexa9_0' is selected.
13:59:28 INFO  : 'con' command is executed.
13:59:28 INFO  : ----------------XSDB Script (After Launch)----------------
targets -set -nocase -filter {name =~ "ARM*#0" && jtag_cable_name =~ "Digilent Zed 210248A274C8"} -index 0
con
----------------End of Script----------------

13:59:28 INFO  : Launch script is exported to file '/storage/Documenti/Didattica/hpc/esercitazioni/hpc_eserc_04/design/design.sdk/.sdk/launch_scripts/xilinx_c-c++_application_(system_debugger)/system_debugger_using_debug_conv.elf_on_local.tcl'
14:01:04 INFO  : Connected to target on host '127.0.0.1' and port '3121'.
14:01:04 INFO  : 'targets -set -filter {jtag_cable_name =~ "Digilent Zed 210248A274C8" && level==0} -index 1' command is executed.
14:01:07 INFO  : FPGA configured successfully with bitstream "/storage/Documenti/Didattica/hpc/esercitazioni/hpc_eserc_04/design/design.sdk/design_1_wrapper_hw_platform_0/design_1_wrapper.bit"
14:01:44 INFO  : Disconnected from the channel tcfchan#1.
14:01:45 INFO  : 'targets -set -filter {jtag_cable_name =~ "Digilent Zed 210248A274C8" && level==0} -index 1' command is executed.
14:01:45 INFO  : 'fpga -state' command is executed.
14:01:45 INFO  : Connected to target on host '127.0.0.1' and port '3121'.
14:01:45 INFO  : Jtag cable 'Digilent Zed 210248A274C8' is selected.
14:01:45 INFO  : 'jtag frequency' command is executed.
14:01:45 INFO  : Sourcing of '/storage/Documenti/Didattica/hpc/esercitazioni/hpc_eserc_04/design/design.sdk/design_1_wrapper_hw_platform_0/ps7_init.tcl' is done.
14:01:45 INFO  : Context for 'APU' is selected.
14:01:47 INFO  : Hardware design information is loaded from '/storage/Documenti/Didattica/hpc/esercitazioni/hpc_eserc_04/design/design.sdk/design_1_wrapper_hw_platform_0/system.hdf'.
14:01:47 INFO  : 'configparams force-mem-access 1' command is executed.
14:01:47 INFO  : Context for 'APU' is selected.
14:01:47 INFO  : 'stop' command is executed.
14:01:47 INFO  : 'ps7_init' command is executed.
14:01:47 INFO  : 'ps7_post_config' command is executed.
14:01:47 INFO  : Context for processor 'ps7_cortexa9_0' is selected.
14:01:47 INFO  : Processor reset is completed for 'ps7_cortexa9_0'.
14:01:47 INFO  : Context for processor 'ps7_cortexa9_0' is selected.
14:01:48 INFO  : The application '/storage/Documenti/Didattica/hpc/esercitazioni/hpc_eserc_04/design/design.sdk/conv/Debug/conv.elf' is downloaded to processor 'ps7_cortexa9_0'.
14:01:48 INFO  : 'configparams force-mem-access 0' command is executed.
14:01:48 INFO  : ----------------XSDB Script----------------
connect -url tcp:127.0.0.1:3121
source /storage/Documenti/Didattica/hpc/esercitazioni/hpc_eserc_04/design/design.sdk/design_1_wrapper_hw_platform_0/ps7_init.tcl
targets -set -nocase -filter {name =~"APU*" && jtag_cable_name =~ "Digilent Zed 210248A274C8"} -index 0
loadhw -hw /storage/Documenti/Didattica/hpc/esercitazioni/hpc_eserc_04/design/design.sdk/design_1_wrapper_hw_platform_0/system.hdf -mem-ranges [list {0x40000000 0xbfffffff}]
configparams force-mem-access 1
targets -set -nocase -filter {name =~"APU*" && jtag_cable_name =~ "Digilent Zed 210248A274C8"} -index 0
stop
ps7_init
ps7_post_config
targets -set -nocase -filter {name =~ "ARM*#0" && jtag_cable_name =~ "Digilent Zed 210248A274C8"} -index 0
rst -processor
targets -set -nocase -filter {name =~ "ARM*#0" && jtag_cable_name =~ "Digilent Zed 210248A274C8"} -index 0
dow /storage/Documenti/Didattica/hpc/esercitazioni/hpc_eserc_04/design/design.sdk/conv/Debug/conv.elf
configparams force-mem-access 0
----------------End of Script----------------

14:01:48 INFO  : Memory regions updated for context APU
14:01:48 INFO  : Context for processor 'ps7_cortexa9_0' is selected.
14:01:48 INFO  : 'con' command is executed.
14:01:48 INFO  : ----------------XSDB Script (After Launch)----------------
targets -set -nocase -filter {name =~ "ARM*#0" && jtag_cable_name =~ "Digilent Zed 210248A274C8"} -index 0
con
----------------End of Script----------------

14:01:48 INFO  : Launch script is exported to file '/storage/Documenti/Didattica/hpc/esercitazioni/hpc_eserc_04/design/design.sdk/.sdk/launch_scripts/xilinx_c-c++_application_(system_debugger)/system_debugger_using_debug_conv.elf_on_local.tcl'
14:02:36 INFO  : Disconnected from the channel tcfchan#2.
