#-----------------------------------------------------------
# Webtalk v2018.2 (64-bit)
# SW Build 2258646 on Thu Jun 14 20:02:38 MDT 2018
# 
# Start of session at: Fri Apr 26 15:10:49 2019
# Process ID: 31370
# Current directory: /storage/Documenti/Didattica/hpc/esercitazioni/hpc_eserc_02/design/design.sdk/webtalk
# Command line: wbtcv -mode batch -source sdk_webtalk.tcl
# Log file: /storage/Documenti/Didattica/hpc/esercitazioni/hpc_eserc_02/design/design.sdk/webtalk/webtalk.log
# Journal file: /storage/Documenti/Didattica/hpc/esercitazioni/hpc_eserc_02/design/design.sdk/webtalk/webtalk.jou
#-----------------------------------------------------------
source sdk_webtalk.tcl
# webtalk_init -webtalk_dir /storage/Documenti/Didattica/hpc/esercitazioni/hpc_eserc_02/design/design.sdk/webtalk
# webtalk_register_client -client project
# webtalk_add_data -client project -key date_generated -value "2019-04-26 15:10:48" -context "software_version_and_target_device"
# webtalk_add_data -client project -key product_version -value "SDK v2018.2" -context "software_version_and_target_device"
# webtalk_add_data -client project -key build_version -value "2018.2" -context "software_version_and_target_device"
# webtalk_add_data -client project -key os_platform -value "amd64" -context "software_version_and_target_device"
# webtalk_add_data -client project -key registration_id -value "" -context "software_version_and_target_device"
# webtalk_add_data -client project -key tool_flow -value "SDK" -context "software_version_and_target_device"
# webtalk_add_data -client project -key beta -value "false" -context "software_version_and_target_device"
# webtalk_add_data -client project -key route_design -value "NA" -context "software_version_and_target_device"
# webtalk_add_data -client project -key target_family -value "NA" -context "software_version_and_target_device"
# webtalk_add_data -client project -key target_device -value "NA" -context "software_version_and_target_device"
# webtalk_add_data -client project -key target_package -value "NA" -context "software_version_and_target_device"
# webtalk_add_data -client project -key target_speed -value "NA" -context "software_version_and_target_device"
# webtalk_add_data -client project -key random_id -value "inb5enotb08eb08h3t68i9vbmi" -context "software_version_and_target_device"
# webtalk_add_data -client project -key project_id -value "2018.2_25" -context "software_version_and_target_device"
# webtalk_add_data -client project -key project_iteration -value "25" -context "software_version_and_target_device"
# webtalk_add_data -client project -key os_name -value "Ubuntu" -context "user_environment"
# webtalk_add_data -client project -key os_release -value "Ubuntu 18.04.2 LTS" -context "user_environment"
# webtalk_add_data -client project -key cpu_name -value "Intel(R) Core(TM) i5-8250U CPU @ 1.60GHz" -context "user_environment"
# webtalk_add_data -client project -key cpu_speed -value "2899.327 MHz" -context "user_environment"
# webtalk_add_data -client project -key total_processors -value "1" -context "user_environment"
# webtalk_add_data -client project -key system_ram -value "8,223 GB" -context "user_environment"
# webtalk_register_client -client sdk
# webtalk_add_data -client sdk -key uid -value "1556284089000" -context "sdk\\\\bsp/1556284089000"
# webtalk_add_data -client sdk -key hwid -value "1556279333000" -context "sdk\\\\bsp/1556284089000"
# webtalk_add_data -client sdk -key os -value "standalone" -context "sdk\\\\bsp/1556284089000"
# webtalk_add_data -client sdk -key apptemplate -value "hello_world" -context "sdk\\\\bsp/1556284089000"
# webtalk_add_data -client sdk -key RecordType -value "BSPCreation" -context "sdk\\\\bsp/1556284089000"
# webtalk_add_data -client sdk -key uid -value "1556284105000" -context "sdk\\\\application/1556284105000"
# webtalk_add_data -client sdk -key hwid -value "1556279333000" -context "sdk\\\\application/1556284105000"
# webtalk_add_data -client sdk -key bspid -value "1556284089000" -context "sdk\\\\application/1556284105000"
# webtalk_add_data -client sdk -key newbsp -value "true" -context "sdk\\\\application/1556284105000"
# webtalk_add_data -client sdk -key os -value "standalone" -context "sdk\\\\application/1556284105000"
# webtalk_add_data -client sdk -key apptemplate -value "hello_world" -context "sdk\\\\application/1556284105000"
# webtalk_add_data -client sdk -key RecordType -value "APPCreation" -context "sdk\\\\application/1556284105000"
# webtalk_add_data -client sdk -key LangUsed -value "C" -context "sdk\\\\application/1556284105000"
# webtalk_add_data -client sdk -key Procused -value "ps7_cortexa9" -context "sdk\\\\application/1556284105000"
# webtalk_add_data -client sdk -key projSize -value "306.5546875" -context "sdk\\\\application/1556284105000"
# webtalk_add_data -client sdk -key uid -value "NA" -context "sdk\\\\bsp/1556284248129"
# webtalk_add_data -client sdk -key RecordType -value "ToolUsage" -context "sdk\\\\bsp/1556284248129"
# webtalk_add_data -client sdk -key BootgenCount -value "0" -context "sdk\\\\bsp/1556284248129"
# webtalk_add_data -client sdk -key DebugCount -value "0" -context "sdk\\\\bsp/1556284248129"
# webtalk_add_data -client sdk -key PerfCount -value "0" -context "sdk\\\\bsp/1556284248129"
# webtalk_add_data -client sdk -key FlashCount -value "0" -context "sdk\\\\bsp/1556284248129"
# webtalk_add_data -client sdk -key CrossTriggCount -value "0" -context "sdk\\\\bsp/1556284248129"
# webtalk_add_data -client sdk -key QemuDebugCount -value "0" -context "sdk\\\\bsp/1556284248129"
# webtalk_transmit -clientid 112726531 -regid "" -xml /storage/Documenti/Didattica/hpc/esercitazioni/hpc_eserc_02/design/design.sdk/webtalk/usage_statistics_ext_sdk.xml -html /storage/Documenti/Didattica/hpc/esercitazioni/hpc_eserc_02/design/design.sdk/webtalk/usage_statistics_ext_sdk.html -wdm /storage/Documenti/Didattica/hpc/esercitazioni/hpc_eserc_02/design/design.sdk/webtalk/sdk_webtalk.wdm -intro "<H3>SDK Usage Report</H3><BR>"
INFO: [Common 17-186] '/storage/Documenti/Didattica/hpc/esercitazioni/hpc_eserc_02/design/design.sdk/webtalk/usage_statistics_ext_sdk.xml' has been successfully sent to Xilinx on Fri Apr 26 15:10:54 2019. For additional details about this file, please refer to the WebTalk help file at /storage/Programmi/Xilinx/SDK/2018.2/doc/webtalk_introduction.html.
webtalk_transmit: Time (s): cpu = 00:00:00.80 ; elapsed = 00:00:05 . Memory (MB): peak = 302.855 ; gain = 0.000 ; free physical = 1034 ; free virtual = 8856
# webtalk_terminate
INFO: [Common 17-206] Exiting Webtalk at Fri Apr 26 15:10:54 2019...
