14:17:26 INFO  : Registering command handlers for SDK TCF services
14:17:28 INFO  : Launching XSCT server: xsct -n -interactive /storage/Documenti/Didattica/hpc/esercitazioni/hpc_eserc_03/design/design.sdk/temp_xsdb_launch_script.tcl
14:17:32 INFO  : XSCT server has started successfully.
14:17:32 INFO  : Successfully done setting XSCT server connection channel  
14:17:32 INFO  : Successfully done setting SDK workspace  
14:17:32 INFO  : Processing command line option -hwspec /storage/Documenti/Didattica/hpc/esercitazioni/hpc_eserc_03/design/design.sdk/design_1_wrapper.hdf.
14:19:25 INFO  : Connected to target on host '127.0.0.1' and port '3121'.
14:19:26 INFO  : 'targets -set -filter {jtag_cable_name =~ "Digilent Zed 210248A274C8" && level==0} -index 1' command is executed.
14:19:29 INFO  : FPGA configured successfully with bitstream "/storage/Documenti/Didattica/hpc/esercitazioni/hpc_eserc_03/design/design.sdk/design_1_wrapper_hw_platform_0/design_1_wrapper.bit"
14:19:39 INFO  : 'targets -set -filter {jtag_cable_name =~ "Digilent Zed 210248A274C8" && level==0} -index 1' command is executed.
14:19:39 INFO  : 'fpga -state' command is executed.
14:19:39 INFO  : Connected to target on host '127.0.0.1' and port '3121'.
14:19:39 INFO  : Jtag cable 'Digilent Zed 210248A274C8' is selected.
14:19:39 INFO  : 'jtag frequency' command is executed.
14:19:39 INFO  : Sourcing of '/storage/Documenti/Didattica/hpc/esercitazioni/hpc_eserc_03/design/design.sdk/design_1_wrapper_hw_platform_0/ps7_init.tcl' is done.
14:19:39 INFO  : Context for 'APU' is selected.
14:19:39 INFO  : Hardware design information is loaded from '/storage/Documenti/Didattica/hpc/esercitazioni/hpc_eserc_03/design/design.sdk/design_1_wrapper_hw_platform_0/system.hdf'.
14:19:39 INFO  : 'configparams force-mem-access 1' command is executed.
14:19:39 INFO  : Context for 'APU' is selected.
14:19:39 INFO  : 'stop' command is executed.
14:19:40 INFO  : 'ps7_init' command is executed.
14:19:40 INFO  : 'ps7_post_config' command is executed.
14:19:40 INFO  : Context for processor 'ps7_cortexa9_0' is selected.
14:19:40 INFO  : Processor reset is completed for 'ps7_cortexa9_0'.
14:19:40 INFO  : Context for processor 'ps7_cortexa9_0' is selected.
14:19:40 INFO  : The application '/storage/Documenti/Didattica/hpc/esercitazioni/hpc_eserc_03/design/design.sdk/copyMem/Debug/copyMem.elf' is downloaded to processor 'ps7_cortexa9_0'.
14:19:40 INFO  : 'configparams force-mem-access 0' command is executed.
14:19:40 INFO  : ----------------XSDB Script----------------
connect -url tcp:127.0.0.1:3121
source /storage/Documenti/Didattica/hpc/esercitazioni/hpc_eserc_03/design/design.sdk/design_1_wrapper_hw_platform_0/ps7_init.tcl
targets -set -nocase -filter {name =~"APU*" && jtag_cable_name =~ "Digilent Zed 210248A274C8"} -index 0
loadhw -hw /storage/Documenti/Didattica/hpc/esercitazioni/hpc_eserc_03/design/design.sdk/design_1_wrapper_hw_platform_0/system.hdf -mem-ranges [list {0x40000000 0xbfffffff}]
configparams force-mem-access 1
targets -set -nocase -filter {name =~"APU*" && jtag_cable_name =~ "Digilent Zed 210248A274C8"} -index 0
stop
ps7_init
ps7_post_config
targets -set -nocase -filter {name =~ "ARM*#0" && jtag_cable_name =~ "Digilent Zed 210248A274C8"} -index 0
rst -processor
targets -set -nocase -filter {name =~ "ARM*#0" && jtag_cable_name =~ "Digilent Zed 210248A274C8"} -index 0
dow /storage/Documenti/Didattica/hpc/esercitazioni/hpc_eserc_03/design/design.sdk/copyMem/Debug/copyMem.elf
configparams force-mem-access 0
----------------End of Script----------------

14:19:40 INFO  : Memory regions updated for context APU
14:19:40 INFO  : Context for processor 'ps7_cortexa9_0' is selected.
14:19:40 INFO  : 'con' command is executed.
14:19:40 INFO  : ----------------XSDB Script (After Launch)----------------
targets -set -nocase -filter {name =~ "ARM*#0" && jtag_cable_name =~ "Digilent Zed 210248A274C8"} -index 0
con
----------------End of Script----------------

14:19:40 INFO  : Launch script is exported to file '/storage/Documenti/Didattica/hpc/esercitazioni/hpc_eserc_03/design/design.sdk/.sdk/launch_scripts/xilinx_c-c++_application_(system_debugger)/system_debugger_using_debug_copymem.elf_on_local.tcl'
14:19:57 INFO  : Disconnected from the channel tcfchan#1.
14:19:58 INFO  : 'targets -set -filter {jtag_cable_name =~ "Digilent Zed 210248A274C8" && level==0} -index 1' command is executed.
14:19:58 INFO  : 'fpga -state' command is executed.
14:19:58 INFO  : Connected to target on host '127.0.0.1' and port '3121'.
14:19:58 INFO  : Jtag cable 'Digilent Zed 210248A274C8' is selected.
14:19:58 INFO  : 'jtag frequency' command is executed.
14:19:58 INFO  : Sourcing of '/storage/Documenti/Didattica/hpc/esercitazioni/hpc_eserc_03/design/design.sdk/design_1_wrapper_hw_platform_0/ps7_init.tcl' is done.
14:19:58 INFO  : Context for 'APU' is selected.
14:20:00 INFO  : Hardware design information is loaded from '/storage/Documenti/Didattica/hpc/esercitazioni/hpc_eserc_03/design/design.sdk/design_1_wrapper_hw_platform_0/system.hdf'.
14:20:00 INFO  : 'configparams force-mem-access 1' command is executed.
14:20:00 INFO  : Context for 'APU' is selected.
14:20:00 INFO  : 'stop' command is executed.
14:20:00 INFO  : 'ps7_init' command is executed.
14:20:00 INFO  : 'ps7_post_config' command is executed.
14:20:00 INFO  : Context for processor 'ps7_cortexa9_0' is selected.
14:20:00 INFO  : Processor reset is completed for 'ps7_cortexa9_0'.
14:20:00 INFO  : Context for processor 'ps7_cortexa9_0' is selected.
14:20:00 INFO  : The application '/storage/Documenti/Didattica/hpc/esercitazioni/hpc_eserc_03/design/design.sdk/copyMem/Debug/copyMem.elf' is downloaded to processor 'ps7_cortexa9_0'.
14:20:00 INFO  : 'configparams force-mem-access 0' command is executed.
14:20:00 INFO  : ----------------XSDB Script----------------
connect -url tcp:127.0.0.1:3121
source /storage/Documenti/Didattica/hpc/esercitazioni/hpc_eserc_03/design/design.sdk/design_1_wrapper_hw_platform_0/ps7_init.tcl
targets -set -nocase -filter {name =~"APU*" && jtag_cable_name =~ "Digilent Zed 210248A274C8"} -index 0
loadhw -hw /storage/Documenti/Didattica/hpc/esercitazioni/hpc_eserc_03/design/design.sdk/design_1_wrapper_hw_platform_0/system.hdf -mem-ranges [list {0x40000000 0xbfffffff}]
configparams force-mem-access 1
targets -set -nocase -filter {name =~"APU*" && jtag_cable_name =~ "Digilent Zed 210248A274C8"} -index 0
stop
ps7_init
ps7_post_config
targets -set -nocase -filter {name =~ "ARM*#0" && jtag_cable_name =~ "Digilent Zed 210248A274C8"} -index 0
rst -processor
targets -set -nocase -filter {name =~ "ARM*#0" && jtag_cable_name =~ "Digilent Zed 210248A274C8"} -index 0
dow /storage/Documenti/Didattica/hpc/esercitazioni/hpc_eserc_03/design/design.sdk/copyMem/Debug/copyMem.elf
configparams force-mem-access 0
----------------End of Script----------------

14:20:00 INFO  : Memory regions updated for context APU
14:20:00 INFO  : Context for processor 'ps7_cortexa9_0' is selected.
14:20:00 INFO  : 'con' command is executed.
14:20:00 INFO  : ----------------XSDB Script (After Launch)----------------
targets -set -nocase -filter {name =~ "ARM*#0" && jtag_cable_name =~ "Digilent Zed 210248A274C8"} -index 0
con
----------------End of Script----------------

14:20:00 INFO  : Launch script is exported to file '/storage/Documenti/Didattica/hpc/esercitazioni/hpc_eserc_03/design/design.sdk/.sdk/launch_scripts/xilinx_c-c++_application_(system_debugger)/system_debugger_using_debug_copymem.elf_on_local.tcl'
14:20:24 INFO  : Disconnected from the channel tcfchan#2.
14:20:25 INFO  : 'targets -set -filter {jtag_cable_name =~ "Digilent Zed 210248A274C8" && level==0} -index 1' command is executed.
14:20:25 INFO  : 'fpga -state' command is executed.
14:20:25 INFO  : Connected to target on host '127.0.0.1' and port '3121'.
14:20:25 INFO  : Jtag cable 'Digilent Zed 210248A274C8' is selected.
14:20:25 INFO  : 'jtag frequency' command is executed.
14:20:25 INFO  : Sourcing of '/storage/Documenti/Didattica/hpc/esercitazioni/hpc_eserc_03/design/design.sdk/design_1_wrapper_hw_platform_0/ps7_init.tcl' is done.
14:20:25 INFO  : Context for 'APU' is selected.
14:20:27 INFO  : Hardware design information is loaded from '/storage/Documenti/Didattica/hpc/esercitazioni/hpc_eserc_03/design/design.sdk/design_1_wrapper_hw_platform_0/system.hdf'.
14:20:27 INFO  : 'configparams force-mem-access 1' command is executed.
14:20:27 INFO  : Context for 'APU' is selected.
14:20:27 INFO  : 'stop' command is executed.
14:20:28 INFO  : 'ps7_init' command is executed.
14:20:28 INFO  : 'ps7_post_config' command is executed.
14:20:28 INFO  : Context for processor 'ps7_cortexa9_0' is selected.
14:20:28 INFO  : Processor reset is completed for 'ps7_cortexa9_0'.
14:20:28 INFO  : Context for processor 'ps7_cortexa9_0' is selected.
14:20:28 INFO  : The application '/storage/Documenti/Didattica/hpc/esercitazioni/hpc_eserc_03/design/design.sdk/copyMem/Debug/copyMem.elf' is downloaded to processor 'ps7_cortexa9_0'.
14:20:28 INFO  : 'configparams force-mem-access 0' command is executed.
14:20:28 INFO  : ----------------XSDB Script----------------
connect -url tcp:127.0.0.1:3121
source /storage/Documenti/Didattica/hpc/esercitazioni/hpc_eserc_03/design/design.sdk/design_1_wrapper_hw_platform_0/ps7_init.tcl
targets -set -nocase -filter {name =~"APU*" && jtag_cable_name =~ "Digilent Zed 210248A274C8"} -index 0
loadhw -hw /storage/Documenti/Didattica/hpc/esercitazioni/hpc_eserc_03/design/design.sdk/design_1_wrapper_hw_platform_0/system.hdf -mem-ranges [list {0x40000000 0xbfffffff}]
configparams force-mem-access 1
targets -set -nocase -filter {name =~"APU*" && jtag_cable_name =~ "Digilent Zed 210248A274C8"} -index 0
stop
ps7_init
ps7_post_config
targets -set -nocase -filter {name =~ "ARM*#0" && jtag_cable_name =~ "Digilent Zed 210248A274C8"} -index 0
rst -processor
targets -set -nocase -filter {name =~ "ARM*#0" && jtag_cable_name =~ "Digilent Zed 210248A274C8"} -index 0
dow /storage/Documenti/Didattica/hpc/esercitazioni/hpc_eserc_03/design/design.sdk/copyMem/Debug/copyMem.elf
configparams force-mem-access 0
----------------End of Script----------------

14:20:28 INFO  : Memory regions updated for context APU
14:20:28 INFO  : Context for processor 'ps7_cortexa9_0' is selected.
14:20:28 INFO  : 'con' command is executed.
14:20:28 INFO  : ----------------XSDB Script (After Launch)----------------
targets -set -nocase -filter {name =~ "ARM*#0" && jtag_cable_name =~ "Digilent Zed 210248A274C8"} -index 0
con
----------------End of Script----------------

14:20:28 INFO  : Launch script is exported to file '/storage/Documenti/Didattica/hpc/esercitazioni/hpc_eserc_03/design/design.sdk/.sdk/launch_scripts/xilinx_c-c++_application_(system_debugger)/system_debugger_using_debug_copymem.elf_on_local.tcl'
14:20:45 INFO  : Disconnected from the channel tcfchan#3.
14:20:46 INFO  : 'targets -set -filter {jtag_cable_name =~ "Digilent Zed 210248A274C8" && level==0} -index 1' command is executed.
14:20:46 INFO  : 'fpga -state' command is executed.
14:20:46 INFO  : Connected to target on host '127.0.0.1' and port '3121'.
14:20:46 INFO  : Jtag cable 'Digilent Zed 210248A274C8' is selected.
14:20:46 INFO  : 'jtag frequency' command is executed.
14:20:46 INFO  : Sourcing of '/storage/Documenti/Didattica/hpc/esercitazioni/hpc_eserc_03/design/design.sdk/design_1_wrapper_hw_platform_0/ps7_init.tcl' is done.
14:20:46 INFO  : Context for 'APU' is selected.
14:20:48 INFO  : Hardware design information is loaded from '/storage/Documenti/Didattica/hpc/esercitazioni/hpc_eserc_03/design/design.sdk/design_1_wrapper_hw_platform_0/system.hdf'.
14:20:48 INFO  : 'configparams force-mem-access 1' command is executed.
14:20:48 INFO  : Context for 'APU' is selected.
14:20:48 INFO  : 'stop' command is executed.
14:20:48 INFO  : 'ps7_init' command is executed.
14:20:48 INFO  : 'ps7_post_config' command is executed.
14:20:48 INFO  : Context for processor 'ps7_cortexa9_0' is selected.
14:20:48 INFO  : Processor reset is completed for 'ps7_cortexa9_0'.
14:20:48 INFO  : Context for processor 'ps7_cortexa9_0' is selected.
14:20:49 INFO  : The application '/storage/Documenti/Didattica/hpc/esercitazioni/hpc_eserc_03/design/design.sdk/copyMem/Debug/copyMem.elf' is downloaded to processor 'ps7_cortexa9_0'.
14:20:49 INFO  : 'configparams force-mem-access 0' command is executed.
14:20:49 INFO  : ----------------XSDB Script----------------
connect -url tcp:127.0.0.1:3121
source /storage/Documenti/Didattica/hpc/esercitazioni/hpc_eserc_03/design/design.sdk/design_1_wrapper_hw_platform_0/ps7_init.tcl
targets -set -nocase -filter {name =~"APU*" && jtag_cable_name =~ "Digilent Zed 210248A274C8"} -index 0
loadhw -hw /storage/Documenti/Didattica/hpc/esercitazioni/hpc_eserc_03/design/design.sdk/design_1_wrapper_hw_platform_0/system.hdf -mem-ranges [list {0x40000000 0xbfffffff}]
configparams force-mem-access 1
targets -set -nocase -filter {name =~"APU*" && jtag_cable_name =~ "Digilent Zed 210248A274C8"} -index 0
stop
ps7_init
ps7_post_config
targets -set -nocase -filter {name =~ "ARM*#0" && jtag_cable_name =~ "Digilent Zed 210248A274C8"} -index 0
rst -processor
targets -set -nocase -filter {name =~ "ARM*#0" && jtag_cable_name =~ "Digilent Zed 210248A274C8"} -index 0
dow /storage/Documenti/Didattica/hpc/esercitazioni/hpc_eserc_03/design/design.sdk/copyMem/Debug/copyMem.elf
configparams force-mem-access 0
----------------End of Script----------------

14:20:49 INFO  : Memory regions updated for context APU
14:20:49 INFO  : Context for processor 'ps7_cortexa9_0' is selected.
14:20:49 INFO  : 'con' command is executed.
14:20:49 INFO  : ----------------XSDB Script (After Launch)----------------
targets -set -nocase -filter {name =~ "ARM*#0" && jtag_cable_name =~ "Digilent Zed 210248A274C8"} -index 0
con
----------------End of Script----------------

14:20:49 INFO  : Launch script is exported to file '/storage/Documenti/Didattica/hpc/esercitazioni/hpc_eserc_03/design/design.sdk/.sdk/launch_scripts/xilinx_c-c++_application_(system_debugger)/system_debugger_using_debug_copymem.elf_on_local.tcl'
14:21:06 INFO  : Disconnected from the channel tcfchan#4.
14:21:07 INFO  : 'targets -set -filter {jtag_cable_name =~ "Digilent Zed 210248A274C8" && level==0} -index 1' command is executed.
14:21:08 INFO  : 'fpga -state' command is executed.
14:21:08 INFO  : Connected to target on host '127.0.0.1' and port '3121'.
14:21:08 INFO  : Jtag cable 'Digilent Zed 210248A274C8' is selected.
14:21:08 INFO  : 'jtag frequency' command is executed.
14:21:08 INFO  : Sourcing of '/storage/Documenti/Didattica/hpc/esercitazioni/hpc_eserc_03/design/design.sdk/design_1_wrapper_hw_platform_0/ps7_init.tcl' is done.
14:21:08 INFO  : Context for 'APU' is selected.
14:21:09 INFO  : Hardware design information is loaded from '/storage/Documenti/Didattica/hpc/esercitazioni/hpc_eserc_03/design/design.sdk/design_1_wrapper_hw_platform_0/system.hdf'.
14:21:09 INFO  : 'configparams force-mem-access 1' command is executed.
14:21:09 INFO  : Context for 'APU' is selected.
14:21:09 INFO  : 'stop' command is executed.
14:21:10 INFO  : 'ps7_init' command is executed.
14:21:10 INFO  : 'ps7_post_config' command is executed.
14:21:10 INFO  : Context for processor 'ps7_cortexa9_0' is selected.
14:21:10 INFO  : Processor reset is completed for 'ps7_cortexa9_0'.
14:21:10 INFO  : Context for processor 'ps7_cortexa9_0' is selected.
14:21:10 INFO  : The application '/storage/Documenti/Didattica/hpc/esercitazioni/hpc_eserc_03/design/design.sdk/copyMem/Debug/copyMem.elf' is downloaded to processor 'ps7_cortexa9_0'.
14:21:10 INFO  : 'configparams force-mem-access 0' command is executed.
14:21:10 INFO  : ----------------XSDB Script----------------
connect -url tcp:127.0.0.1:3121
source /storage/Documenti/Didattica/hpc/esercitazioni/hpc_eserc_03/design/design.sdk/design_1_wrapper_hw_platform_0/ps7_init.tcl
targets -set -nocase -filter {name =~"APU*" && jtag_cable_name =~ "Digilent Zed 210248A274C8"} -index 0
loadhw -hw /storage/Documenti/Didattica/hpc/esercitazioni/hpc_eserc_03/design/design.sdk/design_1_wrapper_hw_platform_0/system.hdf -mem-ranges [list {0x40000000 0xbfffffff}]
configparams force-mem-access 1
targets -set -nocase -filter {name =~"APU*" && jtag_cable_name =~ "Digilent Zed 210248A274C8"} -index 0
stop
ps7_init
ps7_post_config
targets -set -nocase -filter {name =~ "ARM*#0" && jtag_cable_name =~ "Digilent Zed 210248A274C8"} -index 0
rst -processor
targets -set -nocase -filter {name =~ "ARM*#0" && jtag_cable_name =~ "Digilent Zed 210248A274C8"} -index 0
dow /storage/Documenti/Didattica/hpc/esercitazioni/hpc_eserc_03/design/design.sdk/copyMem/Debug/copyMem.elf
configparams force-mem-access 0
----------------End of Script----------------

14:21:10 INFO  : Memory regions updated for context APU
14:21:10 INFO  : Context for processor 'ps7_cortexa9_0' is selected.
14:21:10 INFO  : 'con' command is executed.
14:21:10 INFO  : ----------------XSDB Script (After Launch)----------------
targets -set -nocase -filter {name =~ "ARM*#0" && jtag_cable_name =~ "Digilent Zed 210248A274C8"} -index 0
con
----------------End of Script----------------

14:21:10 INFO  : Launch script is exported to file '/storage/Documenti/Didattica/hpc/esercitazioni/hpc_eserc_03/design/design.sdk/.sdk/launch_scripts/xilinx_c-c++_application_(system_debugger)/system_debugger_using_debug_copymem.elf_on_local.tcl'
14:23:32 INFO  : Disconnected from the channel tcfchan#5.
14:23:33 INFO  : 'targets -set -filter {jtag_cable_name =~ "Digilent Zed 210248A274C8" && level==0} -index 1' command is executed.
14:23:33 INFO  : 'fpga -state' command is executed.
14:23:33 INFO  : Connected to target on host '127.0.0.1' and port '3121'.
14:23:33 INFO  : Jtag cable 'Digilent Zed 210248A274C8' is selected.
14:23:33 INFO  : 'jtag frequency' command is executed.
14:23:33 INFO  : Sourcing of '/storage/Documenti/Didattica/hpc/esercitazioni/hpc_eserc_03/design/design.sdk/design_1_wrapper_hw_platform_0/ps7_init.tcl' is done.
14:23:33 INFO  : Context for 'APU' is selected.
14:23:35 INFO  : Hardware design information is loaded from '/storage/Documenti/Didattica/hpc/esercitazioni/hpc_eserc_03/design/design.sdk/design_1_wrapper_hw_platform_0/system.hdf'.
14:23:35 INFO  : 'configparams force-mem-access 1' command is executed.
14:23:35 INFO  : Context for 'APU' is selected.
14:23:35 INFO  : 'stop' command is executed.
14:23:36 INFO  : 'ps7_init' command is executed.
14:23:36 INFO  : 'ps7_post_config' command is executed.
14:23:36 INFO  : Context for processor 'ps7_cortexa9_0' is selected.
14:23:36 INFO  : Processor reset is completed for 'ps7_cortexa9_0'.
14:23:36 INFO  : Context for processor 'ps7_cortexa9_0' is selected.
14:23:36 INFO  : The application '/storage/Documenti/Didattica/hpc/esercitazioni/hpc_eserc_03/design/design.sdk/copyMem/Debug/copyMem.elf' is downloaded to processor 'ps7_cortexa9_0'.
14:23:36 INFO  : 'configparams force-mem-access 0' command is executed.
14:23:36 INFO  : ----------------XSDB Script----------------
connect -url tcp:127.0.0.1:3121
source /storage/Documenti/Didattica/hpc/esercitazioni/hpc_eserc_03/design/design.sdk/design_1_wrapper_hw_platform_0/ps7_init.tcl
targets -set -nocase -filter {name =~"APU*" && jtag_cable_name =~ "Digilent Zed 210248A274C8"} -index 0
loadhw -hw /storage/Documenti/Didattica/hpc/esercitazioni/hpc_eserc_03/design/design.sdk/design_1_wrapper_hw_platform_0/system.hdf -mem-ranges [list {0x40000000 0xbfffffff}]
configparams force-mem-access 1
targets -set -nocase -filter {name =~"APU*" && jtag_cable_name =~ "Digilent Zed 210248A274C8"} -index 0
stop
ps7_init
ps7_post_config
targets -set -nocase -filter {name =~ "ARM*#0" && jtag_cable_name =~ "Digilent Zed 210248A274C8"} -index 0
rst -processor
targets -set -nocase -filter {name =~ "ARM*#0" && jtag_cable_name =~ "Digilent Zed 210248A274C8"} -index 0
dow /storage/Documenti/Didattica/hpc/esercitazioni/hpc_eserc_03/design/design.sdk/copyMem/Debug/copyMem.elf
configparams force-mem-access 0
----------------End of Script----------------

14:23:36 INFO  : Memory regions updated for context APU
14:23:36 INFO  : Context for processor 'ps7_cortexa9_0' is selected.
14:23:36 INFO  : 'con' command is executed.
14:23:36 INFO  : ----------------XSDB Script (After Launch)----------------
targets -set -nocase -filter {name =~ "ARM*#0" && jtag_cable_name =~ "Digilent Zed 210248A274C8"} -index 0
con
----------------End of Script----------------

14:23:36 INFO  : Launch script is exported to file '/storage/Documenti/Didattica/hpc/esercitazioni/hpc_eserc_03/design/design.sdk/.sdk/launch_scripts/xilinx_c-c++_application_(system_debugger)/system_debugger_using_debug_copymem.elf_on_local.tcl'
14:23:46 INFO  : Disconnected from the channel tcfchan#6.
14:23:47 INFO  : 'targets -set -filter {jtag_cable_name =~ "Digilent Zed 210248A274C8" && level==0} -index 1' command is executed.
14:23:47 INFO  : 'fpga -state' command is executed.
14:23:47 INFO  : Connected to target on host '127.0.0.1' and port '3121'.
14:23:47 INFO  : Jtag cable 'Digilent Zed 210248A274C8' is selected.
14:23:47 INFO  : 'jtag frequency' command is executed.
14:23:47 INFO  : Sourcing of '/storage/Documenti/Didattica/hpc/esercitazioni/hpc_eserc_03/design/design.sdk/design_1_wrapper_hw_platform_0/ps7_init.tcl' is done.
14:23:47 INFO  : Context for 'APU' is selected.
14:23:49 INFO  : Hardware design information is loaded from '/storage/Documenti/Didattica/hpc/esercitazioni/hpc_eserc_03/design/design.sdk/design_1_wrapper_hw_platform_0/system.hdf'.
14:23:49 INFO  : 'configparams force-mem-access 1' command is executed.
14:23:49 INFO  : Context for 'APU' is selected.
14:23:49 INFO  : 'stop' command is executed.
14:23:50 INFO  : 'ps7_init' command is executed.
14:23:50 INFO  : 'ps7_post_config' command is executed.
14:23:50 INFO  : Context for processor 'ps7_cortexa9_0' is selected.
14:23:50 INFO  : Processor reset is completed for 'ps7_cortexa9_0'.
14:23:50 INFO  : Context for processor 'ps7_cortexa9_0' is selected.
14:23:50 INFO  : The application '/storage/Documenti/Didattica/hpc/esercitazioni/hpc_eserc_03/design/design.sdk/copyMem/Debug/copyMem.elf' is downloaded to processor 'ps7_cortexa9_0'.
14:23:50 INFO  : 'configparams force-mem-access 0' command is executed.
14:23:50 INFO  : ----------------XSDB Script----------------
connect -url tcp:127.0.0.1:3121
source /storage/Documenti/Didattica/hpc/esercitazioni/hpc_eserc_03/design/design.sdk/design_1_wrapper_hw_platform_0/ps7_init.tcl
targets -set -nocase -filter {name =~"APU*" && jtag_cable_name =~ "Digilent Zed 210248A274C8"} -index 0
loadhw -hw /storage/Documenti/Didattica/hpc/esercitazioni/hpc_eserc_03/design/design.sdk/design_1_wrapper_hw_platform_0/system.hdf -mem-ranges [list {0x40000000 0xbfffffff}]
configparams force-mem-access 1
targets -set -nocase -filter {name =~"APU*" && jtag_cable_name =~ "Digilent Zed 210248A274C8"} -index 0
stop
ps7_init
ps7_post_config
targets -set -nocase -filter {name =~ "ARM*#0" && jtag_cable_name =~ "Digilent Zed 210248A274C8"} -index 0
rst -processor
targets -set -nocase -filter {name =~ "ARM*#0" && jtag_cable_name =~ "Digilent Zed 210248A274C8"} -index 0
dow /storage/Documenti/Didattica/hpc/esercitazioni/hpc_eserc_03/design/design.sdk/copyMem/Debug/copyMem.elf
configparams force-mem-access 0
----------------End of Script----------------

14:23:50 INFO  : Memory regions updated for context APU
14:23:50 INFO  : Context for processor 'ps7_cortexa9_0' is selected.
14:23:50 INFO  : 'con' command is executed.
14:23:50 INFO  : ----------------XSDB Script (After Launch)----------------
targets -set -nocase -filter {name =~ "ARM*#0" && jtag_cable_name =~ "Digilent Zed 210248A274C8"} -index 0
con
----------------End of Script----------------

14:23:50 INFO  : Launch script is exported to file '/storage/Documenti/Didattica/hpc/esercitazioni/hpc_eserc_03/design/design.sdk/.sdk/launch_scripts/xilinx_c-c++_application_(system_debugger)/system_debugger_using_debug_copymem.elf_on_local.tcl'
14:24:29 INFO  : Disconnected from the channel tcfchan#7.
14:24:30 INFO  : 'targets -set -filter {jtag_cable_name =~ "Digilent Zed 210248A274C8" && level==0} -index 1' command is executed.
14:24:31 INFO  : 'fpga -state' command is executed.
14:24:31 INFO  : Connected to target on host '127.0.0.1' and port '3121'.
14:24:31 INFO  : Jtag cable 'Digilent Zed 210248A274C8' is selected.
14:24:31 INFO  : 'jtag frequency' command is executed.
14:24:31 INFO  : Sourcing of '/storage/Documenti/Didattica/hpc/esercitazioni/hpc_eserc_03/design/design.sdk/design_1_wrapper_hw_platform_0/ps7_init.tcl' is done.
14:24:31 INFO  : Context for 'APU' is selected.
14:24:32 INFO  : Hardware design information is loaded from '/storage/Documenti/Didattica/hpc/esercitazioni/hpc_eserc_03/design/design.sdk/design_1_wrapper_hw_platform_0/system.hdf'.
14:24:32 INFO  : 'configparams force-mem-access 1' command is executed.
14:24:32 INFO  : Context for 'APU' is selected.
14:24:32 INFO  : 'stop' command is executed.
14:24:33 INFO  : 'ps7_init' command is executed.
14:24:33 INFO  : 'ps7_post_config' command is executed.
14:24:33 INFO  : Context for processor 'ps7_cortexa9_0' is selected.
14:24:33 INFO  : Processor reset is completed for 'ps7_cortexa9_0'.
14:24:33 INFO  : Context for processor 'ps7_cortexa9_0' is selected.
14:24:33 INFO  : The application '/storage/Documenti/Didattica/hpc/esercitazioni/hpc_eserc_03/design/design.sdk/copyMem/Debug/copyMem.elf' is downloaded to processor 'ps7_cortexa9_0'.
14:24:33 INFO  : 'configparams force-mem-access 0' command is executed.
14:24:33 INFO  : ----------------XSDB Script----------------
connect -url tcp:127.0.0.1:3121
source /storage/Documenti/Didattica/hpc/esercitazioni/hpc_eserc_03/design/design.sdk/design_1_wrapper_hw_platform_0/ps7_init.tcl
targets -set -nocase -filter {name =~"APU*" && jtag_cable_name =~ "Digilent Zed 210248A274C8"} -index 0
loadhw -hw /storage/Documenti/Didattica/hpc/esercitazioni/hpc_eserc_03/design/design.sdk/design_1_wrapper_hw_platform_0/system.hdf -mem-ranges [list {0x40000000 0xbfffffff}]
configparams force-mem-access 1
targets -set -nocase -filter {name =~"APU*" && jtag_cable_name =~ "Digilent Zed 210248A274C8"} -index 0
stop
ps7_init
ps7_post_config
targets -set -nocase -filter {name =~ "ARM*#0" && jtag_cable_name =~ "Digilent Zed 210248A274C8"} -index 0
rst -processor
targets -set -nocase -filter {name =~ "ARM*#0" && jtag_cable_name =~ "Digilent Zed 210248A274C8"} -index 0
dow /storage/Documenti/Didattica/hpc/esercitazioni/hpc_eserc_03/design/design.sdk/copyMem/Debug/copyMem.elf
configparams force-mem-access 0
----------------End of Script----------------

14:24:33 INFO  : Memory regions updated for context APU
14:24:33 INFO  : Context for processor 'ps7_cortexa9_0' is selected.
14:24:33 INFO  : 'con' command is executed.
14:24:33 INFO  : ----------------XSDB Script (After Launch)----------------
targets -set -nocase -filter {name =~ "ARM*#0" && jtag_cable_name =~ "Digilent Zed 210248A274C8"} -index 0
con
----------------End of Script----------------

14:24:33 INFO  : Launch script is exported to file '/storage/Documenti/Didattica/hpc/esercitazioni/hpc_eserc_03/design/design.sdk/.sdk/launch_scripts/xilinx_c-c++_application_(system_debugger)/system_debugger_using_debug_copymem.elf_on_local.tcl'
14:25:15 INFO  : Disconnected from the channel tcfchan#8.
17:36:38 INFO  : Registering command handlers for SDK TCF services
17:36:43 INFO  : Launching XSCT server: xsct -n -interactive /storage/Documenti/Didattica/hpc/esercitazioni/hpc_eserc_03/design/design.sdk/temp_xsdb_launch_script.tcl
17:36:50 INFO  : XSCT server has started successfully.
17:36:50 INFO  : Successfully done setting XSCT server connection channel  
17:37:01 INFO  : Successfully done setting SDK workspace  
17:37:01 INFO  : Processing command line option -hwspec /storage/Documenti/Didattica/hpc/esercitazioni/hpc_eserc_03/design/design.sdk/design_1_wrapper.hdf.
17:37:01 INFO  : Checking for hwspec changes in the project design_1_wrapper_hw_platform_0.
17:38:15 INFO  : Connected to target on host '127.0.0.1' and port '3121'.
17:38:16 INFO  : 'targets -set -filter {jtag_cable_name =~ "Digilent Zed 210248A274C8" && level==0} -index 1' command is executed.
17:38:18 INFO  : FPGA configured successfully with bitstream "/storage/Documenti/Didattica/hpc/esercitazioni/hpc_eserc_03/design/design.sdk/design_1_wrapper_hw_platform_0/design_1_wrapper.bit"
17:38:30 INFO  : 'targets -set -filter {jtag_cable_name =~ "Digilent Zed 210248A274C8" && level==0} -index 1' command is executed.
17:38:30 INFO  : 'fpga -state' command is executed.
17:38:30 INFO  : Connected to target on host '127.0.0.1' and port '3121'.
17:38:30 INFO  : Jtag cable 'Digilent Zed 210248A274C8' is selected.
17:38:30 INFO  : 'jtag frequency' command is executed.
17:38:30 INFO  : Sourcing of '/storage/Documenti/Didattica/hpc/esercitazioni/hpc_eserc_03/design/design.sdk/design_1_wrapper_hw_platform_0/ps7_init.tcl' is done.
17:38:30 INFO  : Context for 'APU' is selected.
17:38:30 INFO  : Hardware design information is loaded from '/storage/Documenti/Didattica/hpc/esercitazioni/hpc_eserc_03/design/design.sdk/design_1_wrapper_hw_platform_0/system.hdf'.
17:38:30 INFO  : 'configparams force-mem-access 1' command is executed.
17:38:30 INFO  : Context for 'APU' is selected.
17:38:30 INFO  : 'stop' command is executed.
17:38:31 INFO  : 'ps7_init' command is executed.
17:38:31 INFO  : 'ps7_post_config' command is executed.
17:38:31 INFO  : Context for processor 'ps7_cortexa9_0' is selected.
17:38:31 INFO  : Processor reset is completed for 'ps7_cortexa9_0'.
17:38:31 INFO  : Context for processor 'ps7_cortexa9_0' is selected.
17:38:31 INFO  : The application '/storage/Documenti/Didattica/hpc/esercitazioni/hpc_eserc_03/design/design.sdk/copyMem/Debug/copyMem.elf' is downloaded to processor 'ps7_cortexa9_0'.
17:38:31 INFO  : 'configparams force-mem-access 0' command is executed.
17:38:31 INFO  : ----------------XSDB Script----------------
connect -url tcp:127.0.0.1:3121
source /storage/Documenti/Didattica/hpc/esercitazioni/hpc_eserc_03/design/design.sdk/design_1_wrapper_hw_platform_0/ps7_init.tcl
targets -set -nocase -filter {name =~"APU*" && jtag_cable_name =~ "Digilent Zed 210248A274C8"} -index 0
loadhw -hw /storage/Documenti/Didattica/hpc/esercitazioni/hpc_eserc_03/design/design.sdk/design_1_wrapper_hw_platform_0/system.hdf -mem-ranges [list {0x40000000 0xbfffffff}]
configparams force-mem-access 1
targets -set -nocase -filter {name =~"APU*" && jtag_cable_name =~ "Digilent Zed 210248A274C8"} -index 0
stop
ps7_init
ps7_post_config
targets -set -nocase -filter {name =~ "ARM*#0" && jtag_cable_name =~ "Digilent Zed 210248A274C8"} -index 0
rst -processor
targets -set -nocase -filter {name =~ "ARM*#0" && jtag_cable_name =~ "Digilent Zed 210248A274C8"} -index 0
dow /storage/Documenti/Didattica/hpc/esercitazioni/hpc_eserc_03/design/design.sdk/copyMem/Debug/copyMem.elf
configparams force-mem-access 0
----------------End of Script----------------

17:38:31 INFO  : Memory regions updated for context APU
17:38:31 INFO  : Context for processor 'ps7_cortexa9_0' is selected.
17:38:31 INFO  : 'con' command is executed.
17:38:31 INFO  : ----------------XSDB Script (After Launch)----------------
targets -set -nocase -filter {name =~ "ARM*#0" && jtag_cable_name =~ "Digilent Zed 210248A274C8"} -index 0
con
----------------End of Script----------------

17:38:31 INFO  : Launch script is exported to file '/storage/Documenti/Didattica/hpc/esercitazioni/hpc_eserc_03/design/design.sdk/.sdk/launch_scripts/xilinx_c-c++_application_(system_debugger)/system_debugger_using_debug_copymem.elf_on_local.tcl'
17:44:39 INFO  : Disconnected from the channel tcfchan#1.
14:19:56 INFO  : Registering command handlers for SDK TCF services
14:19:57 INFO  : Launching XSCT server: xsct -n -interactive /storage/Documenti/Didattica/hpc/esercitazioni/hpc_eserc_03/design/design.sdk/temp_xsdb_launch_script.tcl
14:20:03 INFO  : XSCT server has started successfully.
14:20:03 INFO  : Successfully done setting XSCT server connection channel  
14:20:13 INFO  : Successfully done setting SDK workspace  
14:20:13 INFO  : Processing command line option -hwspec /storage/Documenti/Didattica/hpc/esercitazioni/hpc_eserc_03/design/design.sdk/design_1_wrapper.hdf.
14:20:13 INFO  : Checking for hwspec changes in the project design_1_wrapper_hw_platform_0.
18:08:09 ERROR : (XSDB Server)Chiusura

