

================================================================
== Vivado HLS Report for 'counter'
================================================================
* Date:           Fri Apr 26 12:18:46 2019

* Version:        2018.2 (Build 2258646 on Thu Jun 14 20:25:20 MDT 2018)
* Project:        hls
* Solution:       solution1
* Product family: zynq
* Target device:  xc7z020clg484-1


================================================================
== Performance Estimates
================================================================
+ Timing (ns): 
    * Summary: 
    +--------+-------+----------+------------+
    |  Clock | Target| Estimated| Uncertainty|
    +--------+-------+----------+------------+
    |ap_clk  |  10.00|     4.321|        1.25|
    +--------+-------+----------+------------+

+ Latency (clock cycles): 
    * Summary: 
    +-----+-----+-----+-----+---------+
    |  Latency  |  Interval | Pipeline|
    | min | max | min | max |   Type  |
    +-----+-----+-----+-----+---------+
    |    ?|    ?|    ?|    ?|   none  |
    +-----+-----+-----+-----+---------+

    + Detail: 
        * Instance: 
        N/A

        * Loop: 
        +----------+-----+-----+----------+-----------+-----------+------+----------+
        |          |  Latency  | Iteration|  Initiation Interval  | Trip |          |
        | Loop Name| min | max |  Latency |  achieved |   target  | Count| Pipelined|
        +----------+-----+-----+----------+-----------+-----------+------+----------+
        |- Loop 1  |    ?|    ?|         2|          -|          -|     ?|    no    |
        +----------+-----+-----+----------+-----------+-----------+------+----------+



================================================================
== Utilization Estimates
================================================================
* Summary: 
+-----------------+---------+-------+--------+-------+
|       Name      | BRAM_18K| DSP48E|   FF   |  LUT  |
+-----------------+---------+-------+--------+-------+
|DSP              |        -|      -|       -|      -|
|Expression       |        -|      -|       0|     59|
|FIFO             |        -|      -|       -|      -|
|Instance         |        -|      -|       -|      -|
|Memory           |        -|      -|       -|      -|
|Multiplexer      |        -|      -|       -|     30|
|Register         |        -|      -|      68|      -|
+-----------------+---------+-------+--------+-------+
|Total            |        0|      0|      68|     89|
+-----------------+---------+-------+--------+-------+
|Available        |      280|    220|  106400|  53200|
+-----------------+---------+-------+--------+-------+
|Utilization (%)  |        0|      0|   ~0   |   ~0  |
+-----------------+---------+-------+--------+-------+

+ Detail: 
    * Instance: 
    N/A

    * DSP48: 
    N/A

    * Memory: 
    N/A

    * FIFO: 
    N/A

    * Expression: 
    +-----------------------+----------+-------+---+----+------------+------------+
    |     Variable Name     | Operation| DSP48E| FF| LUT| Bitwidth P0| Bitwidth P1|
    +-----------------------+----------+-------+---+----+------------+------------+
    |temp_count_1_fu_84_p2  |     +    |      0|  0|  39|          32|           1|
    |tmp_fu_61_p2           |   icmp   |      0|  0|  18|          32|          32|
    |led_out                |    xor   |      0|  0|   2|           1|           2|
    +-----------------------+----------+-------+---+----+------------+------------+
    |Total                  |          |      0|  0|  59|          65|          35|
    +-----------------------+----------+-------+---+----+------------+------------+

    * Multiplexer: 
    +------------------+----+-----------+-----+-----------+
    |       Name       | LUT| Input Size| Bits| Total Bits|
    +------------------+----+-----------+-----+-----------+
    |ap_NS_fsm         |  21|          4|    1|          4|
    |temp_count_fu_28  |   9|          2|   32|         64|
    +------------------+----+-----------+-----+-----------+
    |Total             |  30|          6|   33|         68|
    +------------------+----+-----------+-----+-----------+

    * Register: 
    +--------------------+----+----+-----+-----------+
    |        Name        | FF | LUT| Bits| Const Bits|
    +--------------------+----+----+-----+-----------+
    |ap_CS_fsm           |   3|   0|    3|          0|
    |led_status          |   1|   0|    1|          0|
    |range_assign_fu_24  |  32|   0|   32|          0|
    |temp_count_fu_28    |  32|   0|   32|          0|
    +--------------------+----+----+-----+-----------+
    |Total               |  68|   0|   68|          0|
    +--------------------+----+----+-----+-----------+



================================================================
== Interface
================================================================
* Summary: 
+----------------+-----+-----+------------+--------------+--------------+
|    RTL Ports   | Dir | Bits|  Protocol  | Source Object|    C Type    |
+----------------+-----+-----+------------+--------------+--------------+
|ap_clk          |  in |    1| ap_ctrl_hs |    counter   | return value |
|ap_rst          |  in |    1| ap_ctrl_hs |    counter   | return value |
|ap_start        |  in |    1| ap_ctrl_hs |    counter   | return value |
|ap_done         | out |    1| ap_ctrl_hs |    counter   | return value |
|ap_idle         | out |    1| ap_ctrl_hs |    counter   | return value |
|ap_ready        | out |    1| ap_ctrl_hs |    counter   | return value |
|range_r         |  in |   32|   ap_none  |    range_r   |    scalar    |
|led_out         | out |    1|   ap_vld   |    led_out   |    pointer   |
|led_out_ap_vld  | out |    1|   ap_vld   |    led_out   |    pointer   |
+----------------+-----+-----+------------+--------------+--------------+

