13:48:17 INFO  : Registering command handlers for SDK TCF services
13:48:20 INFO  : Launching XSCT server: xsct -n -interactive /storage/Documenti/Didattica/hpc/esercitazioni/hpc_eserc_02/design/design.sdk/temp_xsdb_launch_script.tcl
13:48:28 INFO  : XSCT server has started successfully.
13:48:39 INFO  : Successfully done setting XSCT server connection channel  
13:48:39 INFO  : Successfully done setting SDK workspace  
13:48:39 INFO  : Processing command line option -hwspec /storage/Documenti/Didattica/hpc/esercitazioni/hpc_eserc_02/design/design.sdk/design_1_wrapper.hdf.
15:07:09 INFO  : Launching XSCT server: xsct -n -interactive /storage/Documenti/Didattica/hpc/esercitazioni/hpc_eserc_02/design/design.sdk/temp_xsdb_launch_script.tcl
15:07:17 INFO  : XSCT server has started successfully.
15:07:40 INFO  : Successfully done setting XSCT server connection channel  
15:07:40 INFO  : Successfully done setting SDK workspace  
15:07:43 INFO  : Registering command handlers for SDK TCF services
15:07:47 INFO  : Processing command line option -hwspec /storage/Documenti/Didattica/hpc/esercitazioni/hpc_eserc_02/design/design.sdk/design_1_wrapper.hdf.
15:07:47 INFO  : Checking for hwspec changes in the project design_1_wrapper_hw_platform_0.
13:32:36 INFO  : Registering command handlers for SDK TCF services
13:32:38 INFO  : Launching XSCT server: xsct -n -interactive /storage/Documenti/Didattica/hpc/esercitazioni/hpc_eserc_02/design/design.sdk/temp_xsdb_launch_script.tcl
13:32:46 INFO  : XSCT server has started successfully.
13:32:46 INFO  : Successfully done setting XSCT server connection channel  
13:32:57 INFO  : Successfully done setting SDK workspace  
13:32:57 INFO  : Processing command line option -hwspec /storage/Documenti/Didattica/hpc/esercitazioni/hpc_eserc_02/design/design.sdk/design_1_wrapper.hdf.
13:33:11 INFO  : Checking for hwspec changes in the project design_1_wrapper_hw_platform_0.
13:33:16 INFO  : Connected to target on host '127.0.0.1' and port '3121'.
13:33:16 INFO  : 'targets -set -filter {jtag_cable_name =~ "Digilent Zed 210248A274C8" && level==0} -index 1' command is executed.
13:33:19 INFO  : FPGA configured successfully with bitstream "/storage/Documenti/Didattica/hpc/esercitazioni/hpc_eserc_02/design/design.sdk/design_1_wrapper_hw_platform_0/design_1_wrapper.bit"
13:33:37 INFO  : 'targets -set -filter {jtag_cable_name =~ "Digilent Zed 210248A274C8" && level==0} -index 1' command is executed.
13:33:37 INFO  : 'fpga -state' command is executed.
13:33:37 INFO  : Connected to target on host '127.0.0.1' and port '3121'.
13:33:37 INFO  : Jtag cable 'Digilent Zed 210248A274C8' is selected.
13:33:37 INFO  : 'jtag frequency' command is executed.
13:33:37 INFO  : Sourcing of '/storage/Documenti/Didattica/hpc/esercitazioni/hpc_eserc_02/design/design.sdk/design_1_wrapper_hw_platform_0/ps7_init.tcl' is done.
13:33:37 INFO  : Context for 'APU' is selected.
13:33:37 INFO  : Hardware design information is loaded from '/storage/Documenti/Didattica/hpc/esercitazioni/hpc_eserc_02/design/design.sdk/design_1_wrapper_hw_platform_0/system.hdf'.
13:33:37 INFO  : 'configparams force-mem-access 1' command is executed.
13:33:37 INFO  : Context for 'APU' is selected.
13:33:37 INFO  : 'stop' command is executed.
13:33:38 INFO  : 'ps7_init' command is executed.
13:33:38 INFO  : 'ps7_post_config' command is executed.
13:33:38 INFO  : Context for processor 'ps7_cortexa9_0' is selected.
13:33:38 INFO  : Processor reset is completed for 'ps7_cortexa9_0'.
13:33:38 INFO  : Context for processor 'ps7_cortexa9_0' is selected.
13:33:38 INFO  : The application '/storage/Documenti/Didattica/hpc/esercitazioni/hpc_eserc_02/design/design.sdk/counter/Debug/counter.elf' is downloaded to processor 'ps7_cortexa9_0'.
13:33:38 INFO  : 'configparams force-mem-access 0' command is executed.
13:33:38 INFO  : ----------------XSDB Script----------------
connect -url tcp:127.0.0.1:3121
source /storage/Documenti/Didattica/hpc/esercitazioni/hpc_eserc_02/design/design.sdk/design_1_wrapper_hw_platform_0/ps7_init.tcl
targets -set -nocase -filter {name =~"APU*" && jtag_cable_name =~ "Digilent Zed 210248A274C8"} -index 0
loadhw -hw /storage/Documenti/Didattica/hpc/esercitazioni/hpc_eserc_02/design/design.sdk/design_1_wrapper_hw_platform_0/system.hdf -mem-ranges [list {0x40000000 0xbfffffff}]
configparams force-mem-access 1
targets -set -nocase -filter {name =~"APU*" && jtag_cable_name =~ "Digilent Zed 210248A274C8"} -index 0
stop
ps7_init
ps7_post_config
targets -set -nocase -filter {name =~ "ARM*#0" && jtag_cable_name =~ "Digilent Zed 210248A274C8"} -index 0
rst -processor
targets -set -nocase -filter {name =~ "ARM*#0" && jtag_cable_name =~ "Digilent Zed 210248A274C8"} -index 0
dow /storage/Documenti/Didattica/hpc/esercitazioni/hpc_eserc_02/design/design.sdk/counter/Debug/counter.elf
configparams force-mem-access 0
----------------End of Script----------------

13:33:39 INFO  : Memory regions updated for context APU
13:33:39 INFO  : Context for processor 'ps7_cortexa9_0' is selected.
13:33:39 INFO  : 'con' command is executed.
13:33:39 INFO  : ----------------XSDB Script (After Launch)----------------
targets -set -nocase -filter {name =~ "ARM*#0" && jtag_cable_name =~ "Digilent Zed 210248A274C8"} -index 0
con
----------------End of Script----------------

13:33:39 INFO  : Launch script is exported to file '/storage/Documenti/Didattica/hpc/esercitazioni/hpc_eserc_02/design/design.sdk/.sdk/launch_scripts/xilinx_c-c++_application_(system_debugger)/system_debugger_using_debug_counter.elf_on_local.tcl'
13:34:00 INFO  : Disconnected from the channel tcfchan#1.
13:34:02 INFO  : 'targets -set -filter {jtag_cable_name =~ "Digilent Zed 210248A274C8" && level==0} -index 1' command is executed.
13:34:02 INFO  : 'fpga -state' command is executed.
13:34:02 INFO  : Connected to target on host '127.0.0.1' and port '3121'.
13:34:02 INFO  : Jtag cable 'Digilent Zed 210248A274C8' is selected.
13:34:02 INFO  : 'jtag frequency' command is executed.
13:34:02 INFO  : Sourcing of '/storage/Documenti/Didattica/hpc/esercitazioni/hpc_eserc_02/design/design.sdk/design_1_wrapper_hw_platform_0/ps7_init.tcl' is done.
13:34:02 INFO  : Context for 'APU' is selected.
13:34:04 INFO  : Hardware design information is loaded from '/storage/Documenti/Didattica/hpc/esercitazioni/hpc_eserc_02/design/design.sdk/design_1_wrapper_hw_platform_0/system.hdf'.
13:34:04 INFO  : 'configparams force-mem-access 1' command is executed.
13:34:04 INFO  : Context for 'APU' is selected.
13:34:04 INFO  : 'stop' command is executed.
13:34:04 INFO  : 'ps7_init' command is executed.
13:34:04 INFO  : 'ps7_post_config' command is executed.
13:34:04 INFO  : Context for processor 'ps7_cortexa9_0' is selected.
13:34:04 INFO  : Processor reset is completed for 'ps7_cortexa9_0'.
13:34:04 INFO  : Context for processor 'ps7_cortexa9_0' is selected.
13:34:04 INFO  : The application '/storage/Documenti/Didattica/hpc/esercitazioni/hpc_eserc_02/design/design.sdk/counter/Debug/counter.elf' is downloaded to processor 'ps7_cortexa9_0'.
13:34:04 INFO  : 'configparams force-mem-access 0' command is executed.
13:34:04 INFO  : ----------------XSDB Script----------------
connect -url tcp:127.0.0.1:3121
source /storage/Documenti/Didattica/hpc/esercitazioni/hpc_eserc_02/design/design.sdk/design_1_wrapper_hw_platform_0/ps7_init.tcl
targets -set -nocase -filter {name =~"APU*" && jtag_cable_name =~ "Digilent Zed 210248A274C8"} -index 0
loadhw -hw /storage/Documenti/Didattica/hpc/esercitazioni/hpc_eserc_02/design/design.sdk/design_1_wrapper_hw_platform_0/system.hdf -mem-ranges [list {0x40000000 0xbfffffff}]
configparams force-mem-access 1
targets -set -nocase -filter {name =~"APU*" && jtag_cable_name =~ "Digilent Zed 210248A274C8"} -index 0
stop
ps7_init
ps7_post_config
targets -set -nocase -filter {name =~ "ARM*#0" && jtag_cable_name =~ "Digilent Zed 210248A274C8"} -index 0
rst -processor
targets -set -nocase -filter {name =~ "ARM*#0" && jtag_cable_name =~ "Digilent Zed 210248A274C8"} -index 0
dow /storage/Documenti/Didattica/hpc/esercitazioni/hpc_eserc_02/design/design.sdk/counter/Debug/counter.elf
configparams force-mem-access 0
----------------End of Script----------------

13:34:04 INFO  : Memory regions updated for context APU
13:34:05 INFO  : Context for processor 'ps7_cortexa9_0' is selected.
13:34:05 INFO  : 'con' command is executed.
13:34:05 INFO  : ----------------XSDB Script (After Launch)----------------
targets -set -nocase -filter {name =~ "ARM*#0" && jtag_cable_name =~ "Digilent Zed 210248A274C8"} -index 0
con
----------------End of Script----------------

13:34:05 INFO  : Launch script is exported to file '/storage/Documenti/Didattica/hpc/esercitazioni/hpc_eserc_02/design/design.sdk/.sdk/launch_scripts/xilinx_c-c++_application_(system_debugger)/system_debugger_using_debug_counter.elf_on_local.tcl'
13:34:24 INFO  : Disconnected from the channel tcfchan#2.
15:52:39 INFO  : Registering command handlers for SDK TCF services
15:52:41 INFO  : Launching XSCT server: xsct -n -interactive /storage/Documenti/Didattica/hpc/esercitazioni/hpc_eserc_02/design/design.sdk/temp_xsdb_launch_script.tcl
15:52:47 INFO  : XSCT server has started successfully.
15:52:47 INFO  : Successfully done setting XSCT server connection channel  
15:52:57 INFO  : Successfully done setting SDK workspace  
15:52:57 INFO  : Processing command line option -hwspec /storage/Documenti/Didattica/hpc/esercitazioni/hpc_eserc_02/design/design.sdk/design_1_wrapper.hdf.
15:52:57 INFO  : Checking for hwspec changes in the project design_1_wrapper_hw_platform_0.
